[Thu, 23 Apr 15 16:22:50 +0800][ERROR] Dispatcher has detected a cyclic routing causing stability problems
[Thu, 23 Apr 15 16:22:50 +0800][ERROR] Code:1
[Thu, 23 Apr 15 16:22:50 +0800][ERROR] File:D:\wamp\apache\htdocs\phalconcms\public\index.php
[Thu, 23 Apr 15 16:22:50 +0800][ERROR] Line:84
[Thu, 23 Apr 15 16:22:50 +0800][ERROR] Dispatcher has detected a cyclic routing causing stability problems
[Thu, 23 Apr 15 16:22:50 +0800][ERROR] Code:1
[Thu, 23 Apr 15 16:22:50 +0800][ERROR] File:D:\wamp\apache\htdocs\phalconcms\public\index.php
[Thu, 23 Apr 15 16:22:50 +0800][ERROR] Line:84
[Thu, 23 Apr 15 16:24:19 +0800][ERROR] Multiple\Frontend\Controllers\AssetsController handler class cannot be loaded
[Thu, 23 Apr 15 16:24:19 +0800][ERROR] Code:2
[Thu, 23 Apr 15 16:24:19 +0800][ERROR] File:D:\wamp\apache\htdocs\phalconcms\public\index.php
[Thu, 23 Apr 15 16:24:19 +0800][ERROR] Line:84
[Thu, 23 Apr 15 16:35:28 +0800][ERROR] Multiple\Frontend\Controllers\AssetsController handler class cannot be loaded
[Thu, 23 Apr 15 16:35:28 +0800][ERROR] Code:2
[Thu, 23 Apr 15 16:35:28 +0800][ERROR] File:D:\wamp\apache\htdocs\phalconcms\public\index.php
[Thu, 23 Apr 15 16:35:28 +0800][ERROR] Line:84
[Thu, 23 Apr 15 16:52:56 +0800][ERROR] Multiple\Frontend\Controllers\AssetsController handler class cannot be loaded
[Thu, 23 Apr 15 16:52:56 +0800][ERROR] Code:2
[Thu, 23 Apr 15 16:52:56 +0800][ERROR] File:D:\wamp\apache\htdocs\phalconcms\public\index.php
[Thu, 23 Apr 15 16:52:56 +0800][ERROR] Line:84
[Thu, 23 Apr 15 16:54:58 +0800][ERROR] Multiple\Frontend\Controllers\AssetsController handler class cannot be loaded
[Thu, 23 Apr 15 16:54:58 +0800][ERROR] Code:2
[Thu, 23 Apr 15 16:54:58 +0800][ERROR] File:D:\wamp\apache\htdocs\phalconcms\public\index.php
[Thu, 23 Apr 15 16:54:58 +0800][ERROR] Line:84
[Thu, 23 Apr 15 16:57:36 +0800][ERROR] Multiple\Frontend\Controllers\AssetsController handler class cannot be loaded
[Thu, 23 Apr 15 16:57:36 +0800][ERROR] Code:2
[Thu, 23 Apr 15 16:57:36 +0800][ERROR] File:D:\wamp\apache\htdocs\phalconcms\public\index.php
[Thu, 23 Apr 15 16:57:36 +0800][ERROR] Line:84
