[Tue, 21 Apr 15 10:30:50 +0800][ERROR] Multiple\Backend\Controllers\ConfigController handler class cannot be loaded
[Tue, 21 Apr 15 10:30:50 +0800][ERROR] Code:2
[Tue, 21 Apr 15 10:30:50 +0800][ERROR] File:D:\wamp\apache\htdocs\phalconcms\public\index.php
[Tue, 21 Apr 15 10:30:50 +0800][ERROR] Line:84
[Tue, 21 Apr 15 10:30:50 +0800][ERROR] Multiple\Frontend\Controllers\AssetsController handler class cannot be loaded
[Tue, 21 Apr 15 10:30:50 +0800][ERROR] Code:2
[Tue, 21 Apr 15 10:30:50 +0800][ERROR] File:D:\wamp\apache\htdocs\phalconcms\public\index.php
[Tue, 21 Apr 15 10:30:50 +0800][ERROR] Line:84
[Tue, 21 Apr 15 10:31:45 +0800][ERROR] Multiple\Frontend\Controllers\AssetsController handler class cannot be loaded
[Tue, 21 Apr 15 10:31:45 +0800][ERROR] Code:2
[Tue, 21 Apr 15 10:31:45 +0800][ERROR] File:D:\wamp\apache\htdocs\phalconcms\public\index.php
[Tue, 21 Apr 15 10:31:45 +0800][ERROR] Line:84
[Tue, 21 Apr 15 14:59:38 +0800][ERROR] Multiple\Frontend\Controllers\AssetsController handler class cannot be loaded
[Tue, 21 Apr 15 14:59:38 +0800][ERROR] Code:2
[Tue, 21 Apr 15 14:59:38 +0800][ERROR] File:D:\wamp\apache\htdocs\phalconcms\public\index.php
[Tue, 21 Apr 15 14:59:38 +0800][ERROR] Line:84
[Tue, 21 Apr 15 15:20:08 +0800][ERROR] Multiple\Frontend\Controllers\AssetsController handler class cannot be loaded
[Tue, 21 Apr 15 15:20:08 +0800][ERROR] Code:2
[Tue, 21 Apr 15 15:20:08 +0800][ERROR] File:D:\wamp\apache\htdocs\phalconcms\public\index.php
[Tue, 21 Apr 15 15:20:08 +0800][ERROR] Line:84
[Tue, 21 Apr 15 15:21:27 +0800][ERROR] Multiple\Frontend\Controllers\AssetsController handler class cannot be loaded
[Tue, 21 Apr 15 15:21:27 +0800][ERROR] Code:2
[Tue, 21 Apr 15 15:21:27 +0800][ERROR] File:D:\wamp\apache\htdocs\phalconcms\public\index.php
[Tue, 21 Apr 15 15:21:27 +0800][ERROR] Line:84
[Tue, 21 Apr 15 16:06:27 +0800][ERROR] Multiple\Frontend\Controllers\AssetsController handler class cannot be loaded
[Tue, 21 Apr 15 16:06:27 +0800][ERROR] Code:2
[Tue, 21 Apr 15 16:06:27 +0800][ERROR] File:D:\wamp\apache\htdocs\phalconcms\public\index.php
[Tue, 21 Apr 15 16:06:27 +0800][ERROR] Line:84
[Tue, 21 Apr 15 17:19:24 +0800][ERROR] Dispatcher has detected a cyclic routing causing stability problems
[Tue, 21 Apr 15 17:19:24 +0800][ERROR] Code:1
[Tue, 21 Apr 15 17:19:24 +0800][ERROR] File:D:\wamp\apache\htdocs\phalconcms\public\index.php
[Tue, 21 Apr 15 17:19:24 +0800][ERROR] Line:84
[Tue, 21 Apr 15 17:19:24 +0800][ERROR] Dispatcher has detected a cyclic routing causing stability problems
[Tue, 21 Apr 15 17:19:24 +0800][ERROR] Code:1
[Tue, 21 Apr 15 17:19:24 +0800][ERROR] File:D:\wamp\apache\htdocs\phalconcms\public\index.php
[Tue, 21 Apr 15 17:19:24 +0800][ERROR] Line:84
[Tue, 21 Apr 15 17:30:43 +0800][ERROR] Multiple\Frontend\Controllers\AssetsController handler class cannot be loaded
[Tue, 21 Apr 15 17:30:43 +0800][ERROR] Code:2
[Tue, 21 Apr 15 17:30:43 +0800][ERROR] File:D:\wamp\apache\htdocs\phalconcms\public\index.php
[Tue, 21 Apr 15 17:30:43 +0800][ERROR] Line:84
[Tue, 21 Apr 15 17:31:31 +0800][ERROR] Multiple\Frontend\Controllers\AssetsController handler class cannot be loaded
[Tue, 21 Apr 15 17:31:31 +0800][ERROR] Code:2
[Tue, 21 Apr 15 17:31:31 +0800][ERROR] File:D:\wamp\apache\htdocs\phalconcms\public\index.php
[Tue, 21 Apr 15 17:31:31 +0800][ERROR] Line:84
[Tue, 21 Apr 15 17:32:22 +0800][ERROR] Multiple\Frontend\Controllers\AssetsController handler class cannot be loaded
[Tue, 21 Apr 15 17:32:22 +0800][ERROR] Code:2
[Tue, 21 Apr 15 17:32:22 +0800][ERROR] File:D:\wamp\apache\htdocs\phalconcms\public\index.php
[Tue, 21 Apr 15 17:32:22 +0800][ERROR] Line:84
[Tue, 21 Apr 15 17:40:49 +0800][ERROR] Multiple\Frontend\Controllers\AssetsController handler class cannot be loaded
[Tue, 21 Apr 15 17:40:49 +0800][ERROR] Code:2
[Tue, 21 Apr 15 17:40:49 +0800][ERROR] File:D:\wamp\apache\htdocs\phalconcms\public\index.php
[Tue, 21 Apr 15 17:40:49 +0800][ERROR] Line:84
[Tue, 21 Apr 15 18:07:15 +0800][ERROR] Multiple\Frontend\Controllers\AssetsController handler class cannot be loaded
[Tue, 21 Apr 15 18:07:15 +0800][ERROR] Code:2
[Tue, 21 Apr 15 18:07:15 +0800][ERROR] File:D:\wamp\apache\htdocs\phalconcms\public\index.php
[Tue, 21 Apr 15 18:07:15 +0800][ERROR] Line:84
