[Tue, 21 Apr 15 10:31:40 +0800][INFO] SELECT IF(COUNT(*)>0, 1 , 0) FROM `INFORMATION_SCHEMA`.`TABLES` WHERE `TABLE_NAME`='bingli_config_group'
[Tue, 21 Apr 15 10:31:40 +0800][INFO] DESCRIBE `bingli_config_group`
[Tue, 21 Apr 15 10:31:40 +0800][INFO] SELECT `bingli_config_group`.`id`, `bingli_config_group`.`name`, `bingli_config_group`.`title`, `bingli_config_group`.`sort_order`, `bingli_config_group`.`isshow`, `bingli_config_group`.`system` FROM `bingli_config_group`
[Tue, 21 Apr 15 10:31:45 +0800][INFO] SELECT IF(COUNT(*)>0, 1 , 0) FROM `INFORMATION_SCHEMA`.`TABLES` WHERE `TABLE_NAME`='bingli_config_group'
[Tue, 21 Apr 15 10:31:45 +0800][INFO] DESCRIBE `bingli_config_group`
[Tue, 21 Apr 15 10:31:45 +0800][INFO] SELECT `bingli_config_group`.`id`, `bingli_config_group`.`name`, `bingli_config_group`.`title`, `bingli_config_group`.`sort_order`, `bingli_config_group`.`isshow`, `bingli_config_group`.`system` FROM `bingli_config_group`
[Tue, 21 Apr 15 10:38:44 +0800][INFO] SELECT IF(COUNT(*)>0, 1 , 0) FROM `INFORMATION_SCHEMA`.`TABLES` WHERE `TABLE_NAME`='bingli_config_group'
[Tue, 21 Apr 15 10:38:44 +0800][INFO] DESCRIBE `bingli_config_group`
[Tue, 21 Apr 15 10:38:44 +0800][INFO] SELECT `bingli_config_group`.`id`, `bingli_config_group`.`name`, `bingli_config_group`.`title`, `bingli_config_group`.`sort_order`, `bingli_config_group`.`isshow`, `bingli_config_group`.`system` FROM `bingli_config_group`
[Tue, 21 Apr 15 11:32:40 +0800][INFO] SELECT IF(COUNT(*)>0, 1 , 0) FROM `INFORMATION_SCHEMA`.`TABLES` WHERE `TABLE_NAME`='bingli_config_group'
[Tue, 21 Apr 15 11:32:40 +0800][INFO] DESCRIBE `bingli_config_group`
[Tue, 21 Apr 15 11:32:40 +0800][INFO] SELECT `bingli_config_group`.`id`, `bingli_config_group`.`name`, `bingli_config_group`.`title`, `bingli_config_group`.`sort_order`, `bingli_config_group`.`isshow`, `bingli_config_group`.`system` FROM `bingli_config_group`
[Tue, 21 Apr 15 14:59:35 +0800][INFO] SELECT IF(COUNT(*)>0, 1 , 0) FROM `INFORMATION_SCHEMA`.`TABLES` WHERE `TABLE_NAME`='bingli_user'
[Tue, 21 Apr 15 14:59:35 +0800][INFO] DESCRIBE `bingli_user`
[Tue, 21 Apr 15 14:59:35 +0800][INFO] SELECT `bingli_user`.`id`, `bingli_user`.`username`, `bingli_user`.`password`, `bingli_user`.`encryption`, `bingli_user`.`loginip`, `bingli_user`.`logintime`, `bingli_user`.`sort`, `bingli_user`.`email`, `bingli_user`.`phone`, `bingli_user`.`status`, `bingli_user`.`addtime` FROM `bingli_user` WHERE `bingli_user`.`username` = :0 LIMIT 1
[Tue, 21 Apr 15 14:59:35 +0800][INFO] SELECT `b`.`name` AS `name` FROM `bingli_user_role` AS `a` INNER JOIN `bingli_role` AS `b` ON `a`.`role_id` = `b`.`id` AND `a`.`user_id` = 1 
[Tue, 21 Apr 15 14:59:38 +0800][INFO] SELECT IF(COUNT(*)>0, 1 , 0) FROM `INFORMATION_SCHEMA`.`TABLES` WHERE `TABLE_NAME`='bingli_config'
[Tue, 21 Apr 15 14:59:38 +0800][INFO] DESCRIBE `bingli_config`
[Tue, 21 Apr 15 14:59:38 +0800][INFO] SELECT `bingli_config`.`id`, `bingli_config`.`group_id`, `bingli_config`.`name`, `bingli_config`.`value`, `bingli_config`.`title` FROM `bingli_config`
[Tue, 21 Apr 15 15:00:33 +0800][INFO] SELECT IF(COUNT(*)>0, 1 , 0) FROM `INFORMATION_SCHEMA`.`TABLES` WHERE `TABLE_NAME`='bingli_config'
[Tue, 21 Apr 15 15:00:33 +0800][INFO] DESCRIBE `bingli_config`
[Tue, 21 Apr 15 15:00:33 +0800][INFO] SELECT `bingli_config`.`id`, `bingli_config`.`group_id`, `bingli_config`.`name`, `bingli_config`.`value`, `bingli_config`.`title` FROM `bingli_config`
[Tue, 21 Apr 15 15:00:34 +0800][INFO] SELECT IF(COUNT(*)>0, 1 , 0) FROM `INFORMATION_SCHEMA`.`TABLES` WHERE `TABLE_NAME`='bingli_config'
[Tue, 21 Apr 15 15:00:34 +0800][INFO] DESCRIBE `bingli_config`
[Tue, 21 Apr 15 15:00:34 +0800][INFO] SELECT `bingli_config`.`id`, `bingli_config`.`group_id`, `bingli_config`.`name`, `bingli_config`.`value`, `bingli_config`.`title` FROM `bingli_config`
[Tue, 21 Apr 15 15:00:35 +0800][INFO] SELECT IF(COUNT(*)>0, 1 , 0) FROM `INFORMATION_SCHEMA`.`TABLES` WHERE `TABLE_NAME`='bingli_config'
[Tue, 21 Apr 15 15:00:35 +0800][INFO] DESCRIBE `bingli_config`
[Tue, 21 Apr 15 15:00:35 +0800][INFO] SELECT `bingli_config`.`id`, `bingli_config`.`group_id`, `bingli_config`.`name`, `bingli_config`.`value`, `bingli_config`.`title` FROM `bingli_config`
[Tue, 21 Apr 15 15:00:35 +0800][INFO] SELECT IF(COUNT(*)>0, 1 , 0) FROM `INFORMATION_SCHEMA`.`TABLES` WHERE `TABLE_NAME`='bingli_config'
[Tue, 21 Apr 15 15:00:35 +0800][INFO] DESCRIBE `bingli_config`
[Tue, 21 Apr 15 15:00:35 +0800][INFO] SELECT `bingli_config`.`id`, `bingli_config`.`group_id`, `bingli_config`.`name`, `bingli_config`.`value`, `bingli_config`.`title` FROM `bingli_config`
[Tue, 21 Apr 15 15:01:06 +0800][INFO] SELECT IF(COUNT(*)>0, 1 , 0) FROM `INFORMATION_SCHEMA`.`TABLES` WHERE `TABLE_NAME`='bingli_config_group'
[Tue, 21 Apr 15 15:01:06 +0800][INFO] DESCRIBE `bingli_config_group`
[Tue, 21 Apr 15 15:01:06 +0800][INFO] SELECT `bingli_config_group`.`id`, `bingli_config_group`.`name`, `bingli_config_group`.`title`, `bingli_config_group`.`sort_order`, `bingli_config_group`.`isshow`, `bingli_config_group`.`system` FROM `bingli_config_group`
[Tue, 21 Apr 15 15:01:08 +0800][INFO] SELECT IF(COUNT(*)>0, 1 , 0) FROM `INFORMATION_SCHEMA`.`TABLES` WHERE `TABLE_NAME`='bingli_config_group'
[Tue, 21 Apr 15 15:01:08 +0800][INFO] DESCRIBE `bingli_config_group`
[Tue, 21 Apr 15 15:01:08 +0800][INFO] SELECT `bingli_config_group`.`id`, `bingli_config_group`.`name`, `bingli_config_group`.`title`, `bingli_config_group`.`sort_order`, `bingli_config_group`.`isshow`, `bingli_config_group`.`system` FROM `bingli_config_group`
[Tue, 21 Apr 15 15:01:09 +0800][INFO] SELECT IF(COUNT(*)>0, 1 , 0) FROM `INFORMATION_SCHEMA`.`TABLES` WHERE `TABLE_NAME`='bingli_config_group'
[Tue, 21 Apr 15 15:01:09 +0800][INFO] DESCRIBE `bingli_config_group`
[Tue, 21 Apr 15 15:01:09 +0800][INFO] SELECT `bingli_config_group`.`id`, `bingli_config_group`.`name`, `bingli_config_group`.`title`, `bingli_config_group`.`sort_order`, `bingli_config_group`.`isshow`, `bingli_config_group`.`system` FROM `bingli_config_group`
[Tue, 21 Apr 15 15:01:23 +0800][INFO] SELECT IF(COUNT(*)>0, 1 , 0) FROM `INFORMATION_SCHEMA`.`TABLES` WHERE `TABLE_NAME`='bingli_config'
[Tue, 21 Apr 15 15:01:23 +0800][INFO] DESCRIBE `bingli_config`
[Tue, 21 Apr 15 15:01:23 +0800][INFO] SELECT `bingli_config`.`id`, `bingli_config`.`group_id`, `bingli_config`.`name`, `bingli_config`.`value`, `bingli_config`.`title` FROM `bingli_config`
[Tue, 21 Apr 15 15:19:25 +0800][INFO] SELECT IF(COUNT(*)>0, 1 , 0) FROM `INFORMATION_SCHEMA`.`TABLES` WHERE `TABLE_NAME`='bingli_config_group'
[Tue, 21 Apr 15 15:19:25 +0800][INFO] DESCRIBE `bingli_config_group`
[Tue, 21 Apr 15 15:19:25 +0800][INFO] SELECT `bingli_config_group`.`id`, `bingli_config_group`.`name`, `bingli_config_group`.`title`, `bingli_config_group`.`sort_order`, `bingli_config_group`.`isshow`, `bingli_config_group`.`system` FROM `bingli_config_group`
[Tue, 21 Apr 15 15:19:37 +0800][INFO] SELECT COUNT(*) AS `rowcount` FROM `bingli_log`
[Tue, 21 Apr 15 15:19:37 +0800][INFO] SELECT `a`.`addtime` AS `addtime`, `a`.`type` AS `type`, `a`.`info` AS `info`, `a`.`id` AS `id`, `b`.`username` AS `username` FROM `bingli_log` AS `a` LEFT JOIN `bingli_user` AS `b` ON `a`.`user_id` = `b`.`id`  LIMIT 10 OFFSET 0
[Tue, 21 Apr 15 15:20:08 +0800][INFO] SELECT IF(COUNT(*)>0, 1 , 0) FROM `INFORMATION_SCHEMA`.`TABLES` WHERE `TABLE_NAME`='bingli_config_group'
[Tue, 21 Apr 15 15:20:08 +0800][INFO] DESCRIBE `bingli_config_group`
[Tue, 21 Apr 15 15:20:08 +0800][INFO] SELECT `bingli_config_group`.`id`, `bingli_config_group`.`name`, `bingli_config_group`.`title`, `bingli_config_group`.`sort_order`, `bingli_config_group`.`isshow`, `bingli_config_group`.`system` FROM `bingli_config_group`
[Tue, 21 Apr 15 15:20:11 +0800][INFO] SELECT IF(COUNT(*)>0, 1 , 0) FROM `INFORMATION_SCHEMA`.`TABLES` WHERE `TABLE_NAME`='bingli_config_group'
[Tue, 21 Apr 15 15:20:11 +0800][INFO] DESCRIBE `bingli_config_group`
[Tue, 21 Apr 15 15:20:11 +0800][INFO] SELECT `bingli_config_group`.`id`, `bingli_config_group`.`name`, `bingli_config_group`.`title`, `bingli_config_group`.`sort_order`, `bingli_config_group`.`isshow`, `bingli_config_group`.`system` FROM `bingli_config_group`
[Tue, 21 Apr 15 15:20:46 +0800][INFO] SELECT IF(COUNT(*)>0, 1 , 0) FROM `INFORMATION_SCHEMA`.`TABLES` WHERE `TABLE_NAME`='bingli_config_group'
[Tue, 21 Apr 15 15:20:46 +0800][INFO] DESCRIBE `bingli_config_group`
[Tue, 21 Apr 15 15:20:46 +0800][INFO] SELECT `bingli_config_group`.`id`, `bingli_config_group`.`name`, `bingli_config_group`.`title`, `bingli_config_group`.`sort_order`, `bingli_config_group`.`isshow`, `bingli_config_group`.`system` FROM `bingli_config_group`
[Tue, 21 Apr 15 15:20:46 +0800][INFO] SELECT IF(COUNT(*)>0, 1 , 0) FROM `INFORMATION_SCHEMA`.`TABLES` WHERE `TABLE_NAME`='bingli_config'
[Tue, 21 Apr 15 15:20:46 +0800][INFO] DESCRIBE `bingli_config`
[Tue, 21 Apr 15 15:20:46 +0800][INFO] SELECT `bingli_config`.`id`, `bingli_config`.`group_id`, `bingli_config`.`name`, `bingli_config`.`value`, `bingli_config`.`title` FROM `bingli_config` WHERE `bingli_config`.`group_id` = 1
[Tue, 21 Apr 15 15:20:46 +0800][INFO] SELECT `bingli_config`.`id`, `bingli_config`.`group_id`, `bingli_config`.`name`, `bingli_config`.`value`, `bingli_config`.`title` FROM `bingli_config` WHERE `bingli_config`.`group_id` = 2
[Tue, 21 Apr 15 15:21:07 +0800][INFO] SELECT IF(COUNT(*)>0, 1 , 0) FROM `INFORMATION_SCHEMA`.`TABLES` WHERE `TABLE_NAME`='bingli_config_group'
[Tue, 21 Apr 15 15:21:07 +0800][INFO] DESCRIBE `bingli_config_group`
[Tue, 21 Apr 15 15:21:07 +0800][INFO] SELECT `bingli_config_group`.`id`, `bingli_config_group`.`name`, `bingli_config_group`.`title`, `bingli_config_group`.`sort_order`, `bingli_config_group`.`isshow`, `bingli_config_group`.`system` FROM `bingli_config_group`
[Tue, 21 Apr 15 15:21:07 +0800][INFO] SELECT IF(COUNT(*)>0, 1 , 0) FROM `INFORMATION_SCHEMA`.`TABLES` WHERE `TABLE_NAME`='bingli_config'
[Tue, 21 Apr 15 15:21:07 +0800][INFO] DESCRIBE `bingli_config`
[Tue, 21 Apr 15 15:21:07 +0800][INFO] SELECT `bingli_config`.`id`, `bingli_config`.`group_id`, `bingli_config`.`name`, `bingli_config`.`value`, `bingli_config`.`title` FROM `bingli_config` WHERE `bingli_config`.`group_id` = 1
[Tue, 21 Apr 15 15:21:07 +0800][INFO] SELECT `bingli_config`.`id`, `bingli_config`.`group_id`, `bingli_config`.`name`, `bingli_config`.`value`, `bingli_config`.`title` FROM `bingli_config` WHERE `bingli_config`.`group_id` = 2
[Tue, 21 Apr 15 15:21:09 +0800][INFO] SELECT IF(COUNT(*)>0, 1 , 0) FROM `INFORMATION_SCHEMA`.`TABLES` WHERE `TABLE_NAME`='bingli_config_group'
[Tue, 21 Apr 15 15:21:09 +0800][INFO] DESCRIBE `bingli_config_group`
[Tue, 21 Apr 15 15:21:09 +0800][INFO] SELECT `bingli_config_group`.`id`, `bingli_config_group`.`name`, `bingli_config_group`.`title`, `bingli_config_group`.`sort_order`, `bingli_config_group`.`isshow`, `bingli_config_group`.`system` FROM `bingli_config_group`
[Tue, 21 Apr 15 15:21:09 +0800][INFO] SELECT IF(COUNT(*)>0, 1 , 0) FROM `INFORMATION_SCHEMA`.`TABLES` WHERE `TABLE_NAME`='bingli_config'
[Tue, 21 Apr 15 15:21:09 +0800][INFO] DESCRIBE `bingli_config`
[Tue, 21 Apr 15 15:21:09 +0800][INFO] SELECT `bingli_config`.`id`, `bingli_config`.`group_id`, `bingli_config`.`name`, `bingli_config`.`value`, `bingli_config`.`title` FROM `bingli_config` WHERE `bingli_config`.`group_id` = 1
[Tue, 21 Apr 15 15:21:09 +0800][INFO] SELECT `bingli_config`.`id`, `bingli_config`.`group_id`, `bingli_config`.`name`, `bingli_config`.`value`, `bingli_config`.`title` FROM `bingli_config` WHERE `bingli_config`.`group_id` = 2
[Tue, 21 Apr 15 15:21:09 +0800][INFO] SELECT IF(COUNT(*)>0, 1 , 0) FROM `INFORMATION_SCHEMA`.`TABLES` WHERE `TABLE_NAME`='bingli_config_group'
[Tue, 21 Apr 15 15:21:09 +0800][INFO] DESCRIBE `bingli_config_group`
[Tue, 21 Apr 15 15:21:09 +0800][INFO] SELECT `bingli_config_group`.`id`, `bingli_config_group`.`name`, `bingli_config_group`.`title`, `bingli_config_group`.`sort_order`, `bingli_config_group`.`isshow`, `bingli_config_group`.`system` FROM `bingli_config_group`
[Tue, 21 Apr 15 15:21:09 +0800][INFO] SELECT IF(COUNT(*)>0, 1 , 0) FROM `INFORMATION_SCHEMA`.`TABLES` WHERE `TABLE_NAME`='bingli_config'
[Tue, 21 Apr 15 15:21:09 +0800][INFO] DESCRIBE `bingli_config`
[Tue, 21 Apr 15 15:21:09 +0800][INFO] SELECT `bingli_config`.`id`, `bingli_config`.`group_id`, `bingli_config`.`name`, `bingli_config`.`value`, `bingli_config`.`title` FROM `bingli_config` WHERE `bingli_config`.`group_id` = 1
[Tue, 21 Apr 15 15:21:09 +0800][INFO] SELECT `bingli_config`.`id`, `bingli_config`.`group_id`, `bingli_config`.`name`, `bingli_config`.`value`, `bingli_config`.`title` FROM `bingli_config` WHERE `bingli_config`.`group_id` = 2
[Tue, 21 Apr 15 15:21:09 +0800][INFO] SELECT IF(COUNT(*)>0, 1 , 0) FROM `INFORMATION_SCHEMA`.`TABLES` WHERE `TABLE_NAME`='bingli_config_group'
[Tue, 21 Apr 15 15:21:09 +0800][INFO] DESCRIBE `bingli_config_group`
[Tue, 21 Apr 15 15:21:09 +0800][INFO] SELECT `bingli_config_group`.`id`, `bingli_config_group`.`name`, `bingli_config_group`.`title`, `bingli_config_group`.`sort_order`, `bingli_config_group`.`isshow`, `bingli_config_group`.`system` FROM `bingli_config_group`
[Tue, 21 Apr 15 15:21:09 +0800][INFO] SELECT IF(COUNT(*)>0, 1 , 0) FROM `INFORMATION_SCHEMA`.`TABLES` WHERE `TABLE_NAME`='bingli_config'
[Tue, 21 Apr 15 15:21:09 +0800][INFO] DESCRIBE `bingli_config`
[Tue, 21 Apr 15 15:21:09 +0800][INFO] SELECT `bingli_config`.`id`, `bingli_config`.`group_id`, `bingli_config`.`name`, `bingli_config`.`value`, `bingli_config`.`title` FROM `bingli_config` WHERE `bingli_config`.`group_id` = 1
[Tue, 21 Apr 15 15:21:09 +0800][INFO] SELECT `bingli_config`.`id`, `bingli_config`.`group_id`, `bingli_config`.`name`, `bingli_config`.`value`, `bingli_config`.`title` FROM `bingli_config` WHERE `bingli_config`.`group_id` = 2
[Tue, 21 Apr 15 15:21:16 +0800][INFO] SELECT IF(COUNT(*)>0, 1 , 0) FROM `INFORMATION_SCHEMA`.`TABLES` WHERE `TABLE_NAME`='bingli_config_group'
[Tue, 21 Apr 15 15:21:17 +0800][INFO] DESCRIBE `bingli_config_group`
[Tue, 21 Apr 15 15:21:17 +0800][INFO] SELECT `bingli_config_group`.`id`, `bingli_config_group`.`name`, `bingli_config_group`.`title`, `bingli_config_group`.`sort_order`, `bingli_config_group`.`isshow`, `bingli_config_group`.`system` FROM `bingli_config_group`
[Tue, 21 Apr 15 15:21:17 +0800][INFO] SELECT IF(COUNT(*)>0, 1 , 0) FROM `INFORMATION_SCHEMA`.`TABLES` WHERE `TABLE_NAME`='bingli_config'
[Tue, 21 Apr 15 15:21:17 +0800][INFO] DESCRIBE `bingli_config`
[Tue, 21 Apr 15 15:21:17 +0800][INFO] SELECT `bingli_config`.`id`, `bingli_config`.`group_id`, `bingli_config`.`name`, `bingli_config`.`value`, `bingli_config`.`title` FROM `bingli_config` WHERE `bingli_config`.`group_id` = 1
[Tue, 21 Apr 15 15:21:17 +0800][INFO] SELECT `bingli_config`.`id`, `bingli_config`.`group_id`, `bingli_config`.`name`, `bingli_config`.`value`, `bingli_config`.`title` FROM `bingli_config` WHERE `bingli_config`.`group_id` = 2
[Tue, 21 Apr 15 15:21:27 +0800][INFO] SELECT IF(COUNT(*)>0, 1 , 0) FROM `INFORMATION_SCHEMA`.`TABLES` WHERE `TABLE_NAME`='bingli_config_group'
[Tue, 21 Apr 15 15:21:27 +0800][INFO] DESCRIBE `bingli_config_group`
[Tue, 21 Apr 15 15:21:27 +0800][INFO] SELECT `bingli_config_group`.`id`, `bingli_config_group`.`name`, `bingli_config_group`.`title`, `bingli_config_group`.`sort_order`, `bingli_config_group`.`isshow`, `bingli_config_group`.`system` FROM `bingli_config_group`
[Tue, 21 Apr 15 15:21:27 +0800][INFO] SELECT IF(COUNT(*)>0, 1 , 0) FROM `INFORMATION_SCHEMA`.`TABLES` WHERE `TABLE_NAME`='bingli_config'
[Tue, 21 Apr 15 15:21:27 +0800][INFO] DESCRIBE `bingli_config`
[Tue, 21 Apr 15 15:21:27 +0800][INFO] SELECT `bingli_config`.`id`, `bingli_config`.`group_id`, `bingli_config`.`name`, `bingli_config`.`value`, `bingli_config`.`title` FROM `bingli_config` WHERE `bingli_config`.`group_id` = 1
[Tue, 21 Apr 15 15:21:27 +0800][INFO] SELECT `bingli_config`.`id`, `bingli_config`.`group_id`, `bingli_config`.`name`, `bingli_config`.`value`, `bingli_config`.`title` FROM `bingli_config` WHERE `bingli_config`.`group_id` = 2
[Tue, 21 Apr 15 15:21:52 +0800][INFO] SELECT IF(COUNT(*)>0, 1 , 0) FROM `INFORMATION_SCHEMA`.`TABLES` WHERE `TABLE_NAME`='bingli_config_group'
[Tue, 21 Apr 15 15:21:52 +0800][INFO] DESCRIBE `bingli_config_group`
[Tue, 21 Apr 15 15:21:52 +0800][INFO] SELECT `bingli_config_group`.`id`, `bingli_config_group`.`name`, `bingli_config_group`.`title`, `bingli_config_group`.`sort_order`, `bingli_config_group`.`isshow`, `bingli_config_group`.`system` FROM `bingli_config_group`
[Tue, 21 Apr 15 15:21:52 +0800][INFO] SELECT IF(COUNT(*)>0, 1 , 0) FROM `INFORMATION_SCHEMA`.`TABLES` WHERE `TABLE_NAME`='bingli_config'
[Tue, 21 Apr 15 15:21:52 +0800][INFO] DESCRIBE `bingli_config`
[Tue, 21 Apr 15 15:21:52 +0800][INFO] SELECT `bingli_config`.`id`, `bingli_config`.`group_id`, `bingli_config`.`name`, `bingli_config`.`value`, `bingli_config`.`title` FROM `bingli_config` WHERE `bingli_config`.`group_id` = 1
[Tue, 21 Apr 15 15:21:52 +0800][INFO] SELECT `bingli_config`.`id`, `bingli_config`.`group_id`, `bingli_config`.`name`, `bingli_config`.`value`, `bingli_config`.`title` FROM `bingli_config` WHERE `bingli_config`.`group_id` = 2
[Tue, 21 Apr 15 15:21:53 +0800][INFO] SELECT IF(COUNT(*)>0, 1 , 0) FROM `INFORMATION_SCHEMA`.`TABLES` WHERE `TABLE_NAME`='bingli_config_group'
[Tue, 21 Apr 15 15:21:53 +0800][INFO] DESCRIBE `bingli_config_group`
[Tue, 21 Apr 15 15:21:53 +0800][INFO] SELECT `bingli_config_group`.`id`, `bingli_config_group`.`name`, `bingli_config_group`.`title`, `bingli_config_group`.`sort_order`, `bingli_config_group`.`isshow`, `bingli_config_group`.`system` FROM `bingli_config_group`
[Tue, 21 Apr 15 15:21:53 +0800][INFO] SELECT IF(COUNT(*)>0, 1 , 0) FROM `INFORMATION_SCHEMA`.`TABLES` WHERE `TABLE_NAME`='bingli_config'
[Tue, 21 Apr 15 15:21:53 +0800][INFO] DESCRIBE `bingli_config`
[Tue, 21 Apr 15 15:21:53 +0800][INFO] SELECT `bingli_config`.`id`, `bingli_config`.`group_id`, `bingli_config`.`name`, `bingli_config`.`value`, `bingli_config`.`title` FROM `bingli_config` WHERE `bingli_config`.`group_id` = 1
[Tue, 21 Apr 15 15:21:53 +0800][INFO] SELECT `bingli_config`.`id`, `bingli_config`.`group_id`, `bingli_config`.`name`, `bingli_config`.`value`, `bingli_config`.`title` FROM `bingli_config` WHERE `bingli_config`.`group_id` = 2
[Tue, 21 Apr 15 15:22:09 +0800][INFO] SELECT IF(COUNT(*)>0, 1 , 0) FROM `INFORMATION_SCHEMA`.`TABLES` WHERE `TABLE_NAME`='bingli_config_group'
[Tue, 21 Apr 15 15:22:09 +0800][INFO] DESCRIBE `bingli_config_group`
[Tue, 21 Apr 15 15:22:09 +0800][INFO] SELECT `bingli_config_group`.`id`, `bingli_config_group`.`name`, `bingli_config_group`.`title`, `bingli_config_group`.`sort_order`, `bingli_config_group`.`isshow`, `bingli_config_group`.`system` FROM `bingli_config_group`
[Tue, 21 Apr 15 15:22:09 +0800][INFO] SELECT IF(COUNT(*)>0, 1 , 0) FROM `INFORMATION_SCHEMA`.`TABLES` WHERE `TABLE_NAME`='bingli_config'
[Tue, 21 Apr 15 15:22:09 +0800][INFO] DESCRIBE `bingli_config`
[Tue, 21 Apr 15 15:22:09 +0800][INFO] SELECT `bingli_config`.`id`, `bingli_config`.`group_id`, `bingli_config`.`name`, `bingli_config`.`value`, `bingli_config`.`title` FROM `bingli_config` WHERE `bingli_config`.`group_id` = 1
[Tue, 21 Apr 15 15:22:09 +0800][INFO] SELECT `bingli_config`.`id`, `bingli_config`.`group_id`, `bingli_config`.`name`, `bingli_config`.`value`, `bingli_config`.`title` FROM `bingli_config` WHERE `bingli_config`.`group_id` = 2
[Tue, 21 Apr 15 15:22:12 +0800][INFO] SELECT IF(COUNT(*)>0, 1 , 0) FROM `INFORMATION_SCHEMA`.`TABLES` WHERE `TABLE_NAME`='bingli_config_group'
[Tue, 21 Apr 15 15:22:12 +0800][INFO] DESCRIBE `bingli_config_group`
[Tue, 21 Apr 15 15:22:12 +0800][INFO] SELECT `bingli_config_group`.`id`, `bingli_config_group`.`name`, `bingli_config_group`.`title`, `bingli_config_group`.`sort_order`, `bingli_config_group`.`isshow`, `bingli_config_group`.`system` FROM `bingli_config_group`
[Tue, 21 Apr 15 15:22:12 +0800][INFO] SELECT IF(COUNT(*)>0, 1 , 0) FROM `INFORMATION_SCHEMA`.`TABLES` WHERE `TABLE_NAME`='bingli_config'
[Tue, 21 Apr 15 15:22:12 +0800][INFO] DESCRIBE `bingli_config`
[Tue, 21 Apr 15 15:22:12 +0800][INFO] SELECT `bingli_config`.`id`, `bingli_config`.`group_id`, `bingli_config`.`name`, `bingli_config`.`value`, `bingli_config`.`title` FROM `bingli_config` WHERE `bingli_config`.`group_id` = 1
[Tue, 21 Apr 15 15:22:12 +0800][INFO] SELECT `bingli_config`.`id`, `bingli_config`.`group_id`, `bingli_config`.`name`, `bingli_config`.`value`, `bingli_config`.`title` FROM `bingli_config` WHERE `bingli_config`.`group_id` = 2
[Tue, 21 Apr 15 15:23:23 +0800][INFO] SELECT IF(COUNT(*)>0, 1 , 0) FROM `INFORMATION_SCHEMA`.`TABLES` WHERE `TABLE_NAME`='bingli_config_group'
[Tue, 21 Apr 15 15:23:23 +0800][INFO] DESCRIBE `bingli_config_group`
[Tue, 21 Apr 15 15:23:23 +0800][INFO] SELECT `bingli_config_group`.`id`, `bingli_config_group`.`name`, `bingli_config_group`.`title`, `bingli_config_group`.`sort_order`, `bingli_config_group`.`isshow`, `bingli_config_group`.`system` FROM `bingli_config_group`
[Tue, 21 Apr 15 15:23:23 +0800][INFO] SELECT IF(COUNT(*)>0, 1 , 0) FROM `INFORMATION_SCHEMA`.`TABLES` WHERE `TABLE_NAME`='bingli_config'
[Tue, 21 Apr 15 15:23:23 +0800][INFO] DESCRIBE `bingli_config`
[Tue, 21 Apr 15 15:23:23 +0800][INFO] SELECT `bingli_config`.`id`, `bingli_config`.`group_id`, `bingli_config`.`name`, `bingli_config`.`value`, `bingli_config`.`title` FROM `bingli_config` WHERE `bingli_config`.`group_id` = 1
[Tue, 21 Apr 15 15:23:23 +0800][INFO] SELECT `bingli_config`.`id`, `bingli_config`.`group_id`, `bingli_config`.`name`, `bingli_config`.`value`, `bingli_config`.`title` FROM `bingli_config` WHERE `bingli_config`.`group_id` = 2
[Tue, 21 Apr 15 15:23:24 +0800][INFO] SELECT IF(COUNT(*)>0, 1 , 0) FROM `INFORMATION_SCHEMA`.`TABLES` WHERE `TABLE_NAME`='bingli_config_group'
[Tue, 21 Apr 15 15:23:24 +0800][INFO] DESCRIBE `bingli_config_group`
[Tue, 21 Apr 15 15:23:24 +0800][INFO] SELECT `bingli_config_group`.`id`, `bingli_config_group`.`name`, `bingli_config_group`.`title`, `bingli_config_group`.`sort_order`, `bingli_config_group`.`isshow`, `bingli_config_group`.`system` FROM `bingli_config_group`
[Tue, 21 Apr 15 15:23:24 +0800][INFO] SELECT IF(COUNT(*)>0, 1 , 0) FROM `INFORMATION_SCHEMA`.`TABLES` WHERE `TABLE_NAME`='bingli_config'
[Tue, 21 Apr 15 15:23:24 +0800][INFO] DESCRIBE `bingli_config`
[Tue, 21 Apr 15 15:23:24 +0800][INFO] SELECT `bingli_config`.`id`, `bingli_config`.`group_id`, `bingli_config`.`name`, `bingli_config`.`value`, `bingli_config`.`title` FROM `bingli_config` WHERE `bingli_config`.`group_id` = 1
[Tue, 21 Apr 15 15:23:24 +0800][INFO] SELECT `bingli_config`.`id`, `bingli_config`.`group_id`, `bingli_config`.`name`, `bingli_config`.`value`, `bingli_config`.`title` FROM `bingli_config` WHERE `bingli_config`.`group_id` = 2
[Tue, 21 Apr 15 15:23:24 +0800][INFO] SELECT IF(COUNT(*)>0, 1 , 0) FROM `INFORMATION_SCHEMA`.`TABLES` WHERE `TABLE_NAME`='bingli_config_group'
[Tue, 21 Apr 15 15:23:24 +0800][INFO] DESCRIBE `bingli_config_group`
[Tue, 21 Apr 15 15:23:24 +0800][INFO] SELECT `bingli_config_group`.`id`, `bingli_config_group`.`name`, `bingli_config_group`.`title`, `bingli_config_group`.`sort_order`, `bingli_config_group`.`isshow`, `bingli_config_group`.`system` FROM `bingli_config_group`
[Tue, 21 Apr 15 15:23:24 +0800][INFO] SELECT IF(COUNT(*)>0, 1 , 0) FROM `INFORMATION_SCHEMA`.`TABLES` WHERE `TABLE_NAME`='bingli_config'
[Tue, 21 Apr 15 15:23:24 +0800][INFO] DESCRIBE `bingli_config`
[Tue, 21 Apr 15 15:23:24 +0800][INFO] SELECT `bingli_config`.`id`, `bingli_config`.`group_id`, `bingli_config`.`name`, `bingli_config`.`value`, `bingli_config`.`title` FROM `bingli_config` WHERE `bingli_config`.`group_id` = 1
[Tue, 21 Apr 15 15:23:24 +0800][INFO] SELECT `bingli_config`.`id`, `bingli_config`.`group_id`, `bingli_config`.`name`, `bingli_config`.`value`, `bingli_config`.`title` FROM `bingli_config` WHERE `bingli_config`.`group_id` = 2
[Tue, 21 Apr 15 15:37:29 +0800][INFO] SELECT IF(COUNT(*)>0, 1 , 0) FROM `INFORMATION_SCHEMA`.`TABLES` WHERE `TABLE_NAME`='bingli_config_group'
[Tue, 21 Apr 15 15:37:29 +0800][INFO] DESCRIBE `bingli_config_group`
[Tue, 21 Apr 15 15:37:29 +0800][INFO] SELECT `bingli_config_group`.`id`, `bingli_config_group`.`name`, `bingli_config_group`.`title`, `bingli_config_group`.`sort_order`, `bingli_config_group`.`isshow`, `bingli_config_group`.`system` FROM `bingli_config_group`
[Tue, 21 Apr 15 15:37:29 +0800][INFO] SELECT IF(COUNT(*)>0, 1 , 0) FROM `INFORMATION_SCHEMA`.`TABLES` WHERE `TABLE_NAME`='bingli_config'
[Tue, 21 Apr 15 15:37:29 +0800][INFO] DESCRIBE `bingli_config`
[Tue, 21 Apr 15 15:37:29 +0800][INFO] SELECT `bingli_config`.`id`, `bingli_config`.`group_id`, `bingli_config`.`name`, `bingli_config`.`value`, `bingli_config`.`title` FROM `bingli_config` WHERE `bingli_config`.`group_id` = 1
[Tue, 21 Apr 15 15:37:29 +0800][INFO] SELECT `bingli_config`.`id`, `bingli_config`.`group_id`, `bingli_config`.`name`, `bingli_config`.`value`, `bingli_config`.`title` FROM `bingli_config` WHERE `bingli_config`.`group_id` = 2
[Tue, 21 Apr 15 15:54:06 +0800][INFO] SELECT IF(COUNT(*)>0, 1 , 0) FROM `INFORMATION_SCHEMA`.`TABLES` WHERE `TABLE_NAME`='bingli_config_group'
[Tue, 21 Apr 15 15:54:06 +0800][INFO] DESCRIBE `bingli_config_group`
[Tue, 21 Apr 15 15:54:06 +0800][INFO] SELECT `bingli_config_group`.`id`, `bingli_config_group`.`name`, `bingli_config_group`.`title`, `bingli_config_group`.`sort_order`, `bingli_config_group`.`isshow`, `bingli_config_group`.`system` FROM `bingli_config_group`
[Tue, 21 Apr 15 15:54:06 +0800][INFO] SELECT IF(COUNT(*)>0, 1 , 0) FROM `INFORMATION_SCHEMA`.`TABLES` WHERE `TABLE_NAME`='bingli_config'
[Tue, 21 Apr 15 15:54:06 +0800][INFO] DESCRIBE `bingli_config`
[Tue, 21 Apr 15 15:54:06 +0800][INFO] SELECT `bingli_config`.`id`, `bingli_config`.`group_id`, `bingli_config`.`name`, `bingli_config`.`value`, `bingli_config`.`title` FROM `bingli_config` WHERE `bingli_config`.`group_id` = 1
[Tue, 21 Apr 15 15:54:06 +0800][INFO] SELECT `bingli_config`.`id`, `bingli_config`.`group_id`, `bingli_config`.`name`, `bingli_config`.`value`, `bingli_config`.`title` FROM `bingli_config` WHERE `bingli_config`.`group_id` = 2
[Tue, 21 Apr 15 15:54:07 +0800][INFO] SELECT IF(COUNT(*)>0, 1 , 0) FROM `INFORMATION_SCHEMA`.`TABLES` WHERE `TABLE_NAME`='bingli_config_group'
[Tue, 21 Apr 15 15:54:07 +0800][INFO] DESCRIBE `bingli_config_group`
[Tue, 21 Apr 15 15:54:07 +0800][INFO] SELECT `bingli_config_group`.`id`, `bingli_config_group`.`name`, `bingli_config_group`.`title`, `bingli_config_group`.`sort_order`, `bingli_config_group`.`isshow`, `bingli_config_group`.`system` FROM `bingli_config_group`
[Tue, 21 Apr 15 15:54:07 +0800][INFO] SELECT IF(COUNT(*)>0, 1 , 0) FROM `INFORMATION_SCHEMA`.`TABLES` WHERE `TABLE_NAME`='bingli_config'
[Tue, 21 Apr 15 15:54:07 +0800][INFO] DESCRIBE `bingli_config`
[Tue, 21 Apr 15 15:54:07 +0800][INFO] SELECT `bingli_config`.`id`, `bingli_config`.`group_id`, `bingli_config`.`name`, `bingli_config`.`value`, `bingli_config`.`title` FROM `bingli_config` WHERE `bingli_config`.`group_id` = 1
[Tue, 21 Apr 15 15:54:07 +0800][INFO] SELECT `bingli_config`.`id`, `bingli_config`.`group_id`, `bingli_config`.`name`, `bingli_config`.`value`, `bingli_config`.`title` FROM `bingli_config` WHERE `bingli_config`.`group_id` = 2
[Tue, 21 Apr 15 15:54:46 +0800][INFO] SELECT IF(COUNT(*)>0, 1 , 0) FROM `INFORMATION_SCHEMA`.`TABLES` WHERE `TABLE_NAME`='bingli_config_group'
[Tue, 21 Apr 15 15:54:46 +0800][INFO] DESCRIBE `bingli_config_group`
[Tue, 21 Apr 15 15:54:46 +0800][INFO] SELECT `bingli_config_group`.`id`, `bingli_config_group`.`name`, `bingli_config_group`.`title`, `bingli_config_group`.`sort_order`, `bingli_config_group`.`isshow`, `bingli_config_group`.`system` FROM `bingli_config_group`
[Tue, 21 Apr 15 15:54:46 +0800][INFO] SELECT IF(COUNT(*)>0, 1 , 0) FROM `INFORMATION_SCHEMA`.`TABLES` WHERE `TABLE_NAME`='bingli_config'
[Tue, 21 Apr 15 15:54:46 +0800][INFO] DESCRIBE `bingli_config`
[Tue, 21 Apr 15 15:54:46 +0800][INFO] SELECT `bingli_config`.`id`, `bingli_config`.`group_id`, `bingli_config`.`name`, `bingli_config`.`value`, `bingli_config`.`title` FROM `bingli_config` WHERE `bingli_config`.`group_id` = 1
[Tue, 21 Apr 15 15:54:46 +0800][INFO] SELECT `bingli_config`.`id`, `bingli_config`.`group_id`, `bingli_config`.`name`, `bingli_config`.`value`, `bingli_config`.`title` FROM `bingli_config` WHERE `bingli_config`.`group_id` = 2
[Tue, 21 Apr 15 15:54:47 +0800][INFO] SELECT IF(COUNT(*)>0, 1 , 0) FROM `INFORMATION_SCHEMA`.`TABLES` WHERE `TABLE_NAME`='bingli_config_group'
[Tue, 21 Apr 15 15:54:47 +0800][INFO] DESCRIBE `bingli_config_group`
[Tue, 21 Apr 15 15:54:47 +0800][INFO] SELECT `bingli_config_group`.`id`, `bingli_config_group`.`name`, `bingli_config_group`.`title`, `bingli_config_group`.`sort_order`, `bingli_config_group`.`isshow`, `bingli_config_group`.`system` FROM `bingli_config_group`
[Tue, 21 Apr 15 15:54:47 +0800][INFO] SELECT IF(COUNT(*)>0, 1 , 0) FROM `INFORMATION_SCHEMA`.`TABLES` WHERE `TABLE_NAME`='bingli_config'
[Tue, 21 Apr 15 15:54:47 +0800][INFO] DESCRIBE `bingli_config`
[Tue, 21 Apr 15 15:54:47 +0800][INFO] SELECT `bingli_config`.`id`, `bingli_config`.`group_id`, `bingli_config`.`name`, `bingli_config`.`value`, `bingli_config`.`title` FROM `bingli_config` WHERE `bingli_config`.`group_id` = 1
[Tue, 21 Apr 15 15:54:47 +0800][INFO] SELECT `bingli_config`.`id`, `bingli_config`.`group_id`, `bingli_config`.`name`, `bingli_config`.`value`, `bingli_config`.`title` FROM `bingli_config` WHERE `bingli_config`.`group_id` = 2
[Tue, 21 Apr 15 15:55:55 +0800][INFO] SELECT IF(COUNT(*)>0, 1 , 0) FROM `INFORMATION_SCHEMA`.`TABLES` WHERE `TABLE_NAME`='bingli_config_group'
[Tue, 21 Apr 15 15:55:55 +0800][INFO] DESCRIBE `bingli_config_group`
[Tue, 21 Apr 15 15:55:55 +0800][INFO] SELECT `bingli_config_group`.`id`, `bingli_config_group`.`name`, `bingli_config_group`.`title`, `bingli_config_group`.`sort_order`, `bingli_config_group`.`isshow`, `bingli_config_group`.`system` FROM `bingli_config_group`
[Tue, 21 Apr 15 15:55:55 +0800][INFO] SELECT IF(COUNT(*)>0, 1 , 0) FROM `INFORMATION_SCHEMA`.`TABLES` WHERE `TABLE_NAME`='bingli_config'
[Tue, 21 Apr 15 15:55:55 +0800][INFO] DESCRIBE `bingli_config`
[Tue, 21 Apr 15 15:55:55 +0800][INFO] SELECT `bingli_config`.`id`, `bingli_config`.`group_id`, `bingli_config`.`name`, `bingli_config`.`value`, `bingli_config`.`title` FROM `bingli_config` WHERE `bingli_config`.`group_id` = 1
[Tue, 21 Apr 15 15:55:55 +0800][INFO] SELECT `bingli_config`.`id`, `bingli_config`.`group_id`, `bingli_config`.`name`, `bingli_config`.`value`, `bingli_config`.`title` FROM `bingli_config` WHERE `bingli_config`.`group_id` = 2
[Tue, 21 Apr 15 15:55:57 +0800][INFO] SELECT IF(COUNT(*)>0, 1 , 0) FROM `INFORMATION_SCHEMA`.`TABLES` WHERE `TABLE_NAME`='bingli_config_group'
[Tue, 21 Apr 15 15:55:57 +0800][INFO] DESCRIBE `bingli_config_group`
[Tue, 21 Apr 15 15:55:57 +0800][INFO] SELECT `bingli_config_group`.`id`, `bingli_config_group`.`name`, `bingli_config_group`.`title`, `bingli_config_group`.`sort_order`, `bingli_config_group`.`isshow`, `bingli_config_group`.`system` FROM `bingli_config_group`
[Tue, 21 Apr 15 15:55:57 +0800][INFO] SELECT IF(COUNT(*)>0, 1 , 0) FROM `INFORMATION_SCHEMA`.`TABLES` WHERE `TABLE_NAME`='bingli_config'
[Tue, 21 Apr 15 15:55:57 +0800][INFO] DESCRIBE `bingli_config`
[Tue, 21 Apr 15 15:55:57 +0800][INFO] SELECT `bingli_config`.`id`, `bingli_config`.`group_id`, `bingli_config`.`name`, `bingli_config`.`value`, `bingli_config`.`title` FROM `bingli_config` WHERE `bingli_config`.`group_id` = 1
[Tue, 21 Apr 15 15:55:57 +0800][INFO] SELECT `bingli_config`.`id`, `bingli_config`.`group_id`, `bingli_config`.`name`, `bingli_config`.`value`, `bingli_config`.`title` FROM `bingli_config` WHERE `bingli_config`.`group_id` = 2
[Tue, 21 Apr 15 15:56:24 +0800][INFO] SELECT IF(COUNT(*)>0, 1 , 0) FROM `INFORMATION_SCHEMA`.`TABLES` WHERE `TABLE_NAME`='bingli_config_group'
[Tue, 21 Apr 15 15:56:24 +0800][INFO] DESCRIBE `bingli_config_group`
[Tue, 21 Apr 15 15:56:24 +0800][INFO] SELECT `bingli_config_group`.`id`, `bingli_config_group`.`name`, `bingli_config_group`.`title`, `bingli_config_group`.`sort_order`, `bingli_config_group`.`isshow`, `bingli_config_group`.`system` FROM `bingli_config_group`
[Tue, 21 Apr 15 15:56:24 +0800][INFO] SELECT IF(COUNT(*)>0, 1 , 0) FROM `INFORMATION_SCHEMA`.`TABLES` WHERE `TABLE_NAME`='bingli_config'
[Tue, 21 Apr 15 15:56:24 +0800][INFO] DESCRIBE `bingli_config`
[Tue, 21 Apr 15 15:56:24 +0800][INFO] SELECT `bingli_config`.`id`, `bingli_config`.`group_id`, `bingli_config`.`name`, `bingli_config`.`value`, `bingli_config`.`title` FROM `bingli_config` WHERE `bingli_config`.`group_id` = 1
[Tue, 21 Apr 15 15:56:24 +0800][INFO] SELECT `bingli_config`.`id`, `bingli_config`.`group_id`, `bingli_config`.`name`, `bingli_config`.`value`, `bingli_config`.`title` FROM `bingli_config` WHERE `bingli_config`.`group_id` = 2
[Tue, 21 Apr 15 15:56:25 +0800][INFO] SELECT IF(COUNT(*)>0, 1 , 0) FROM `INFORMATION_SCHEMA`.`TABLES` WHERE `TABLE_NAME`='bingli_config_group'
[Tue, 21 Apr 15 15:56:25 +0800][INFO] DESCRIBE `bingli_config_group`
[Tue, 21 Apr 15 15:56:25 +0800][INFO] SELECT `bingli_config_group`.`id`, `bingli_config_group`.`name`, `bingli_config_group`.`title`, `bingli_config_group`.`sort_order`, `bingli_config_group`.`isshow`, `bingli_config_group`.`system` FROM `bingli_config_group`
[Tue, 21 Apr 15 15:56:25 +0800][INFO] SELECT IF(COUNT(*)>0, 1 , 0) FROM `INFORMATION_SCHEMA`.`TABLES` WHERE `TABLE_NAME`='bingli_config'
[Tue, 21 Apr 15 15:56:25 +0800][INFO] DESCRIBE `bingli_config`
[Tue, 21 Apr 15 15:56:25 +0800][INFO] SELECT `bingli_config`.`id`, `bingli_config`.`group_id`, `bingli_config`.`name`, `bingli_config`.`value`, `bingli_config`.`title` FROM `bingli_config` WHERE `bingli_config`.`group_id` = 1
[Tue, 21 Apr 15 15:56:25 +0800][INFO] SELECT `bingli_config`.`id`, `bingli_config`.`group_id`, `bingli_config`.`name`, `bingli_config`.`value`, `bingli_config`.`title` FROM `bingli_config` WHERE `bingli_config`.`group_id` = 2
[Tue, 21 Apr 15 15:56:25 +0800][INFO] SELECT IF(COUNT(*)>0, 1 , 0) FROM `INFORMATION_SCHEMA`.`TABLES` WHERE `TABLE_NAME`='bingli_config_group'
[Tue, 21 Apr 15 15:56:25 +0800][INFO] DESCRIBE `bingli_config_group`
[Tue, 21 Apr 15 15:56:25 +0800][INFO] SELECT `bingli_config_group`.`id`, `bingli_config_group`.`name`, `bingli_config_group`.`title`, `bingli_config_group`.`sort_order`, `bingli_config_group`.`isshow`, `bingli_config_group`.`system` FROM `bingli_config_group`
[Tue, 21 Apr 15 15:56:25 +0800][INFO] SELECT IF(COUNT(*)>0, 1 , 0) FROM `INFORMATION_SCHEMA`.`TABLES` WHERE `TABLE_NAME`='bingli_config'
[Tue, 21 Apr 15 15:56:25 +0800][INFO] DESCRIBE `bingli_config`
[Tue, 21 Apr 15 15:56:25 +0800][INFO] SELECT `bingli_config`.`id`, `bingli_config`.`group_id`, `bingli_config`.`name`, `bingli_config`.`value`, `bingli_config`.`title` FROM `bingli_config` WHERE `bingli_config`.`group_id` = 1
[Tue, 21 Apr 15 15:56:25 +0800][INFO] SELECT `bingli_config`.`id`, `bingli_config`.`group_id`, `bingli_config`.`name`, `bingli_config`.`value`, `bingli_config`.`title` FROM `bingli_config` WHERE `bingli_config`.`group_id` = 2
[Tue, 21 Apr 15 15:56:25 +0800][INFO] SELECT IF(COUNT(*)>0, 1 , 0) FROM `INFORMATION_SCHEMA`.`TABLES` WHERE `TABLE_NAME`='bingli_config_group'
[Tue, 21 Apr 15 15:56:25 +0800][INFO] DESCRIBE `bingli_config_group`
[Tue, 21 Apr 15 15:56:25 +0800][INFO] SELECT `bingli_config_group`.`id`, `bingli_config_group`.`name`, `bingli_config_group`.`title`, `bingli_config_group`.`sort_order`, `bingli_config_group`.`isshow`, `bingli_config_group`.`system` FROM `bingli_config_group`
[Tue, 21 Apr 15 15:56:25 +0800][INFO] SELECT IF(COUNT(*)>0, 1 , 0) FROM `INFORMATION_SCHEMA`.`TABLES` WHERE `TABLE_NAME`='bingli_config'
[Tue, 21 Apr 15 15:56:25 +0800][INFO] DESCRIBE `bingli_config`
[Tue, 21 Apr 15 15:56:25 +0800][INFO] SELECT `bingli_config`.`id`, `bingli_config`.`group_id`, `bingli_config`.`name`, `bingli_config`.`value`, `bingli_config`.`title` FROM `bingli_config` WHERE `bingli_config`.`group_id` = 1
[Tue, 21 Apr 15 15:56:25 +0800][INFO] SELECT `bingli_config`.`id`, `bingli_config`.`group_id`, `bingli_config`.`name`, `bingli_config`.`value`, `bingli_config`.`title` FROM `bingli_config` WHERE `bingli_config`.`group_id` = 2
[Tue, 21 Apr 15 15:56:32 +0800][INFO] SELECT IF(COUNT(*)>0, 1 , 0) FROM `INFORMATION_SCHEMA`.`TABLES` WHERE `TABLE_NAME`='bingli_config_group'
[Tue, 21 Apr 15 15:56:32 +0800][INFO] DESCRIBE `bingli_config_group`
[Tue, 21 Apr 15 15:56:32 +0800][INFO] SELECT `bingli_config_group`.`id`, `bingli_config_group`.`name`, `bingli_config_group`.`title`, `bingli_config_group`.`sort_order`, `bingli_config_group`.`isshow`, `bingli_config_group`.`system` FROM `bingli_config_group`
[Tue, 21 Apr 15 15:56:32 +0800][INFO] SELECT IF(COUNT(*)>0, 1 , 0) FROM `INFORMATION_SCHEMA`.`TABLES` WHERE `TABLE_NAME`='bingli_config'
[Tue, 21 Apr 15 15:56:32 +0800][INFO] DESCRIBE `bingli_config`
[Tue, 21 Apr 15 15:56:32 +0800][INFO] SELECT `bingli_config`.`id`, `bingli_config`.`group_id`, `bingli_config`.`name`, `bingli_config`.`value`, `bingli_config`.`title` FROM `bingli_config` WHERE `bingli_config`.`group_id` = 1
[Tue, 21 Apr 15 15:56:32 +0800][INFO] SELECT `bingli_config`.`id`, `bingli_config`.`group_id`, `bingli_config`.`name`, `bingli_config`.`value`, `bingli_config`.`title` FROM `bingli_config` WHERE `bingli_config`.`group_id` = 2
[Tue, 21 Apr 15 15:56:33 +0800][INFO] SELECT IF(COUNT(*)>0, 1 , 0) FROM `INFORMATION_SCHEMA`.`TABLES` WHERE `TABLE_NAME`='bingli_config_group'
[Tue, 21 Apr 15 15:56:33 +0800][INFO] DESCRIBE `bingli_config_group`
[Tue, 21 Apr 15 15:56:33 +0800][INFO] SELECT `bingli_config_group`.`id`, `bingli_config_group`.`name`, `bingli_config_group`.`title`, `bingli_config_group`.`sort_order`, `bingli_config_group`.`isshow`, `bingli_config_group`.`system` FROM `bingli_config_group`
[Tue, 21 Apr 15 15:56:33 +0800][INFO] SELECT IF(COUNT(*)>0, 1 , 0) FROM `INFORMATION_SCHEMA`.`TABLES` WHERE `TABLE_NAME`='bingli_config'
[Tue, 21 Apr 15 15:56:33 +0800][INFO] DESCRIBE `bingli_config`
[Tue, 21 Apr 15 15:56:33 +0800][INFO] SELECT `bingli_config`.`id`, `bingli_config`.`group_id`, `bingli_config`.`name`, `bingli_config`.`value`, `bingli_config`.`title` FROM `bingli_config` WHERE `bingli_config`.`group_id` = 1
[Tue, 21 Apr 15 15:56:33 +0800][INFO] SELECT `bingli_config`.`id`, `bingli_config`.`group_id`, `bingli_config`.`name`, `bingli_config`.`value`, `bingli_config`.`title` FROM `bingli_config` WHERE `bingli_config`.`group_id` = 2
[Tue, 21 Apr 15 15:56:44 +0800][INFO] SELECT IF(COUNT(*)>0, 1 , 0) FROM `INFORMATION_SCHEMA`.`TABLES` WHERE `TABLE_NAME`='bingli_config_group'
[Tue, 21 Apr 15 15:56:44 +0800][INFO] DESCRIBE `bingli_config_group`
[Tue, 21 Apr 15 15:56:44 +0800][INFO] SELECT `bingli_config_group`.`id`, `bingli_config_group`.`name`, `bingli_config_group`.`title`, `bingli_config_group`.`sort_order`, `bingli_config_group`.`isshow`, `bingli_config_group`.`system` FROM `bingli_config_group`
[Tue, 21 Apr 15 15:56:44 +0800][INFO] SELECT IF(COUNT(*)>0, 1 , 0) FROM `INFORMATION_SCHEMA`.`TABLES` WHERE `TABLE_NAME`='bingli_config'
[Tue, 21 Apr 15 15:56:44 +0800][INFO] DESCRIBE `bingli_config`
[Tue, 21 Apr 15 15:56:44 +0800][INFO] SELECT `bingli_config`.`id`, `bingli_config`.`group_id`, `bingli_config`.`name`, `bingli_config`.`value`, `bingli_config`.`title` FROM `bingli_config` WHERE `bingli_config`.`group_id` = 1
[Tue, 21 Apr 15 15:56:44 +0800][INFO] SELECT `bingli_config`.`id`, `bingli_config`.`group_id`, `bingli_config`.`name`, `bingli_config`.`value`, `bingli_config`.`title` FROM `bingli_config` WHERE `bingli_config`.`group_id` = 2
[Tue, 21 Apr 15 15:56:45 +0800][INFO] SELECT IF(COUNT(*)>0, 1 , 0) FROM `INFORMATION_SCHEMA`.`TABLES` WHERE `TABLE_NAME`='bingli_config_group'
[Tue, 21 Apr 15 15:56:45 +0800][INFO] DESCRIBE `bingli_config_group`
[Tue, 21 Apr 15 15:56:45 +0800][INFO] SELECT `bingli_config_group`.`id`, `bingli_config_group`.`name`, `bingli_config_group`.`title`, `bingli_config_group`.`sort_order`, `bingli_config_group`.`isshow`, `bingli_config_group`.`system` FROM `bingli_config_group`
[Tue, 21 Apr 15 15:56:45 +0800][INFO] SELECT IF(COUNT(*)>0, 1 , 0) FROM `INFORMATION_SCHEMA`.`TABLES` WHERE `TABLE_NAME`='bingli_config'
[Tue, 21 Apr 15 15:56:45 +0800][INFO] DESCRIBE `bingli_config`
[Tue, 21 Apr 15 15:56:45 +0800][INFO] SELECT `bingli_config`.`id`, `bingli_config`.`group_id`, `bingli_config`.`name`, `bingli_config`.`value`, `bingli_config`.`title` FROM `bingli_config` WHERE `bingli_config`.`group_id` = 1
[Tue, 21 Apr 15 15:56:45 +0800][INFO] SELECT `bingli_config`.`id`, `bingli_config`.`group_id`, `bingli_config`.`name`, `bingli_config`.`value`, `bingli_config`.`title` FROM `bingli_config` WHERE `bingli_config`.`group_id` = 2
[Tue, 21 Apr 15 15:57:09 +0800][INFO] SELECT IF(COUNT(*)>0, 1 , 0) FROM `INFORMATION_SCHEMA`.`TABLES` WHERE `TABLE_NAME`='bingli_config_group'
[Tue, 21 Apr 15 15:57:09 +0800][INFO] DESCRIBE `bingli_config_group`
[Tue, 21 Apr 15 15:57:09 +0800][INFO] SELECT `bingli_config_group`.`id`, `bingli_config_group`.`name`, `bingli_config_group`.`title`, `bingli_config_group`.`sort_order`, `bingli_config_group`.`isshow`, `bingli_config_group`.`system` FROM `bingli_config_group`
[Tue, 21 Apr 15 15:57:09 +0800][INFO] SELECT IF(COUNT(*)>0, 1 , 0) FROM `INFORMATION_SCHEMA`.`TABLES` WHERE `TABLE_NAME`='bingli_config'
[Tue, 21 Apr 15 15:57:09 +0800][INFO] DESCRIBE `bingli_config`
[Tue, 21 Apr 15 15:57:09 +0800][INFO] SELECT `bingli_config`.`id`, `bingli_config`.`group_id`, `bingli_config`.`name`, `bingli_config`.`value`, `bingli_config`.`title` FROM `bingli_config` WHERE `bingli_config`.`group_id` = 1
[Tue, 21 Apr 15 15:57:09 +0800][INFO] SELECT `bingli_config`.`id`, `bingli_config`.`group_id`, `bingli_config`.`name`, `bingli_config`.`value`, `bingli_config`.`title` FROM `bingli_config` WHERE `bingli_config`.`group_id` = 2
[Tue, 21 Apr 15 15:58:54 +0800][INFO] SELECT IF(COUNT(*)>0, 1 , 0) FROM `INFORMATION_SCHEMA`.`TABLES` WHERE `TABLE_NAME`='bingli_config_group'
[Tue, 21 Apr 15 15:58:54 +0800][INFO] DESCRIBE `bingli_config_group`
[Tue, 21 Apr 15 15:58:54 +0800][INFO] SELECT `bingli_config_group`.`id`, `bingli_config_group`.`name`, `bingli_config_group`.`title`, `bingli_config_group`.`sort_order`, `bingli_config_group`.`isshow`, `bingli_config_group`.`system` FROM `bingli_config_group`
[Tue, 21 Apr 15 15:58:54 +0800][INFO] SELECT IF(COUNT(*)>0, 1 , 0) FROM `INFORMATION_SCHEMA`.`TABLES` WHERE `TABLE_NAME`='bingli_config'
[Tue, 21 Apr 15 15:58:54 +0800][INFO] DESCRIBE `bingli_config`
[Tue, 21 Apr 15 15:58:54 +0800][INFO] SELECT `bingli_config`.`id`, `bingli_config`.`group_id`, `bingli_config`.`name`, `bingli_config`.`value`, `bingli_config`.`title` FROM `bingli_config` WHERE `bingli_config`.`group_id` = 1
[Tue, 21 Apr 15 15:58:54 +0800][INFO] SELECT `bingli_config`.`id`, `bingli_config`.`group_id`, `bingli_config`.`name`, `bingli_config`.`value`, `bingli_config`.`title` FROM `bingli_config` WHERE `bingli_config`.`group_id` = 2
[Tue, 21 Apr 15 15:58:55 +0800][INFO] SELECT IF(COUNT(*)>0, 1 , 0) FROM `INFORMATION_SCHEMA`.`TABLES` WHERE `TABLE_NAME`='bingli_config_group'
[Tue, 21 Apr 15 15:58:55 +0800][INFO] DESCRIBE `bingli_config_group`
[Tue, 21 Apr 15 15:58:55 +0800][INFO] SELECT `bingli_config_group`.`id`, `bingli_config_group`.`name`, `bingli_config_group`.`title`, `bingli_config_group`.`sort_order`, `bingli_config_group`.`isshow`, `bingli_config_group`.`system` FROM `bingli_config_group`
[Tue, 21 Apr 15 15:58:55 +0800][INFO] SELECT IF(COUNT(*)>0, 1 , 0) FROM `INFORMATION_SCHEMA`.`TABLES` WHERE `TABLE_NAME`='bingli_config'
[Tue, 21 Apr 15 15:58:55 +0800][INFO] DESCRIBE `bingli_config`
[Tue, 21 Apr 15 15:58:55 +0800][INFO] SELECT `bingli_config`.`id`, `bingli_config`.`group_id`, `bingli_config`.`name`, `bingli_config`.`value`, `bingli_config`.`title` FROM `bingli_config` WHERE `bingli_config`.`group_id` = 1
[Tue, 21 Apr 15 15:58:55 +0800][INFO] SELECT `bingli_config`.`id`, `bingli_config`.`group_id`, `bingli_config`.`name`, `bingli_config`.`value`, `bingli_config`.`title` FROM `bingli_config` WHERE `bingli_config`.`group_id` = 2
[Tue, 21 Apr 15 15:59:04 +0800][INFO] SELECT IF(COUNT(*)>0, 1 , 0) FROM `INFORMATION_SCHEMA`.`TABLES` WHERE `TABLE_NAME`='bingli_config_group'
[Tue, 21 Apr 15 15:59:04 +0800][INFO] DESCRIBE `bingli_config_group`
[Tue, 21 Apr 15 15:59:04 +0800][INFO] SELECT `bingli_config_group`.`id`, `bingli_config_group`.`name`, `bingli_config_group`.`title`, `bingli_config_group`.`sort_order`, `bingli_config_group`.`isshow`, `bingli_config_group`.`system` FROM `bingli_config_group`
[Tue, 21 Apr 15 15:59:04 +0800][INFO] SELECT IF(COUNT(*)>0, 1 , 0) FROM `INFORMATION_SCHEMA`.`TABLES` WHERE `TABLE_NAME`='bingli_config'
[Tue, 21 Apr 15 15:59:04 +0800][INFO] DESCRIBE `bingli_config`
[Tue, 21 Apr 15 15:59:04 +0800][INFO] SELECT `bingli_config`.`id`, `bingli_config`.`group_id`, `bingli_config`.`name`, `bingli_config`.`value`, `bingli_config`.`title` FROM `bingli_config` WHERE `bingli_config`.`group_id` = 1
[Tue, 21 Apr 15 15:59:04 +0800][INFO] SELECT `bingli_config`.`id`, `bingli_config`.`group_id`, `bingli_config`.`name`, `bingli_config`.`value`, `bingli_config`.`title` FROM `bingli_config` WHERE `bingli_config`.`group_id` = 2
[Tue, 21 Apr 15 16:02:40 +0800][INFO] SELECT IF(COUNT(*)>0, 1 , 0) FROM `INFORMATION_SCHEMA`.`TABLES` WHERE `TABLE_NAME`='bingli_config_group'
[Tue, 21 Apr 15 16:02:40 +0800][INFO] DESCRIBE `bingli_config_group`
[Tue, 21 Apr 15 16:02:40 +0800][INFO] SELECT `bingli_config_group`.`id`, `bingli_config_group`.`name`, `bingli_config_group`.`title`, `bingli_config_group`.`sort_order`, `bingli_config_group`.`isshow`, `bingli_config_group`.`system` FROM `bingli_config_group`
[Tue, 21 Apr 15 16:02:40 +0800][INFO] SELECT IF(COUNT(*)>0, 1 , 0) FROM `INFORMATION_SCHEMA`.`TABLES` WHERE `TABLE_NAME`='bingli_config'
[Tue, 21 Apr 15 16:02:40 +0800][INFO] DESCRIBE `bingli_config`
[Tue, 21 Apr 15 16:02:40 +0800][INFO] SELECT `bingli_config`.`id`, `bingli_config`.`group_id`, `bingli_config`.`name`, `bingli_config`.`value`, `bingli_config`.`title` FROM `bingli_config` WHERE `bingli_config`.`group_id` = 1
[Tue, 21 Apr 15 16:02:40 +0800][INFO] SELECT `bingli_config`.`id`, `bingli_config`.`group_id`, `bingli_config`.`name`, `bingli_config`.`value`, `bingli_config`.`title` FROM `bingli_config` WHERE `bingli_config`.`group_id` = 2
[Tue, 21 Apr 15 16:02:42 +0800][INFO] SELECT IF(COUNT(*)>0, 1 , 0) FROM `INFORMATION_SCHEMA`.`TABLES` WHERE `TABLE_NAME`='bingli_config_group'
[Tue, 21 Apr 15 16:02:42 +0800][INFO] DESCRIBE `bingli_config_group`
[Tue, 21 Apr 15 16:02:42 +0800][INFO] SELECT `bingli_config_group`.`id`, `bingli_config_group`.`name`, `bingli_config_group`.`title`, `bingli_config_group`.`sort_order`, `bingli_config_group`.`isshow`, `bingli_config_group`.`system` FROM `bingli_config_group`
[Tue, 21 Apr 15 16:02:42 +0800][INFO] SELECT IF(COUNT(*)>0, 1 , 0) FROM `INFORMATION_SCHEMA`.`TABLES` WHERE `TABLE_NAME`='bingli_config'
[Tue, 21 Apr 15 16:02:42 +0800][INFO] DESCRIBE `bingli_config`
[Tue, 21 Apr 15 16:02:42 +0800][INFO] SELECT `bingli_config`.`id`, `bingli_config`.`group_id`, `bingli_config`.`name`, `bingli_config`.`value`, `bingli_config`.`title` FROM `bingli_config` WHERE `bingli_config`.`group_id` = 1
[Tue, 21 Apr 15 16:02:42 +0800][INFO] SELECT `bingli_config`.`id`, `bingli_config`.`group_id`, `bingli_config`.`name`, `bingli_config`.`value`, `bingli_config`.`title` FROM `bingli_config` WHERE `bingli_config`.`group_id` = 2
[Tue, 21 Apr 15 16:03:15 +0800][INFO] SELECT IF(COUNT(*)>0, 1 , 0) FROM `INFORMATION_SCHEMA`.`TABLES` WHERE `TABLE_NAME`='bingli_config_group'
[Tue, 21 Apr 15 16:03:15 +0800][INFO] DESCRIBE `bingli_config_group`
[Tue, 21 Apr 15 16:03:15 +0800][INFO] SELECT `bingli_config_group`.`id`, `bingli_config_group`.`name`, `bingli_config_group`.`title`, `bingli_config_group`.`sort_order`, `bingli_config_group`.`isshow`, `bingli_config_group`.`system` FROM `bingli_config_group`
[Tue, 21 Apr 15 16:03:15 +0800][INFO] SELECT IF(COUNT(*)>0, 1 , 0) FROM `INFORMATION_SCHEMA`.`TABLES` WHERE `TABLE_NAME`='bingli_config'
[Tue, 21 Apr 15 16:03:15 +0800][INFO] DESCRIBE `bingli_config`
[Tue, 21 Apr 15 16:03:15 +0800][INFO] SELECT `bingli_config`.`id`, `bingli_config`.`group_id`, `bingli_config`.`name`, `bingli_config`.`value`, `bingli_config`.`title` FROM `bingli_config` WHERE `bingli_config`.`group_id` = 1
[Tue, 21 Apr 15 16:03:15 +0800][INFO] SELECT `bingli_config`.`id`, `bingli_config`.`group_id`, `bingli_config`.`name`, `bingli_config`.`value`, `bingli_config`.`title` FROM `bingli_config` WHERE `bingli_config`.`group_id` = 2
[Tue, 21 Apr 15 16:03:16 +0800][INFO] SELECT IF(COUNT(*)>0, 1 , 0) FROM `INFORMATION_SCHEMA`.`TABLES` WHERE `TABLE_NAME`='bingli_config_group'
[Tue, 21 Apr 15 16:03:16 +0800][INFO] DESCRIBE `bingli_config_group`
[Tue, 21 Apr 15 16:03:16 +0800][INFO] SELECT `bingli_config_group`.`id`, `bingli_config_group`.`name`, `bingli_config_group`.`title`, `bingli_config_group`.`sort_order`, `bingli_config_group`.`isshow`, `bingli_config_group`.`system` FROM `bingli_config_group`
[Tue, 21 Apr 15 16:03:16 +0800][INFO] SELECT IF(COUNT(*)>0, 1 , 0) FROM `INFORMATION_SCHEMA`.`TABLES` WHERE `TABLE_NAME`='bingli_config'
[Tue, 21 Apr 15 16:03:16 +0800][INFO] DESCRIBE `bingli_config`
[Tue, 21 Apr 15 16:03:16 +0800][INFO] SELECT `bingli_config`.`id`, `bingli_config`.`group_id`, `bingli_config`.`name`, `bingli_config`.`value`, `bingli_config`.`title` FROM `bingli_config` WHERE `bingli_config`.`group_id` = 1
[Tue, 21 Apr 15 16:03:16 +0800][INFO] SELECT `bingli_config`.`id`, `bingli_config`.`group_id`, `bingli_config`.`name`, `bingli_config`.`value`, `bingli_config`.`title` FROM `bingli_config` WHERE `bingli_config`.`group_id` = 2
[Tue, 21 Apr 15 16:03:16 +0800][INFO] SELECT IF(COUNT(*)>0, 1 , 0) FROM `INFORMATION_SCHEMA`.`TABLES` WHERE `TABLE_NAME`='bingli_config_group'
[Tue, 21 Apr 15 16:03:16 +0800][INFO] DESCRIBE `bingli_config_group`
[Tue, 21 Apr 15 16:03:16 +0800][INFO] SELECT `bingli_config_group`.`id`, `bingli_config_group`.`name`, `bingli_config_group`.`title`, `bingli_config_group`.`sort_order`, `bingli_config_group`.`isshow`, `bingli_config_group`.`system` FROM `bingli_config_group`
[Tue, 21 Apr 15 16:03:16 +0800][INFO] SELECT IF(COUNT(*)>0, 1 , 0) FROM `INFORMATION_SCHEMA`.`TABLES` WHERE `TABLE_NAME`='bingli_config'
[Tue, 21 Apr 15 16:03:16 +0800][INFO] DESCRIBE `bingli_config`
[Tue, 21 Apr 15 16:03:16 +0800][INFO] SELECT `bingli_config`.`id`, `bingli_config`.`group_id`, `bingli_config`.`name`, `bingli_config`.`value`, `bingli_config`.`title` FROM `bingli_config` WHERE `bingli_config`.`group_id` = 1
[Tue, 21 Apr 15 16:03:16 +0800][INFO] SELECT `bingli_config`.`id`, `bingli_config`.`group_id`, `bingli_config`.`name`, `bingli_config`.`value`, `bingli_config`.`title` FROM `bingli_config` WHERE `bingli_config`.`group_id` = 2
[Tue, 21 Apr 15 16:04:25 +0800][INFO] SELECT IF(COUNT(*)>0, 1 , 0) FROM `INFORMATION_SCHEMA`.`TABLES` WHERE `TABLE_NAME`='bingli_config_group'
[Tue, 21 Apr 15 16:04:25 +0800][INFO] DESCRIBE `bingli_config_group`
[Tue, 21 Apr 15 16:04:25 +0800][INFO] SELECT `bingli_config_group`.`id`, `bingli_config_group`.`name`, `bingli_config_group`.`title`, `bingli_config_group`.`sort_order`, `bingli_config_group`.`isshow`, `bingli_config_group`.`system` FROM `bingli_config_group`
[Tue, 21 Apr 15 16:04:25 +0800][INFO] SELECT IF(COUNT(*)>0, 1 , 0) FROM `INFORMATION_SCHEMA`.`TABLES` WHERE `TABLE_NAME`='bingli_config'
[Tue, 21 Apr 15 16:04:25 +0800][INFO] DESCRIBE `bingli_config`
[Tue, 21 Apr 15 16:04:25 +0800][INFO] SELECT `bingli_config`.`id`, `bingli_config`.`group_id`, `bingli_config`.`name`, `bingli_config`.`value`, `bingli_config`.`title` FROM `bingli_config` WHERE `bingli_config`.`group_id` = 1
[Tue, 21 Apr 15 16:04:25 +0800][INFO] SELECT `bingli_config`.`id`, `bingli_config`.`group_id`, `bingli_config`.`name`, `bingli_config`.`value`, `bingli_config`.`title` FROM `bingli_config` WHERE `bingli_config`.`group_id` = 2
[Tue, 21 Apr 15 16:04:26 +0800][INFO] SELECT IF(COUNT(*)>0, 1 , 0) FROM `INFORMATION_SCHEMA`.`TABLES` WHERE `TABLE_NAME`='bingli_config_group'
[Tue, 21 Apr 15 16:04:26 +0800][INFO] DESCRIBE `bingli_config_group`
[Tue, 21 Apr 15 16:04:26 +0800][INFO] SELECT `bingli_config_group`.`id`, `bingli_config_group`.`name`, `bingli_config_group`.`title`, `bingli_config_group`.`sort_order`, `bingli_config_group`.`isshow`, `bingli_config_group`.`system` FROM `bingli_config_group`
[Tue, 21 Apr 15 16:04:26 +0800][INFO] SELECT IF(COUNT(*)>0, 1 , 0) FROM `INFORMATION_SCHEMA`.`TABLES` WHERE `TABLE_NAME`='bingli_config'
[Tue, 21 Apr 15 16:04:26 +0800][INFO] DESCRIBE `bingli_config`
[Tue, 21 Apr 15 16:04:26 +0800][INFO] SELECT `bingli_config`.`id`, `bingli_config`.`group_id`, `bingli_config`.`name`, `bingli_config`.`value`, `bingli_config`.`title` FROM `bingli_config` WHERE `bingli_config`.`group_id` = 1
[Tue, 21 Apr 15 16:04:26 +0800][INFO] SELECT `bingli_config`.`id`, `bingli_config`.`group_id`, `bingli_config`.`name`, `bingli_config`.`value`, `bingli_config`.`title` FROM `bingli_config` WHERE `bingli_config`.`group_id` = 2
[Tue, 21 Apr 15 16:04:27 +0800][INFO] SELECT IF(COUNT(*)>0, 1 , 0) FROM `INFORMATION_SCHEMA`.`TABLES` WHERE `TABLE_NAME`='bingli_config_group'
[Tue, 21 Apr 15 16:04:27 +0800][INFO] DESCRIBE `bingli_config_group`
[Tue, 21 Apr 15 16:04:27 +0800][INFO] SELECT `bingli_config_group`.`id`, `bingli_config_group`.`name`, `bingli_config_group`.`title`, `bingli_config_group`.`sort_order`, `bingli_config_group`.`isshow`, `bingli_config_group`.`system` FROM `bingli_config_group`
[Tue, 21 Apr 15 16:04:27 +0800][INFO] SELECT IF(COUNT(*)>0, 1 , 0) FROM `INFORMATION_SCHEMA`.`TABLES` WHERE `TABLE_NAME`='bingli_config'
[Tue, 21 Apr 15 16:04:27 +0800][INFO] DESCRIBE `bingli_config`
[Tue, 21 Apr 15 16:04:27 +0800][INFO] SELECT `bingli_config`.`id`, `bingli_config`.`group_id`, `bingli_config`.`name`, `bingli_config`.`value`, `bingli_config`.`title` FROM `bingli_config` WHERE `bingli_config`.`group_id` = 1
[Tue, 21 Apr 15 16:04:27 +0800][INFO] SELECT `bingli_config`.`id`, `bingli_config`.`group_id`, `bingli_config`.`name`, `bingli_config`.`value`, `bingli_config`.`title` FROM `bingli_config` WHERE `bingli_config`.`group_id` = 2
[Tue, 21 Apr 15 16:04:27 +0800][INFO] SELECT IF(COUNT(*)>0, 1 , 0) FROM `INFORMATION_SCHEMA`.`TABLES` WHERE `TABLE_NAME`='bingli_config_group'
[Tue, 21 Apr 15 16:04:27 +0800][INFO] DESCRIBE `bingli_config_group`
[Tue, 21 Apr 15 16:04:27 +0800][INFO] SELECT `bingli_config_group`.`id`, `bingli_config_group`.`name`, `bingli_config_group`.`title`, `bingli_config_group`.`sort_order`, `bingli_config_group`.`isshow`, `bingli_config_group`.`system` FROM `bingli_config_group`
[Tue, 21 Apr 15 16:04:27 +0800][INFO] SELECT IF(COUNT(*)>0, 1 , 0) FROM `INFORMATION_SCHEMA`.`TABLES` WHERE `TABLE_NAME`='bingli_config'
[Tue, 21 Apr 15 16:04:27 +0800][INFO] DESCRIBE `bingli_config`
[Tue, 21 Apr 15 16:04:27 +0800][INFO] SELECT `bingli_config`.`id`, `bingli_config`.`group_id`, `bingli_config`.`name`, `bingli_config`.`value`, `bingli_config`.`title` FROM `bingli_config` WHERE `bingli_config`.`group_id` = 1
[Tue, 21 Apr 15 16:04:27 +0800][INFO] SELECT `bingli_config`.`id`, `bingli_config`.`group_id`, `bingli_config`.`name`, `bingli_config`.`value`, `bingli_config`.`title` FROM `bingli_config` WHERE `bingli_config`.`group_id` = 2
[Tue, 21 Apr 15 16:04:56 +0800][INFO] SELECT IF(COUNT(*)>0, 1 , 0) FROM `INFORMATION_SCHEMA`.`TABLES` WHERE `TABLE_NAME`='bingli_config_group'
[Tue, 21 Apr 15 16:04:56 +0800][INFO] DESCRIBE `bingli_config_group`
[Tue, 21 Apr 15 16:04:56 +0800][INFO] SELECT `bingli_config_group`.`id`, `bingli_config_group`.`name`, `bingli_config_group`.`title`, `bingli_config_group`.`sort_order`, `bingli_config_group`.`isshow`, `bingli_config_group`.`system` FROM `bingli_config_group`
[Tue, 21 Apr 15 16:04:56 +0800][INFO] SELECT IF(COUNT(*)>0, 1 , 0) FROM `INFORMATION_SCHEMA`.`TABLES` WHERE `TABLE_NAME`='bingli_config'
[Tue, 21 Apr 15 16:04:56 +0800][INFO] DESCRIBE `bingli_config`
[Tue, 21 Apr 15 16:04:56 +0800][INFO] SELECT `bingli_config`.`id`, `bingli_config`.`group_id`, `bingli_config`.`name`, `bingli_config`.`value`, `bingli_config`.`title` FROM `bingli_config` WHERE `bingli_config`.`group_id` = 1
[Tue, 21 Apr 15 16:04:56 +0800][INFO] SELECT `bingli_config`.`id`, `bingli_config`.`group_id`, `bingli_config`.`name`, `bingli_config`.`value`, `bingli_config`.`title` FROM `bingli_config` WHERE `bingli_config`.`group_id` = 2
[Tue, 21 Apr 15 16:04:57 +0800][INFO] SELECT IF(COUNT(*)>0, 1 , 0) FROM `INFORMATION_SCHEMA`.`TABLES` WHERE `TABLE_NAME`='bingli_config_group'
[Tue, 21 Apr 15 16:04:57 +0800][INFO] DESCRIBE `bingli_config_group`
[Tue, 21 Apr 15 16:04:57 +0800][INFO] SELECT `bingli_config_group`.`id`, `bingli_config_group`.`name`, `bingli_config_group`.`title`, `bingli_config_group`.`sort_order`, `bingli_config_group`.`isshow`, `bingli_config_group`.`system` FROM `bingli_config_group`
[Tue, 21 Apr 15 16:04:57 +0800][INFO] SELECT IF(COUNT(*)>0, 1 , 0) FROM `INFORMATION_SCHEMA`.`TABLES` WHERE `TABLE_NAME`='bingli_config'
[Tue, 21 Apr 15 16:04:57 +0800][INFO] DESCRIBE `bingli_config`
[Tue, 21 Apr 15 16:04:57 +0800][INFO] SELECT `bingli_config`.`id`, `bingli_config`.`group_id`, `bingli_config`.`name`, `bingli_config`.`value`, `bingli_config`.`title` FROM `bingli_config` WHERE `bingli_config`.`group_id` = 1
[Tue, 21 Apr 15 16:04:57 +0800][INFO] SELECT `bingli_config`.`id`, `bingli_config`.`group_id`, `bingli_config`.`name`, `bingli_config`.`value`, `bingli_config`.`title` FROM `bingli_config` WHERE `bingli_config`.`group_id` = 2
[Tue, 21 Apr 15 16:04:57 +0800][INFO] SELECT IF(COUNT(*)>0, 1 , 0) FROM `INFORMATION_SCHEMA`.`TABLES` WHERE `TABLE_NAME`='bingli_config_group'
[Tue, 21 Apr 15 16:04:57 +0800][INFO] DESCRIBE `bingli_config_group`
[Tue, 21 Apr 15 16:04:57 +0800][INFO] SELECT `bingli_config_group`.`id`, `bingli_config_group`.`name`, `bingli_config_group`.`title`, `bingli_config_group`.`sort_order`, `bingli_config_group`.`isshow`, `bingli_config_group`.`system` FROM `bingli_config_group`
[Tue, 21 Apr 15 16:04:57 +0800][INFO] SELECT IF(COUNT(*)>0, 1 , 0) FROM `INFORMATION_SCHEMA`.`TABLES` WHERE `TABLE_NAME`='bingli_config'
[Tue, 21 Apr 15 16:04:57 +0800][INFO] DESCRIBE `bingli_config`
[Tue, 21 Apr 15 16:04:57 +0800][INFO] SELECT `bingli_config`.`id`, `bingli_config`.`group_id`, `bingli_config`.`name`, `bingli_config`.`value`, `bingli_config`.`title` FROM `bingli_config` WHERE `bingli_config`.`group_id` = 1
[Tue, 21 Apr 15 16:04:57 +0800][INFO] SELECT `bingli_config`.`id`, `bingli_config`.`group_id`, `bingli_config`.`name`, `bingli_config`.`value`, `bingli_config`.`title` FROM `bingli_config` WHERE `bingli_config`.`group_id` = 2
[Tue, 21 Apr 15 16:05:48 +0800][INFO] SELECT IF(COUNT(*)>0, 1 , 0) FROM `INFORMATION_SCHEMA`.`TABLES` WHERE `TABLE_NAME`='bingli_config_group'
[Tue, 21 Apr 15 16:05:48 +0800][INFO] DESCRIBE `bingli_config_group`
[Tue, 21 Apr 15 16:05:48 +0800][INFO] SELECT `bingli_config_group`.`id`, `bingli_config_group`.`name`, `bingli_config_group`.`title`, `bingli_config_group`.`sort_order`, `bingli_config_group`.`isshow`, `bingli_config_group`.`system` FROM `bingli_config_group`
[Tue, 21 Apr 15 16:05:48 +0800][INFO] SELECT IF(COUNT(*)>0, 1 , 0) FROM `INFORMATION_SCHEMA`.`TABLES` WHERE `TABLE_NAME`='bingli_config'
[Tue, 21 Apr 15 16:05:48 +0800][INFO] DESCRIBE `bingli_config`
[Tue, 21 Apr 15 16:05:48 +0800][INFO] SELECT `bingli_config`.`id`, `bingli_config`.`group_id`, `bingli_config`.`name`, `bingli_config`.`value`, `bingli_config`.`title` FROM `bingli_config` WHERE `bingli_config`.`group_id` = 1
[Tue, 21 Apr 15 16:05:48 +0800][INFO] SELECT `bingli_config`.`id`, `bingli_config`.`group_id`, `bingli_config`.`name`, `bingli_config`.`value`, `bingli_config`.`title` FROM `bingli_config` WHERE `bingli_config`.`group_id` = 2
[Tue, 21 Apr 15 16:06:27 +0800][INFO] SELECT IF(COUNT(*)>0, 1 , 0) FROM `INFORMATION_SCHEMA`.`TABLES` WHERE `TABLE_NAME`='bingli_config_group'
[Tue, 21 Apr 15 16:06:27 +0800][INFO] DESCRIBE `bingli_config_group`
[Tue, 21 Apr 15 16:06:27 +0800][INFO] SELECT `bingli_config_group`.`id`, `bingli_config_group`.`name`, `bingli_config_group`.`title`, `bingli_config_group`.`sort_order`, `bingli_config_group`.`isshow`, `bingli_config_group`.`system` FROM `bingli_config_group`
[Tue, 21 Apr 15 16:06:27 +0800][INFO] SELECT IF(COUNT(*)>0, 1 , 0) FROM `INFORMATION_SCHEMA`.`TABLES` WHERE `TABLE_NAME`='bingli_config'
[Tue, 21 Apr 15 16:06:27 +0800][INFO] DESCRIBE `bingli_config`
[Tue, 21 Apr 15 16:06:27 +0800][INFO] SELECT `bingli_config`.`id`, `bingli_config`.`group_id`, `bingli_config`.`name`, `bingli_config`.`value`, `bingli_config`.`title` FROM `bingli_config` WHERE `bingli_config`.`group_id` = 1
[Tue, 21 Apr 15 16:06:27 +0800][INFO] SELECT `bingli_config`.`id`, `bingli_config`.`group_id`, `bingli_config`.`name`, `bingli_config`.`value`, `bingli_config`.`title` FROM `bingli_config` WHERE `bingli_config`.`group_id` = 2
[Tue, 21 Apr 15 16:07:04 +0800][INFO] SELECT COUNT(*) AS `rowcount` FROM `bingli_log`
[Tue, 21 Apr 15 16:07:04 +0800][INFO] SELECT `a`.`addtime` AS `addtime`, `a`.`type` AS `type`, `a`.`info` AS `info`, `a`.`id` AS `id`, `b`.`username` AS `username` FROM `bingli_log` AS `a` LEFT JOIN `bingli_user` AS `b` ON `a`.`user_id` = `b`.`id`  LIMIT 10 OFFSET 0
[Tue, 21 Apr 15 16:07:08 +0800][INFO] SELECT IF(COUNT(*)>0, 1 , 0) FROM `INFORMATION_SCHEMA`.`TABLES` WHERE `TABLE_NAME`='bingli_channel'
[Tue, 21 Apr 15 16:07:08 +0800][INFO] DESCRIBE `bingli_channel`
[Tue, 21 Apr 15 16:07:08 +0800][INFO] SELECT `bingli_channel`.`id`, `bingli_channel`.`attr`, `bingli_channel`.`title`, `bingli_channel`.`target`, `bingli_channel`.`index_rule`, `bingli_channel`.`list_rule`, `bingli_channel`.`content_rule`, `bingli_channel`.`seo_title`, `bingli_channel`.`seo_keyword`, `bingli_channel`.`seo_description`, `bingli_channel`.`is_show`, `bingli_channel`.`sort` FROM `bingli_channel`
[Tue, 21 Apr 15 16:07:08 +0800][INFO] SELECT IF(COUNT(*)>0, 1 , 0) FROM `INFORMATION_SCHEMA`.`TABLES` WHERE `TABLE_NAME`='bingli_category'
[Tue, 21 Apr 15 16:07:08 +0800][INFO] DESCRIBE `bingli_category`
[Tue, 21 Apr 15 16:07:08 +0800][INFO] SELECT `bingli_category`.`id`, `bingli_category`.`channel_id`, `bingli_category`.`parent_id`, `bingli_category`.`image`, `bingli_category`.`title`, `bingli_category`.`list_rule`, `bingli_category`.`content_rule`, `bingli_category`.`seo_title`, `bingli_category`.`seo_keyword`, `bingli_category`.`seo_description`, `bingli_category`.`sort` FROM `bingli_category`
[Tue, 21 Apr 15 16:07:09 +0800][INFO] SELECT IF(COUNT(*)>0, 1 , 0) FROM `INFORMATION_SCHEMA`.`TABLES` WHERE `TABLE_NAME`='bingli_channel'
[Tue, 21 Apr 15 16:07:09 +0800][INFO] DESCRIBE `bingli_channel`
[Tue, 21 Apr 15 16:07:09 +0800][INFO] SELECT `bingli_channel`.`id`, `bingli_channel`.`attr`, `bingli_channel`.`title`, `bingli_channel`.`target`, `bingli_channel`.`index_rule`, `bingli_channel`.`list_rule`, `bingli_channel`.`content_rule`, `bingli_channel`.`seo_title`, `bingli_channel`.`seo_keyword`, `bingli_channel`.`seo_description`, `bingli_channel`.`is_show`, `bingli_channel`.`sort` FROM `bingli_channel`
[Tue, 21 Apr 15 16:07:17 +0800][INFO] SELECT IF(COUNT(*)>0, 1 , 0) FROM `INFORMATION_SCHEMA`.`TABLES` WHERE `TABLE_NAME`='bingli_channel'
[Tue, 21 Apr 15 16:07:17 +0800][INFO] DESCRIBE `bingli_channel`
[Tue, 21 Apr 15 16:07:17 +0800][INFO] SELECT `bingli_channel`.`id`, `bingli_channel`.`attr`, `bingli_channel`.`title`, `bingli_channel`.`target`, `bingli_channel`.`index_rule`, `bingli_channel`.`list_rule`, `bingli_channel`.`content_rule`, `bingli_channel`.`seo_title`, `bingli_channel`.`seo_keyword`, `bingli_channel`.`seo_description`, `bingli_channel`.`is_show`, `bingli_channel`.`sort` FROM `bingli_channel`
[Tue, 21 Apr 15 17:19:31 +0800][INFO] SELECT IF(COUNT(*)>0, 1 , 0) FROM `INFORMATION_SCHEMA`.`TABLES` WHERE `TABLE_NAME`='bingli_user'
[Tue, 21 Apr 15 17:19:31 +0800][INFO] DESCRIBE `bingli_user`
[Tue, 21 Apr 15 17:19:31 +0800][INFO] SELECT `bingli_user`.`id`, `bingli_user`.`username`, `bingli_user`.`password`, `bingli_user`.`encryption`, `bingli_user`.`loginip`, `bingli_user`.`logintime`, `bingli_user`.`sort`, `bingli_user`.`email`, `bingli_user`.`phone`, `bingli_user`.`status`, `bingli_user`.`addtime` FROM `bingli_user` WHERE `bingli_user`.`username` = :0 LIMIT 1
[Tue, 21 Apr 15 17:19:31 +0800][INFO] SELECT `b`.`name` AS `name` FROM `bingli_user_role` AS `a` INNER JOIN `bingli_role` AS `b` ON `a`.`role_id` = `b`.`id` AND `a`.`user_id` = 1 
[Tue, 21 Apr 15 17:30:43 +0800][INFO] SELECT IF(COUNT(*)>0, 1 , 0) FROM `INFORMATION_SCHEMA`.`TABLES` WHERE `TABLE_NAME`='bingli_config_group'
[Tue, 21 Apr 15 17:30:43 +0800][INFO] DESCRIBE `bingli_config_group`
[Tue, 21 Apr 15 17:30:43 +0800][INFO] SELECT `bingli_config_group`.`id`, `bingli_config_group`.`name`, `bingli_config_group`.`title`, `bingli_config_group`.`sort_order`, `bingli_config_group`.`isshow`, `bingli_config_group`.`system` FROM `bingli_config_group`
[Tue, 21 Apr 15 17:30:43 +0800][INFO] SELECT IF(COUNT(*)>0, 1 , 0) FROM `INFORMATION_SCHEMA`.`TABLES` WHERE `TABLE_NAME`='bingli_config'
[Tue, 21 Apr 15 17:30:43 +0800][INFO] DESCRIBE `bingli_config`
[Tue, 21 Apr 15 17:30:43 +0800][INFO] SELECT `bingli_config`.`id`, `bingli_config`.`group_id`, `bingli_config`.`name`, `bingli_config`.`value`, `bingli_config`.`title` FROM `bingli_config` WHERE `bingli_config`.`group_id` = 1
[Tue, 21 Apr 15 17:30:43 +0800][INFO] SELECT `bingli_config`.`id`, `bingli_config`.`group_id`, `bingli_config`.`name`, `bingli_config`.`value`, `bingli_config`.`title` FROM `bingli_config` WHERE `bingli_config`.`group_id` = 2
[Tue, 21 Apr 15 17:31:26 +0800][INFO] SELECT IF(COUNT(*)>0, 1 , 0) FROM `INFORMATION_SCHEMA`.`TABLES` WHERE `TABLE_NAME`='bingli_config_group'
[Tue, 21 Apr 15 17:31:26 +0800][INFO] DESCRIBE `bingli_config_group`
[Tue, 21 Apr 15 17:31:26 +0800][INFO] SELECT `bingli_config_group`.`id`, `bingli_config_group`.`name`, `bingli_config_group`.`title`, `bingli_config_group`.`sort_order`, `bingli_config_group`.`isshow`, `bingli_config_group`.`system` FROM `bingli_config_group`
[Tue, 21 Apr 15 17:31:31 +0800][INFO] SELECT IF(COUNT(*)>0, 1 , 0) FROM `INFORMATION_SCHEMA`.`TABLES` WHERE `TABLE_NAME`='bingli_config_group'
[Tue, 21 Apr 15 17:31:31 +0800][INFO] DESCRIBE `bingli_config_group`
[Tue, 21 Apr 15 17:31:31 +0800][INFO] SELECT `bingli_config_group`.`id`, `bingli_config_group`.`name`, `bingli_config_group`.`title`, `bingli_config_group`.`sort_order`, `bingli_config_group`.`isshow`, `bingli_config_group`.`system` FROM `bingli_config_group`
[Tue, 21 Apr 15 17:31:31 +0800][INFO] SELECT IF(COUNT(*)>0, 1 , 0) FROM `INFORMATION_SCHEMA`.`TABLES` WHERE `TABLE_NAME`='bingli_config'
[Tue, 21 Apr 15 17:31:31 +0800][INFO] DESCRIBE `bingli_config`
[Tue, 21 Apr 15 17:31:31 +0800][INFO] SELECT `bingli_config`.`id`, `bingli_config`.`group_id`, `bingli_config`.`name`, `bingli_config`.`value`, `bingli_config`.`title` FROM `bingli_config` WHERE `bingli_config`.`group_id` = 1
[Tue, 21 Apr 15 17:31:31 +0800][INFO] SELECT `bingli_config`.`id`, `bingli_config`.`group_id`, `bingli_config`.`name`, `bingli_config`.`value`, `bingli_config`.`title` FROM `bingli_config` WHERE `bingli_config`.`group_id` = 2
[Tue, 21 Apr 15 17:32:17 +0800][INFO] SELECT COUNT(*) AS `rowcount` FROM `bingli_log`
[Tue, 21 Apr 15 17:32:17 +0800][INFO] SELECT `a`.`addtime` AS `addtime`, `a`.`type` AS `type`, `a`.`info` AS `info`, `a`.`id` AS `id`, `b`.`username` AS `username` FROM `bingli_log` AS `a` LEFT JOIN `bingli_user` AS `b` ON `a`.`user_id` = `b`.`id`  LIMIT 10 OFFSET 0
[Tue, 21 Apr 15 17:32:23 +0800][INFO] SELECT IF(COUNT(*)>0, 1 , 0) FROM `INFORMATION_SCHEMA`.`TABLES` WHERE `TABLE_NAME`='bingli_config_group'
[Tue, 21 Apr 15 17:32:23 +0800][INFO] DESCRIBE `bingli_config_group`
[Tue, 21 Apr 15 17:32:23 +0800][INFO] SELECT `bingli_config_group`.`id`, `bingli_config_group`.`name`, `bingli_config_group`.`title`, `bingli_config_group`.`sort_order`, `bingli_config_group`.`isshow`, `bingli_config_group`.`system` FROM `bingli_config_group`
[Tue, 21 Apr 15 17:32:23 +0800][INFO] SELECT IF(COUNT(*)>0, 1 , 0) FROM `INFORMATION_SCHEMA`.`TABLES` WHERE `TABLE_NAME`='bingli_config'
[Tue, 21 Apr 15 17:32:23 +0800][INFO] DESCRIBE `bingli_config`
[Tue, 21 Apr 15 17:32:23 +0800][INFO] SELECT `bingli_config`.`id`, `bingli_config`.`group_id`, `bingli_config`.`name`, `bingli_config`.`value`, `bingli_config`.`title` FROM `bingli_config` WHERE `bingli_config`.`group_id` = 1
[Tue, 21 Apr 15 17:32:23 +0800][INFO] SELECT `bingli_config`.`id`, `bingli_config`.`group_id`, `bingli_config`.`name`, `bingli_config`.`value`, `bingli_config`.`title` FROM `bingli_config` WHERE `bingli_config`.`group_id` = 2
[Tue, 21 Apr 15 17:32:28 +0800][INFO] SELECT IF(COUNT(*)>0, 1 , 0) FROM `INFORMATION_SCHEMA`.`TABLES` WHERE `TABLE_NAME`='bingli_config_group'
[Tue, 21 Apr 15 17:32:28 +0800][INFO] DESCRIBE `bingli_config_group`
[Tue, 21 Apr 15 17:32:28 +0800][INFO] SELECT `bingli_config_group`.`id`, `bingli_config_group`.`name`, `bingli_config_group`.`title`, `bingli_config_group`.`sort_order`, `bingli_config_group`.`isshow`, `bingli_config_group`.`system` FROM `bingli_config_group`
[Tue, 21 Apr 15 17:36:08 +0800][INFO] SELECT IF(COUNT(*)>0, 1 , 0) FROM `INFORMATION_SCHEMA`.`TABLES` WHERE `TABLE_NAME`='bingli_config_group'
[Tue, 21 Apr 15 17:36:08 +0800][INFO] DESCRIBE `bingli_config_group`
[Tue, 21 Apr 15 17:36:08 +0800][INFO] SELECT `bingli_config_group`.`id`, `bingli_config_group`.`name`, `bingli_config_group`.`title`, `bingli_config_group`.`sort_order`, `bingli_config_group`.`isshow`, `bingli_config_group`.`system` FROM `bingli_config_group`
[Tue, 21 Apr 15 17:36:09 +0800][INFO] SELECT IF(COUNT(*)>0, 1 , 0) FROM `INFORMATION_SCHEMA`.`TABLES` WHERE `TABLE_NAME`='bingli_config_group'
[Tue, 21 Apr 15 17:36:09 +0800][INFO] DESCRIBE `bingli_config_group`
[Tue, 21 Apr 15 17:36:09 +0800][INFO] SELECT `bingli_config_group`.`id`, `bingli_config_group`.`name`, `bingli_config_group`.`title`, `bingli_config_group`.`sort_order`, `bingli_config_group`.`isshow`, `bingli_config_group`.`system` FROM `bingli_config_group` WHERE `bingli_config_group`.`id` = :0 LIMIT 1
[Tue, 21 Apr 15 17:36:59 +0800][INFO] SELECT IF(COUNT(*)>0, 1 , 0) FROM `INFORMATION_SCHEMA`.`TABLES` WHERE `TABLE_NAME`='bingli_config_group'
[Tue, 21 Apr 15 17:36:59 +0800][INFO] DESCRIBE `bingli_config_group`
[Tue, 21 Apr 15 17:36:59 +0800][INFO] SELECT `bingli_config_group`.`id`, `bingli_config_group`.`name`, `bingli_config_group`.`title`, `bingli_config_group`.`sort_order`, `bingli_config_group`.`isshow`, `bingli_config_group`.`system` FROM `bingli_config_group` WHERE `bingli_config_group`.`id` = :0 LIMIT 1
[Tue, 21 Apr 15 17:36:59 +0800][INFO] UPDATE `bingli_config_group` SET `name` = ?, `title` = ?, `sort_order` = ?, `isshow` = null, `system` = null WHERE `id` = ?
[Tue, 21 Apr 15 17:37:01 +0800][INFO] SELECT IF(COUNT(*)>0, 1 , 0) FROM `INFORMATION_SCHEMA`.`TABLES` WHERE `TABLE_NAME`='bingli_config_group'
[Tue, 21 Apr 15 17:37:01 +0800][INFO] DESCRIBE `bingli_config_group`
[Tue, 21 Apr 15 17:37:01 +0800][INFO] SELECT `bingli_config_group`.`id`, `bingli_config_group`.`name`, `bingli_config_group`.`title`, `bingli_config_group`.`sort_order`, `bingli_config_group`.`isshow`, `bingli_config_group`.`system` FROM `bingli_config_group`
[Tue, 21 Apr 15 17:37:24 +0800][INFO] SELECT IF(COUNT(*)>0, 1 , 0) FROM `INFORMATION_SCHEMA`.`TABLES` WHERE `TABLE_NAME`='bingli_config_group'
[Tue, 21 Apr 15 17:37:24 +0800][INFO] DESCRIBE `bingli_config_group`
[Tue, 21 Apr 15 17:37:24 +0800][INFO] SELECT `bingli_config_group`.`id`, `bingli_config_group`.`name`, `bingli_config_group`.`title`, `bingli_config_group`.`sort_order`, `bingli_config_group`.`isshow`, `bingli_config_group`.`system` FROM `bingli_config_group` WHERE `bingli_config_group`.`id` = :0 LIMIT 1
[Tue, 21 Apr 15 17:37:49 +0800][INFO] SELECT IF(COUNT(*)>0, 1 , 0) FROM `INFORMATION_SCHEMA`.`TABLES` WHERE `TABLE_NAME`='bingli_config_group'
[Tue, 21 Apr 15 17:37:49 +0800][INFO] DESCRIBE `bingli_config_group`
[Tue, 21 Apr 15 17:37:49 +0800][INFO] SELECT `bingli_config_group`.`id`, `bingli_config_group`.`name`, `bingli_config_group`.`title`, `bingli_config_group`.`sort_order`, `bingli_config_group`.`isshow`, `bingli_config_group`.`system` FROM `bingli_config_group` WHERE `bingli_config_group`.`id` = :0 LIMIT 1
[Tue, 21 Apr 15 17:37:49 +0800][INFO] UPDATE `bingli_config_group` SET `name` = ?, `title` = ?, `sort_order` = ?, `isshow` = ?, `system` = ? WHERE `id` = ?
[Tue, 21 Apr 15 17:37:52 +0800][INFO] SELECT IF(COUNT(*)>0, 1 , 0) FROM `INFORMATION_SCHEMA`.`TABLES` WHERE `TABLE_NAME`='bingli_config_group'
[Tue, 21 Apr 15 17:37:52 +0800][INFO] DESCRIBE `bingli_config_group`
[Tue, 21 Apr 15 17:37:52 +0800][INFO] SELECT `bingli_config_group`.`id`, `bingli_config_group`.`name`, `bingli_config_group`.`title`, `bingli_config_group`.`sort_order`, `bingli_config_group`.`isshow`, `bingli_config_group`.`system` FROM `bingli_config_group`
[Tue, 21 Apr 15 17:39:02 +0800][INFO] SELECT IF(COUNT(*)>0, 1 , 0) FROM `INFORMATION_SCHEMA`.`TABLES` WHERE `TABLE_NAME`='bingli_config_group'
[Tue, 21 Apr 15 17:39:02 +0800][INFO] DESCRIBE `bingli_config_group`
[Tue, 21 Apr 15 17:39:02 +0800][INFO] SELECT `bingli_config_group`.`id`, `bingli_config_group`.`name`, `bingli_config_group`.`title`, `bingli_config_group`.`sort_order`, `bingli_config_group`.`isshow`, `bingli_config_group`.`system` FROM `bingli_config_group`
[Tue, 21 Apr 15 17:39:05 +0800][INFO] SELECT IF(COUNT(*)>0, 1 , 0) FROM `INFORMATION_SCHEMA`.`TABLES` WHERE `TABLE_NAME`='bingli_config_group'
[Tue, 21 Apr 15 17:39:05 +0800][INFO] DESCRIBE `bingli_config_group`
[Tue, 21 Apr 15 17:39:05 +0800][INFO] SELECT `bingli_config_group`.`id`, `bingli_config_group`.`name`, `bingli_config_group`.`title`, `bingli_config_group`.`sort_order`, `bingli_config_group`.`isshow`, `bingli_config_group`.`system` FROM `bingli_config_group`
[Tue, 21 Apr 15 17:39:05 +0800][INFO] SELECT IF(COUNT(*)>0, 1 , 0) FROM `INFORMATION_SCHEMA`.`TABLES` WHERE `TABLE_NAME`='bingli_config'
[Tue, 21 Apr 15 17:39:05 +0800][INFO] DESCRIBE `bingli_config`
[Tue, 21 Apr 15 17:39:05 +0800][INFO] SELECT `bingli_config`.`id`, `bingli_config`.`group_id`, `bingli_config`.`name`, `bingli_config`.`value`, `bingli_config`.`title` FROM `bingli_config` WHERE `bingli_config`.`group_id` = 1
[Tue, 21 Apr 15 17:39:05 +0800][INFO] SELECT `bingli_config`.`id`, `bingli_config`.`group_id`, `bingli_config`.`name`, `bingli_config`.`value`, `bingli_config`.`title` FROM `bingli_config` WHERE `bingli_config`.`group_id` = 2
[Tue, 21 Apr 15 17:39:08 +0800][INFO] SELECT IF(COUNT(*)>0, 1 , 0) FROM `INFORMATION_SCHEMA`.`TABLES` WHERE `TABLE_NAME`='bingli_config_group'
[Tue, 21 Apr 15 17:39:08 +0800][INFO] DESCRIBE `bingli_config_group`
[Tue, 21 Apr 15 17:39:08 +0800][INFO] SELECT `bingli_config_group`.`id`, `bingli_config_group`.`name`, `bingli_config_group`.`title`, `bingli_config_group`.`sort_order`, `bingli_config_group`.`isshow`, `bingli_config_group`.`system` FROM `bingli_config_group`
[Tue, 21 Apr 15 17:40:49 +0800][INFO] SELECT COUNT(*) AS `rowcount` FROM `bingli_member`
[Tue, 21 Apr 15 17:40:49 +0800][INFO] SELECT IF(COUNT(*)>0, 1 , 0) FROM `INFORMATION_SCHEMA`.`TABLES` WHERE `TABLE_NAME`='bingli_member'
[Tue, 21 Apr 15 17:40:49 +0800][INFO] DESCRIBE `bingli_member`
[Tue, 21 Apr 15 17:40:49 +0800][INFO] SELECT `bingli_member`.`id`, `bingli_member`.`username`, `bingli_member`.`password`, `bingli_member`.`name`, `bingli_member`.`encrypt`, `bingli_member`.`age`, `bingli_member`.`sex`, `bingli_member`.`phone`, `bingli_member`.`email`, `bingli_member`.`description`, `bingli_member`.`created_at`, `bingli_member`.`active`, `bingli_member`.`status`, `bingli_member`.`permis`, `bingli_member`.`birth_date`, `bingli_member`.`create_time`, `bingli_member`.`update_time`, `bingli_member`.`login_times`, `bingli_member`.`address`, `bingli_member`.`photo` FROM `bingli_member` LIMIT 10 OFFSET 0
[Tue, 21 Apr 15 17:40:59 +0800][INFO] SELECT IF(COUNT(*)>0, 1 , 0) FROM `INFORMATION_SCHEMA`.`TABLES` WHERE `TABLE_NAME`='bingli_config_group'
[Tue, 21 Apr 15 17:40:59 +0800][INFO] DESCRIBE `bingli_config_group`
[Tue, 21 Apr 15 17:40:59 +0800][INFO] SELECT `bingli_config_group`.`id`, `bingli_config_group`.`name`, `bingli_config_group`.`title`, `bingli_config_group`.`sort_order`, `bingli_config_group`.`isshow`, `bingli_config_group`.`system` FROM `bingli_config_group`
[Tue, 21 Apr 15 17:42:27 +0800][INFO] SELECT IF(COUNT(*)>0, 1 , 0) FROM `INFORMATION_SCHEMA`.`TABLES` WHERE `TABLE_NAME`='bingli_config'
[Tue, 21 Apr 15 17:42:27 +0800][INFO] DESCRIBE `bingli_config`
[Tue, 21 Apr 15 17:44:01 +0800][INFO] SELECT IF(COUNT(*)>0, 1 , 0) FROM `INFORMATION_SCHEMA`.`TABLES` WHERE `TABLE_NAME`='bingli_config_group'
[Tue, 21 Apr 15 17:44:01 +0800][INFO] DESCRIBE `bingli_config_group`
[Tue, 21 Apr 15 17:44:01 +0800][INFO] SELECT `bingli_config_group`.`id`, `bingli_config_group`.`name`, `bingli_config_group`.`title`, `bingli_config_group`.`sort_order`, `bingli_config_group`.`isshow`, `bingli_config_group`.`system` FROM `bingli_config_group`
[Tue, 21 Apr 15 17:44:03 +0800][INFO] SELECT IF(COUNT(*)>0, 1 , 0) FROM `INFORMATION_SCHEMA`.`TABLES` WHERE `TABLE_NAME`='bingli_config_group'
[Tue, 21 Apr 15 17:44:03 +0800][INFO] DESCRIBE `bingli_config_group`
[Tue, 21 Apr 15 17:44:03 +0800][INFO] SELECT `bingli_config_group`.`id`, `bingli_config_group`.`name`, `bingli_config_group`.`title`, `bingli_config_group`.`sort_order`, `bingli_config_group`.`isshow`, `bingli_config_group`.`system` FROM `bingli_config_group`
[Tue, 21 Apr 15 17:44:03 +0800][INFO] SELECT IF(COUNT(*)>0, 1 , 0) FROM `INFORMATION_SCHEMA`.`TABLES` WHERE `TABLE_NAME`='bingli_config'
[Tue, 21 Apr 15 17:44:03 +0800][INFO] DESCRIBE `bingli_config`
[Tue, 21 Apr 15 17:44:03 +0800][INFO] SELECT `bingli_config`.`id`, `bingli_config`.`group_id`, `bingli_config`.`name`, `bingli_config`.`value`, `bingli_config`.`title` FROM `bingli_config` WHERE `bingli_config`.`group_id` = 1
[Tue, 21 Apr 15 17:44:03 +0800][INFO] SELECT `bingli_config`.`id`, `bingli_config`.`group_id`, `bingli_config`.`name`, `bingli_config`.`value`, `bingli_config`.`title` FROM `bingli_config` WHERE `bingli_config`.`group_id` = 2
[Tue, 21 Apr 15 17:44:04 +0800][INFO] SELECT IF(COUNT(*)>0, 1 , 0) FROM `INFORMATION_SCHEMA`.`TABLES` WHERE `TABLE_NAME`='bingli_config_group'
[Tue, 21 Apr 15 17:44:04 +0800][INFO] DESCRIBE `bingli_config_group`
[Tue, 21 Apr 15 17:44:04 +0800][INFO] SELECT `bingli_config_group`.`id`, `bingli_config_group`.`name`, `bingli_config_group`.`title`, `bingli_config_group`.`sort_order`, `bingli_config_group`.`isshow`, `bingli_config_group`.`system` FROM `bingli_config_group`
[Tue, 21 Apr 15 17:44:27 +0800][INFO] SELECT IF(COUNT(*)>0, 1 , 0) FROM `INFORMATION_SCHEMA`.`TABLES` WHERE `TABLE_NAME`='bingli_config'
[Tue, 21 Apr 15 17:44:27 +0800][INFO] DESCRIBE `bingli_config`
[Tue, 21 Apr 15 17:44:27 +0800][INFO] INSERT INTO `bingli_config` (`group_id`, `name`, `value`, `title`) VALUES (?, ?, ?, ?)
[Tue, 21 Apr 15 17:44:29 +0800][INFO] SELECT IF(COUNT(*)>0, 1 , 0) FROM `INFORMATION_SCHEMA`.`TABLES` WHERE `TABLE_NAME`='bingli_config_group'
[Tue, 21 Apr 15 17:44:29 +0800][INFO] DESCRIBE `bingli_config_group`
[Tue, 21 Apr 15 17:44:29 +0800][INFO] SELECT `bingli_config_group`.`id`, `bingli_config_group`.`name`, `bingli_config_group`.`title`, `bingli_config_group`.`sort_order`, `bingli_config_group`.`isshow`, `bingli_config_group`.`system` FROM `bingli_config_group`
[Tue, 21 Apr 15 17:44:29 +0800][INFO] SELECT IF(COUNT(*)>0, 1 , 0) FROM `INFORMATION_SCHEMA`.`TABLES` WHERE `TABLE_NAME`='bingli_config'
[Tue, 21 Apr 15 17:44:29 +0800][INFO] DESCRIBE `bingli_config`
[Tue, 21 Apr 15 17:44:29 +0800][INFO] SELECT `bingli_config`.`id`, `bingli_config`.`group_id`, `bingli_config`.`name`, `bingli_config`.`value`, `bingli_config`.`title` FROM `bingli_config` WHERE `bingli_config`.`group_id` = 1
[Tue, 21 Apr 15 17:44:29 +0800][INFO] SELECT `bingli_config`.`id`, `bingli_config`.`group_id`, `bingli_config`.`name`, `bingli_config`.`value`, `bingli_config`.`title` FROM `bingli_config` WHERE `bingli_config`.`group_id` = 2
[Tue, 21 Apr 15 17:48:44 +0800][INFO] SELECT IF(COUNT(*)>0, 1 , 0) FROM `INFORMATION_SCHEMA`.`TABLES` WHERE `TABLE_NAME`='bingli_config_group'
[Tue, 21 Apr 15 17:48:44 +0800][INFO] DESCRIBE `bingli_config_group`
[Tue, 21 Apr 15 17:48:44 +0800][INFO] SELECT `bingli_config_group`.`id`, `bingli_config_group`.`name`, `bingli_config_group`.`title`, `bingli_config_group`.`sort_order`, `bingli_config_group`.`isshow`, `bingli_config_group`.`system` FROM `bingli_config_group`
[Tue, 21 Apr 15 18:05:54 +0800][INFO] SELECT IF(COUNT(*)>0, 1 , 0) FROM `INFORMATION_SCHEMA`.`TABLES` WHERE `TABLE_NAME`='bingli_config_group'
[Tue, 21 Apr 15 18:05:54 +0800][INFO] DESCRIBE `bingli_config_group`
[Tue, 21 Apr 15 18:05:54 +0800][INFO] SELECT `bingli_config_group`.`id`, `bingli_config_group`.`name`, `bingli_config_group`.`title`, `bingli_config_group`.`sort_order`, `bingli_config_group`.`isshow`, `bingli_config_group`.`system` FROM `bingli_config_group`
[Tue, 21 Apr 15 18:05:54 +0800][INFO] SELECT IF(COUNT(*)>0, 1 , 0) FROM `INFORMATION_SCHEMA`.`TABLES` WHERE `TABLE_NAME`='bingli_config'
[Tue, 21 Apr 15 18:05:54 +0800][INFO] DESCRIBE `bingli_config`
[Tue, 21 Apr 15 18:05:54 +0800][INFO] SELECT `bingli_config`.`id`, `bingli_config`.`group_id`, `bingli_config`.`name`, `bingli_config`.`value`, `bingli_config`.`title` FROM `bingli_config` WHERE `bingli_config`.`group_id` = 1
[Tue, 21 Apr 15 18:05:54 +0800][INFO] SELECT `bingli_config`.`id`, `bingli_config`.`group_id`, `bingli_config`.`name`, `bingli_config`.`value`, `bingli_config`.`title` FROM `bingli_config` WHERE `bingli_config`.`group_id` = 2
[Tue, 21 Apr 15 18:07:15 +0800][INFO] SELECT IF(COUNT(*)>0, 1 , 0) FROM `INFORMATION_SCHEMA`.`TABLES` WHERE `TABLE_NAME`='bingli_config_group'
[Tue, 21 Apr 15 18:07:15 +0800][INFO] DESCRIBE `bingli_config_group`
[Tue, 21 Apr 15 18:07:15 +0800][INFO] SELECT `bingli_config_group`.`id`, `bingli_config_group`.`name`, `bingli_config_group`.`title`, `bingli_config_group`.`sort_order`, `bingli_config_group`.`isshow`, `bingli_config_group`.`system` FROM `bingli_config_group`
[Tue, 21 Apr 15 18:07:15 +0800][INFO] SELECT IF(COUNT(*)>0, 1 , 0) FROM `INFORMATION_SCHEMA`.`TABLES` WHERE `TABLE_NAME`='bingli_config_group'
[Tue, 21 Apr 15 18:07:15 +0800][INFO] DESCRIBE `bingli_config_group`
[Tue, 21 Apr 15 18:07:15 +0800][INFO] SELECT `bingli_config_group`.`id`, `bingli_config_group`.`name`, `bingli_config_group`.`title`, `bingli_config_group`.`sort_order`, `bingli_config_group`.`isshow`, `bingli_config_group`.`system` FROM `bingli_config_group`
[Tue, 21 Apr 15 18:07:15 +0800][INFO] SELECT IF(COUNT(*)>0, 1 , 0) FROM `INFORMATION_SCHEMA`.`TABLES` WHERE `TABLE_NAME`='bingli_config'
[Tue, 21 Apr 15 18:07:15 +0800][INFO] DESCRIBE `bingli_config`
[Tue, 21 Apr 15 18:07:15 +0800][INFO] SELECT `bingli_config`.`id`, `bingli_config`.`group_id`, `bingli_config`.`name`, `bingli_config`.`value`, `bingli_config`.`title` FROM `bingli_config` WHERE `bingli_config`.`group_id` = 1
[Tue, 21 Apr 15 18:07:15 +0800][INFO] SELECT `bingli_config`.`id`, `bingli_config`.`group_id`, `bingli_config`.`name`, `bingli_config`.`value`, `bingli_config`.`title` FROM `bingli_config` WHERE `bingli_config`.`group_id` = 2
