[Thu, 23 Apr 15 16:24:16 +0800][INFO] SELECT IF(COUNT(*)>0, 1 , 0) FROM `INFORMATION_SCHEMA`.`TABLES` WHERE `TABLE_NAME`='bingli_user'
[Thu, 23 Apr 15 16:24:16 +0800][INFO] DESCRIBE `bingli_user`
[Thu, 23 Apr 15 16:24:16 +0800][INFO] SELECT `bingli_user`.`id`, `bingli_user`.`username`, `bingli_user`.`password`, `bingli_user`.`encryption`, `bingli_user`.`loginip`, `bingli_user`.`logintime`, `bingli_user`.`sort`, `bingli_user`.`email`, `bingli_user`.`phone`, `bingli_user`.`status`, `bingli_user`.`addtime` FROM `bingli_user` WHERE `bingli_user`.`username` = :0 LIMIT 1
[Thu, 23 Apr 15 16:24:16 +0800][INFO] SELECT `b`.`name` AS `name` FROM `bingli_user_role` AS `a` INNER JOIN `bingli_role` AS `b` ON `a`.`role_id` = `b`.`id` AND `a`.`user_id` = 1 
[Thu, 23 Apr 15 16:24:19 +0800][INFO] SELECT IF(COUNT(*)>0, 1 , 0) FROM `INFORMATION_SCHEMA`.`TABLES` WHERE `TABLE_NAME`='bingli_config_group'
[Thu, 23 Apr 15 16:24:19 +0800][INFO] DESCRIBE `bingli_config_group`
[Thu, 23 Apr 15 16:24:19 +0800][INFO] SELECT `bingli_config_group`.`id`, `bingli_config_group`.`name`, `bingli_config_group`.`title`, `bingli_config_group`.`sort_order`, `bingli_config_group`.`isshow`, `bingli_config_group`.`system` FROM `bingli_config_group`
[Thu, 23 Apr 15 16:24:22 +0800][INFO] SELECT IF(COUNT(*)>0, 1 , 0) FROM `INFORMATION_SCHEMA`.`TABLES` WHERE `TABLE_NAME`='bingli_config_group'
[Thu, 23 Apr 15 16:24:22 +0800][INFO] DESCRIBE `bingli_config_group`
[Thu, 23 Apr 15 16:24:22 +0800][INFO] SELECT `bingli_config_group`.`id`, `bingli_config_group`.`name`, `bingli_config_group`.`title`, `bingli_config_group`.`sort_order`, `bingli_config_group`.`isshow`, `bingli_config_group`.`system` FROM `bingli_config_group`
[Thu, 23 Apr 15 16:24:22 +0800][INFO] SELECT IF(COUNT(*)>0, 1 , 0) FROM `INFORMATION_SCHEMA`.`TABLES` WHERE `TABLE_NAME`='bingli_config'
[Thu, 23 Apr 15 16:24:22 +0800][INFO] DESCRIBE `bingli_config`
[Thu, 23 Apr 15 16:24:22 +0800][INFO] SELECT `bingli_config`.`id`, `bingli_config`.`group_id`, `bingli_config`.`name`, `bingli_config`.`value`, `bingli_config`.`title` FROM `bingli_config` WHERE `bingli_config`.`group_id` = 1
[Thu, 23 Apr 15 16:24:22 +0800][INFO] SELECT `bingli_config`.`id`, `bingli_config`.`group_id`, `bingli_config`.`name`, `bingli_config`.`value`, `bingli_config`.`title` FROM `bingli_config` WHERE `bingli_config`.`group_id` = 2
[Thu, 23 Apr 15 16:28:35 +0800][INFO] SELECT IF(COUNT(*)>0, 1 , 0) FROM `INFORMATION_SCHEMA`.`TABLES` WHERE `TABLE_NAME`='bingli_config_group'
[Thu, 23 Apr 15 16:28:35 +0800][INFO] DESCRIBE `bingli_config_group`
[Thu, 23 Apr 15 16:28:35 +0800][INFO] SELECT `bingli_config_group`.`id`, `bingli_config_group`.`name`, `bingli_config_group`.`title`, `bingli_config_group`.`sort_order`, `bingli_config_group`.`isshow`, `bingli_config_group`.`system` FROM `bingli_config_group`
[Thu, 23 Apr 15 16:28:35 +0800][INFO] SELECT IF(COUNT(*)>0, 1 , 0) FROM `INFORMATION_SCHEMA`.`TABLES` WHERE `TABLE_NAME`='bingli_config'
[Thu, 23 Apr 15 16:28:35 +0800][INFO] DESCRIBE `bingli_config`
[Thu, 23 Apr 15 16:28:35 +0800][INFO] SELECT `bingli_config`.`id`, `bingli_config`.`group_id`, `bingli_config`.`name`, `bingli_config`.`value`, `bingli_config`.`title` FROM `bingli_config` WHERE `bingli_config`.`group_id` = 1
[Thu, 23 Apr 15 16:28:35 +0800][INFO] SELECT `bingli_config`.`id`, `bingli_config`.`group_id`, `bingli_config`.`name`, `bingli_config`.`value`, `bingli_config`.`title` FROM `bingli_config` WHERE `bingli_config`.`group_id` = 2
[Thu, 23 Apr 15 16:28:38 +0800][INFO] SELECT IF(COUNT(*)>0, 1 , 0) FROM `INFORMATION_SCHEMA`.`TABLES` WHERE `TABLE_NAME`='bingli_config_group'
[Thu, 23 Apr 15 16:28:38 +0800][INFO] DESCRIBE `bingli_config_group`
[Thu, 23 Apr 15 16:28:38 +0800][INFO] SELECT `bingli_config_group`.`id`, `bingli_config_group`.`name`, `bingli_config_group`.`title`, `bingli_config_group`.`sort_order`, `bingli_config_group`.`isshow`, `bingli_config_group`.`system` FROM `bingli_config_group`
[Thu, 23 Apr 15 16:28:38 +0800][INFO] SELECT IF(COUNT(*)>0, 1 , 0) FROM `INFORMATION_SCHEMA`.`TABLES` WHERE `TABLE_NAME`='bingli_config'
[Thu, 23 Apr 15 16:28:38 +0800][INFO] DESCRIBE `bingli_config`
[Thu, 23 Apr 15 16:28:38 +0800][INFO] SELECT `bingli_config`.`id`, `bingli_config`.`group_id`, `bingli_config`.`name`, `bingli_config`.`value`, `bingli_config`.`title` FROM `bingli_config` WHERE `bingli_config`.`group_id` = 1
[Thu, 23 Apr 15 16:28:38 +0800][INFO] SELECT `bingli_config`.`id`, `bingli_config`.`group_id`, `bingli_config`.`name`, `bingli_config`.`value`, `bingli_config`.`title` FROM `bingli_config` WHERE `bingli_config`.`group_id` = 2
[Thu, 23 Apr 15 16:30:47 +0800][INFO] SELECT IF(COUNT(*)>0, 1 , 0) FROM `INFORMATION_SCHEMA`.`TABLES` WHERE `TABLE_NAME`='bingli_config_group'
[Thu, 23 Apr 15 16:30:47 +0800][INFO] DESCRIBE `bingli_config_group`
[Thu, 23 Apr 15 16:30:47 +0800][INFO] SELECT `bingli_config_group`.`id`, `bingli_config_group`.`name`, `bingli_config_group`.`title`, `bingli_config_group`.`sort_order`, `bingli_config_group`.`isshow`, `bingli_config_group`.`system` FROM `bingli_config_group`
[Thu, 23 Apr 15 16:30:47 +0800][INFO] SELECT IF(COUNT(*)>0, 1 , 0) FROM `INFORMATION_SCHEMA`.`TABLES` WHERE `TABLE_NAME`='bingli_config'
[Thu, 23 Apr 15 16:30:47 +0800][INFO] DESCRIBE `bingli_config`
[Thu, 23 Apr 15 16:30:47 +0800][INFO] SELECT `bingli_config`.`id`, `bingli_config`.`group_id`, `bingli_config`.`name`, `bingli_config`.`value`, `bingli_config`.`title` FROM `bingli_config` WHERE `bingli_config`.`group_id` = 1
[Thu, 23 Apr 15 16:31:16 +0800][INFO] SELECT IF(COUNT(*)>0, 1 , 0) FROM `INFORMATION_SCHEMA`.`TABLES` WHERE `TABLE_NAME`='bingli_config_group'
[Thu, 23 Apr 15 16:31:16 +0800][INFO] DESCRIBE `bingli_config_group`
[Thu, 23 Apr 15 16:31:16 +0800][INFO] SELECT `bingli_config_group`.`id`, `bingli_config_group`.`name`, `bingli_config_group`.`title`, `bingli_config_group`.`sort_order`, `bingli_config_group`.`isshow`, `bingli_config_group`.`system` FROM `bingli_config_group`
[Thu, 23 Apr 15 16:31:16 +0800][INFO] SELECT IF(COUNT(*)>0, 1 , 0) FROM `INFORMATION_SCHEMA`.`TABLES` WHERE `TABLE_NAME`='bingli_config'
[Thu, 23 Apr 15 16:31:16 +0800][INFO] DESCRIBE `bingli_config`
[Thu, 23 Apr 15 16:31:16 +0800][INFO] SELECT `bingli_config`.`id`, `bingli_config`.`group_id`, `bingli_config`.`name`, `bingli_config`.`value`, `bingli_config`.`title` FROM `bingli_config` WHERE `bingli_config`.`group_id` = 1
[Thu, 23 Apr 15 16:31:16 +0800][INFO] SELECT `bingli_config`.`id`, `bingli_config`.`group_id`, `bingli_config`.`name`, `bingli_config`.`value`, `bingli_config`.`title` FROM `bingli_config` WHERE `bingli_config`.`group_id` = 2
[Thu, 23 Apr 15 16:32:08 +0800][INFO] SELECT IF(COUNT(*)>0, 1 , 0) FROM `INFORMATION_SCHEMA`.`TABLES` WHERE `TABLE_NAME`='bingli_config_group'
[Thu, 23 Apr 15 16:32:08 +0800][INFO] DESCRIBE `bingli_config_group`
[Thu, 23 Apr 15 16:32:08 +0800][INFO] SELECT `bingli_config_group`.`id`, `bingli_config_group`.`name`, `bingli_config_group`.`title`, `bingli_config_group`.`sort_order`, `bingli_config_group`.`isshow`, `bingli_config_group`.`system` FROM `bingli_config_group`
[Thu, 23 Apr 15 16:32:08 +0800][INFO] SELECT IF(COUNT(*)>0, 1 , 0) FROM `INFORMATION_SCHEMA`.`TABLES` WHERE `TABLE_NAME`='bingli_config'
[Thu, 23 Apr 15 16:32:08 +0800][INFO] DESCRIBE `bingli_config`
[Thu, 23 Apr 15 16:32:08 +0800][INFO] SELECT `bingli_config`.`id`, `bingli_config`.`group_id`, `bingli_config`.`name`, `bingli_config`.`value`, `bingli_config`.`title` FROM `bingli_config` WHERE `bingli_config`.`group_id` = 1
[Thu, 23 Apr 15 16:32:08 +0800][INFO] SELECT `bingli_config`.`id`, `bingli_config`.`group_id`, `bingli_config`.`name`, `bingli_config`.`value`, `bingli_config`.`title` FROM `bingli_config` WHERE `bingli_config`.`group_id` = 2
[Thu, 23 Apr 15 16:32:36 +0800][INFO] SELECT IF(COUNT(*)>0, 1 , 0) FROM `INFORMATION_SCHEMA`.`TABLES` WHERE `TABLE_NAME`='bingli_config_group'
[Thu, 23 Apr 15 16:32:36 +0800][INFO] DESCRIBE `bingli_config_group`
[Thu, 23 Apr 15 16:32:36 +0800][INFO] SELECT `bingli_config_group`.`id`, `bingli_config_group`.`name`, `bingli_config_group`.`title`, `bingli_config_group`.`sort_order`, `bingli_config_group`.`isshow`, `bingli_config_group`.`system` FROM `bingli_config_group`
[Thu, 23 Apr 15 16:32:36 +0800][INFO] SELECT IF(COUNT(*)>0, 1 , 0) FROM `INFORMATION_SCHEMA`.`TABLES` WHERE `TABLE_NAME`='bingli_config'
[Thu, 23 Apr 15 16:32:36 +0800][INFO] DESCRIBE `bingli_config`
[Thu, 23 Apr 15 16:32:36 +0800][INFO] SELECT `bingli_config`.`id`, `bingli_config`.`group_id`, `bingli_config`.`name`, `bingli_config`.`value`, `bingli_config`.`title` FROM `bingli_config` WHERE `bingli_config`.`group_id` = 1
[Thu, 23 Apr 15 16:32:36 +0800][INFO] SELECT `bingli_config`.`id`, `bingli_config`.`group_id`, `bingli_config`.`name`, `bingli_config`.`value`, `bingli_config`.`title` FROM `bingli_config` WHERE `bingli_config`.`group_id` = 2
[Thu, 23 Apr 15 16:32:49 +0800][INFO] SELECT IF(COUNT(*)>0, 1 , 0) FROM `INFORMATION_SCHEMA`.`TABLES` WHERE `TABLE_NAME`='bingli_config_group'
[Thu, 23 Apr 15 16:32:49 +0800][INFO] DESCRIBE `bingli_config_group`
[Thu, 23 Apr 15 16:32:49 +0800][INFO] SELECT `bingli_config_group`.`id`, `bingli_config_group`.`name`, `bingli_config_group`.`title`, `bingli_config_group`.`sort_order`, `bingli_config_group`.`isshow`, `bingli_config_group`.`system` FROM `bingli_config_group`
[Thu, 23 Apr 15 16:32:49 +0800][INFO] SELECT IF(COUNT(*)>0, 1 , 0) FROM `INFORMATION_SCHEMA`.`TABLES` WHERE `TABLE_NAME`='bingli_config'
[Thu, 23 Apr 15 16:32:49 +0800][INFO] DESCRIBE `bingli_config`
[Thu, 23 Apr 15 16:32:49 +0800][INFO] SELECT `bingli_config`.`id`, `bingli_config`.`group_id`, `bingli_config`.`name`, `bingli_config`.`value`, `bingli_config`.`title` FROM `bingli_config` WHERE `bingli_config`.`group_id` = 1
[Thu, 23 Apr 15 16:32:49 +0800][INFO] SELECT `bingli_config`.`id`, `bingli_config`.`group_id`, `bingli_config`.`name`, `bingli_config`.`value`, `bingli_config`.`title` FROM `bingli_config` WHERE `bingli_config`.`group_id` = 2
[Thu, 23 Apr 15 16:33:30 +0800][INFO] SELECT IF(COUNT(*)>0, 1 , 0) FROM `INFORMATION_SCHEMA`.`TABLES` WHERE `TABLE_NAME`='bingli_config_group'
[Thu, 23 Apr 15 16:33:30 +0800][INFO] DESCRIBE `bingli_config_group`
[Thu, 23 Apr 15 16:33:30 +0800][INFO] SELECT `bingli_config_group`.`id`, `bingli_config_group`.`name`, `bingli_config_group`.`title`, `bingli_config_group`.`sort_order`, `bingli_config_group`.`isshow`, `bingli_config_group`.`system` FROM `bingli_config_group`
[Thu, 23 Apr 15 16:33:30 +0800][INFO] SELECT IF(COUNT(*)>0, 1 , 0) FROM `INFORMATION_SCHEMA`.`TABLES` WHERE `TABLE_NAME`='bingli_config'
[Thu, 23 Apr 15 16:33:30 +0800][INFO] DESCRIBE `bingli_config`
[Thu, 23 Apr 15 16:33:30 +0800][INFO] SELECT `bingli_config`.`id`, `bingli_config`.`group_id`, `bingli_config`.`name`, `bingli_config`.`value`, `bingli_config`.`title` FROM `bingli_config` WHERE `bingli_config`.`group_id` = 1
[Thu, 23 Apr 15 16:33:30 +0800][INFO] SELECT `bingli_config`.`id`, `bingli_config`.`group_id`, `bingli_config`.`name`, `bingli_config`.`value`, `bingli_config`.`title` FROM `bingli_config` WHERE `bingli_config`.`group_id` = 2
[Thu, 23 Apr 15 16:33:31 +0800][INFO] SELECT IF(COUNT(*)>0, 1 , 0) FROM `INFORMATION_SCHEMA`.`TABLES` WHERE `TABLE_NAME`='bingli_config_group'
[Thu, 23 Apr 15 16:33:31 +0800][INFO] DESCRIBE `bingli_config_group`
[Thu, 23 Apr 15 16:33:31 +0800][INFO] SELECT `bingli_config_group`.`id`, `bingli_config_group`.`name`, `bingli_config_group`.`title`, `bingli_config_group`.`sort_order`, `bingli_config_group`.`isshow`, `bingli_config_group`.`system` FROM `bingli_config_group`
[Thu, 23 Apr 15 16:33:31 +0800][INFO] SELECT IF(COUNT(*)>0, 1 , 0) FROM `INFORMATION_SCHEMA`.`TABLES` WHERE `TABLE_NAME`='bingli_config'
[Thu, 23 Apr 15 16:33:31 +0800][INFO] DESCRIBE `bingli_config`
[Thu, 23 Apr 15 16:33:31 +0800][INFO] SELECT `bingli_config`.`id`, `bingli_config`.`group_id`, `bingli_config`.`name`, `bingli_config`.`value`, `bingli_config`.`title` FROM `bingli_config` WHERE `bingli_config`.`group_id` = 1
[Thu, 23 Apr 15 16:33:31 +0800][INFO] SELECT `bingli_config`.`id`, `bingli_config`.`group_id`, `bingli_config`.`name`, `bingli_config`.`value`, `bingli_config`.`title` FROM `bingli_config` WHERE `bingli_config`.`group_id` = 2
[Thu, 23 Apr 15 16:33:31 +0800][INFO] SELECT IF(COUNT(*)>0, 1 , 0) FROM `INFORMATION_SCHEMA`.`TABLES` WHERE `TABLE_NAME`='bingli_config_group'
[Thu, 23 Apr 15 16:33:31 +0800][INFO] DESCRIBE `bingli_config_group`
[Thu, 23 Apr 15 16:33:31 +0800][INFO] SELECT `bingli_config_group`.`id`, `bingli_config_group`.`name`, `bingli_config_group`.`title`, `bingli_config_group`.`sort_order`, `bingli_config_group`.`isshow`, `bingli_config_group`.`system` FROM `bingli_config_group`
[Thu, 23 Apr 15 16:33:31 +0800][INFO] SELECT IF(COUNT(*)>0, 1 , 0) FROM `INFORMATION_SCHEMA`.`TABLES` WHERE `TABLE_NAME`='bingli_config'
[Thu, 23 Apr 15 16:33:31 +0800][INFO] DESCRIBE `bingli_config`
[Thu, 23 Apr 15 16:33:31 +0800][INFO] SELECT `bingli_config`.`id`, `bingli_config`.`group_id`, `bingli_config`.`name`, `bingli_config`.`value`, `bingli_config`.`title` FROM `bingli_config` WHERE `bingli_config`.`group_id` = 1
[Thu, 23 Apr 15 16:33:31 +0800][INFO] SELECT `bingli_config`.`id`, `bingli_config`.`group_id`, `bingli_config`.`name`, `bingli_config`.`value`, `bingli_config`.`title` FROM `bingli_config` WHERE `bingli_config`.`group_id` = 2
[Thu, 23 Apr 15 16:35:28 +0800][INFO] SELECT IF(COUNT(*)>0, 1 , 0) FROM `INFORMATION_SCHEMA`.`TABLES` WHERE `TABLE_NAME`='bingli_config_group'
[Thu, 23 Apr 15 16:35:28 +0800][INFO] DESCRIBE `bingli_config_group`
[Thu, 23 Apr 15 16:35:28 +0800][INFO] SELECT `bingli_config_group`.`id`, `bingli_config_group`.`name`, `bingli_config_group`.`title`, `bingli_config_group`.`sort_order`, `bingli_config_group`.`isshow`, `bingli_config_group`.`system` FROM `bingli_config_group`
[Thu, 23 Apr 15 16:35:28 +0800][INFO] SELECT IF(COUNT(*)>0, 1 , 0) FROM `INFORMATION_SCHEMA`.`TABLES` WHERE `TABLE_NAME`='bingli_config'
[Thu, 23 Apr 15 16:35:28 +0800][INFO] DESCRIBE `bingli_config`
[Thu, 23 Apr 15 16:35:28 +0800][INFO] SELECT `bingli_config`.`id`, `bingli_config`.`group_id`, `bingli_config`.`name`, `bingli_config`.`value`, `bingli_config`.`title` FROM `bingli_config` WHERE `bingli_config`.`group_id` = 1
[Thu, 23 Apr 15 16:35:28 +0800][INFO] SELECT `bingli_config`.`id`, `bingli_config`.`group_id`, `bingli_config`.`name`, `bingli_config`.`value`, `bingli_config`.`title` FROM `bingli_config` WHERE `bingli_config`.`group_id` = 2
[Thu, 23 Apr 15 16:40:31 +0800][INFO] SELECT IF(COUNT(*)>0, 1 , 0) FROM `INFORMATION_SCHEMA`.`TABLES` WHERE `TABLE_NAME`='bingli_config_group'
[Thu, 23 Apr 15 16:40:31 +0800][INFO] DESCRIBE `bingli_config_group`
[Thu, 23 Apr 15 16:40:31 +0800][INFO] SELECT `bingli_config_group`.`id`, `bingli_config_group`.`name`, `bingli_config_group`.`title`, `bingli_config_group`.`sort_order`, `bingli_config_group`.`isshow`, `bingli_config_group`.`system` FROM `bingli_config_group`
[Thu, 23 Apr 15 16:40:31 +0800][INFO] SELECT IF(COUNT(*)>0, 1 , 0) FROM `INFORMATION_SCHEMA`.`TABLES` WHERE `TABLE_NAME`='bingli_config'
[Thu, 23 Apr 15 16:40:31 +0800][INFO] DESCRIBE `bingli_config`
[Thu, 23 Apr 15 16:40:31 +0800][INFO] SELECT `bingli_config`.`id`, `bingli_config`.`group_id`, `bingli_config`.`name`, `bingli_config`.`value`, `bingli_config`.`title` FROM `bingli_config` WHERE `bingli_config`.`group_id` = 1
[Thu, 23 Apr 15 16:40:31 +0800][INFO] SELECT `bingli_config`.`id`, `bingli_config`.`group_id`, `bingli_config`.`name`, `bingli_config`.`value`, `bingli_config`.`title` FROM `bingli_config` WHERE `bingli_config`.`group_id` = 2
[Thu, 23 Apr 15 16:40:33 +0800][INFO] SELECT IF(COUNT(*)>0, 1 , 0) FROM `INFORMATION_SCHEMA`.`TABLES` WHERE `TABLE_NAME`='bingli_config_group'
[Thu, 23 Apr 15 16:40:33 +0800][INFO] DESCRIBE `bingli_config_group`
[Thu, 23 Apr 15 16:40:33 +0800][INFO] SELECT `bingli_config_group`.`id`, `bingli_config_group`.`name`, `bingli_config_group`.`title`, `bingli_config_group`.`sort_order`, `bingli_config_group`.`isshow`, `bingli_config_group`.`system` FROM `bingli_config_group`
[Thu, 23 Apr 15 16:40:33 +0800][INFO] SELECT IF(COUNT(*)>0, 1 , 0) FROM `INFORMATION_SCHEMA`.`TABLES` WHERE `TABLE_NAME`='bingli_config'
[Thu, 23 Apr 15 16:40:33 +0800][INFO] DESCRIBE `bingli_config`
[Thu, 23 Apr 15 16:40:33 +0800][INFO] SELECT `bingli_config`.`id`, `bingli_config`.`group_id`, `bingli_config`.`name`, `bingli_config`.`value`, `bingli_config`.`title` FROM `bingli_config` WHERE `bingli_config`.`group_id` = 1
[Thu, 23 Apr 15 16:40:33 +0800][INFO] SELECT `bingli_config`.`id`, `bingli_config`.`group_id`, `bingli_config`.`name`, `bingli_config`.`value`, `bingli_config`.`title` FROM `bingli_config` WHERE `bingli_config`.`group_id` = 2
[Thu, 23 Apr 15 16:42:35 +0800][INFO] SELECT IF(COUNT(*)>0, 1 , 0) FROM `INFORMATION_SCHEMA`.`TABLES` WHERE `TABLE_NAME`='bingli_config_group'
[Thu, 23 Apr 15 16:42:35 +0800][INFO] DESCRIBE `bingli_config_group`
[Thu, 23 Apr 15 16:42:35 +0800][INFO] SELECT `bingli_config_group`.`id`, `bingli_config_group`.`name`, `bingli_config_group`.`title`, `bingli_config_group`.`sort_order`, `bingli_config_group`.`isshow`, `bingli_config_group`.`system` FROM `bingli_config_group`
[Thu, 23 Apr 15 16:42:35 +0800][INFO] SELECT IF(COUNT(*)>0, 1 , 0) FROM `INFORMATION_SCHEMA`.`TABLES` WHERE `TABLE_NAME`='bingli_config'
[Thu, 23 Apr 15 16:42:35 +0800][INFO] DESCRIBE `bingli_config`
[Thu, 23 Apr 15 16:42:35 +0800][INFO] SELECT `bingli_config`.`id`, `bingli_config`.`group_id`, `bingli_config`.`name`, `bingli_config`.`value`, `bingli_config`.`title` FROM `bingli_config` WHERE `bingli_config`.`group_id` = 1
[Thu, 23 Apr 15 16:42:35 +0800][INFO] SELECT `bingli_config`.`id`, `bingli_config`.`group_id`, `bingli_config`.`name`, `bingli_config`.`value`, `bingli_config`.`title` FROM `bingli_config` WHERE `bingli_config`.`group_id` = 2
[Thu, 23 Apr 15 16:43:00 +0800][INFO] SELECT IF(COUNT(*)>0, 1 , 0) FROM `INFORMATION_SCHEMA`.`TABLES` WHERE `TABLE_NAME`='bingli_config_group'
[Thu, 23 Apr 15 16:43:00 +0800][INFO] DESCRIBE `bingli_config_group`
[Thu, 23 Apr 15 16:43:00 +0800][INFO] SELECT `bingli_config_group`.`id`, `bingli_config_group`.`name`, `bingli_config_group`.`title`, `bingli_config_group`.`sort_order`, `bingli_config_group`.`isshow`, `bingli_config_group`.`system` FROM `bingli_config_group`
[Thu, 23 Apr 15 16:43:00 +0800][INFO] SELECT IF(COUNT(*)>0, 1 , 0) FROM `INFORMATION_SCHEMA`.`TABLES` WHERE `TABLE_NAME`='bingli_config'
[Thu, 23 Apr 15 16:43:00 +0800][INFO] DESCRIBE `bingli_config`
[Thu, 23 Apr 15 16:43:00 +0800][INFO] SELECT `bingli_config`.`id`, `bingli_config`.`group_id`, `bingli_config`.`name`, `bingli_config`.`value`, `bingli_config`.`title` FROM `bingli_config` WHERE `bingli_config`.`group_id` = 1
[Thu, 23 Apr 15 16:43:00 +0800][INFO] SELECT `bingli_config`.`id`, `bingli_config`.`group_id`, `bingli_config`.`name`, `bingli_config`.`value`, `bingli_config`.`title` FROM `bingli_config` WHERE `bingli_config`.`group_id` = 2
[Thu, 23 Apr 15 16:43:01 +0800][INFO] SELECT IF(COUNT(*)>0, 1 , 0) FROM `INFORMATION_SCHEMA`.`TABLES` WHERE `TABLE_NAME`='bingli_config_group'
[Thu, 23 Apr 15 16:43:01 +0800][INFO] DESCRIBE `bingli_config_group`
[Thu, 23 Apr 15 16:43:01 +0800][INFO] SELECT `bingli_config_group`.`id`, `bingli_config_group`.`name`, `bingli_config_group`.`title`, `bingli_config_group`.`sort_order`, `bingli_config_group`.`isshow`, `bingli_config_group`.`system` FROM `bingli_config_group`
[Thu, 23 Apr 15 16:43:01 +0800][INFO] SELECT IF(COUNT(*)>0, 1 , 0) FROM `INFORMATION_SCHEMA`.`TABLES` WHERE `TABLE_NAME`='bingli_config'
[Thu, 23 Apr 15 16:43:01 +0800][INFO] DESCRIBE `bingli_config`
[Thu, 23 Apr 15 16:43:01 +0800][INFO] SELECT `bingli_config`.`id`, `bingli_config`.`group_id`, `bingli_config`.`name`, `bingli_config`.`value`, `bingli_config`.`title` FROM `bingli_config` WHERE `bingli_config`.`group_id` = 1
[Thu, 23 Apr 15 16:43:01 +0800][INFO] SELECT `bingli_config`.`id`, `bingli_config`.`group_id`, `bingli_config`.`name`, `bingli_config`.`value`, `bingli_config`.`title` FROM `bingli_config` WHERE `bingli_config`.`group_id` = 2
[Thu, 23 Apr 15 16:43:01 +0800][INFO] SELECT IF(COUNT(*)>0, 1 , 0) FROM `INFORMATION_SCHEMA`.`TABLES` WHERE `TABLE_NAME`='bingli_config_group'
[Thu, 23 Apr 15 16:43:01 +0800][INFO] DESCRIBE `bingli_config_group`
[Thu, 23 Apr 15 16:43:01 +0800][INFO] SELECT `bingli_config_group`.`id`, `bingli_config_group`.`name`, `bingli_config_group`.`title`, `bingli_config_group`.`sort_order`, `bingli_config_group`.`isshow`, `bingli_config_group`.`system` FROM `bingli_config_group`
[Thu, 23 Apr 15 16:43:02 +0800][INFO] SELECT IF(COUNT(*)>0, 1 , 0) FROM `INFORMATION_SCHEMA`.`TABLES` WHERE `TABLE_NAME`='bingli_config'
[Thu, 23 Apr 15 16:43:02 +0800][INFO] DESCRIBE `bingli_config`
[Thu, 23 Apr 15 16:43:02 +0800][INFO] SELECT `bingli_config`.`id`, `bingli_config`.`group_id`, `bingli_config`.`name`, `bingli_config`.`value`, `bingli_config`.`title` FROM `bingli_config` WHERE `bingli_config`.`group_id` = 1
[Thu, 23 Apr 15 16:43:02 +0800][INFO] SELECT `bingli_config`.`id`, `bingli_config`.`group_id`, `bingli_config`.`name`, `bingli_config`.`value`, `bingli_config`.`title` FROM `bingli_config` WHERE `bingli_config`.`group_id` = 2
[Thu, 23 Apr 15 16:52:56 +0800][INFO] SELECT IF(COUNT(*)>0, 1 , 0) FROM `INFORMATION_SCHEMA`.`TABLES` WHERE `TABLE_NAME`='bingli_config_group'
[Thu, 23 Apr 15 16:52:56 +0800][INFO] DESCRIBE `bingli_config_group`
[Thu, 23 Apr 15 16:52:56 +0800][INFO] SELECT `bingli_config_group`.`id`, `bingli_config_group`.`name`, `bingli_config_group`.`title`, `bingli_config_group`.`sort_order`, `bingli_config_group`.`isshow`, `bingli_config_group`.`system` FROM `bingli_config_group`
[Thu, 23 Apr 15 16:52:56 +0800][INFO] SELECT IF(COUNT(*)>0, 1 , 0) FROM `INFORMATION_SCHEMA`.`TABLES` WHERE `TABLE_NAME`='bingli_config'
[Thu, 23 Apr 15 16:52:56 +0800][INFO] DESCRIBE `bingli_config`
[Thu, 23 Apr 15 16:52:56 +0800][INFO] SELECT `bingli_config`.`id`, `bingli_config`.`group_id`, `bingli_config`.`name`, `bingli_config`.`value`, `bingli_config`.`title` FROM `bingli_config` WHERE `bingli_config`.`group_id` = 1
[Thu, 23 Apr 15 16:52:56 +0800][INFO] SELECT `bingli_config`.`id`, `bingli_config`.`group_id`, `bingli_config`.`name`, `bingli_config`.`value`, `bingli_config`.`title` FROM `bingli_config` WHERE `bingli_config`.`group_id` = 2
[Thu, 23 Apr 15 16:54:58 +0800][INFO] SELECT IF(COUNT(*)>0, 1 , 0) FROM `INFORMATION_SCHEMA`.`TABLES` WHERE `TABLE_NAME`='bingli_config_group'
[Thu, 23 Apr 15 16:54:58 +0800][INFO] DESCRIBE `bingli_config_group`
[Thu, 23 Apr 15 16:54:58 +0800][INFO] SELECT `bingli_config_group`.`id`, `bingli_config_group`.`name`, `bingli_config_group`.`title`, `bingli_config_group`.`sort_order`, `bingli_config_group`.`isshow`, `bingli_config_group`.`system` FROM `bingli_config_group`
[Thu, 23 Apr 15 16:54:58 +0800][INFO] SELECT IF(COUNT(*)>0, 1 , 0) FROM `INFORMATION_SCHEMA`.`TABLES` WHERE `TABLE_NAME`='bingli_config'
[Thu, 23 Apr 15 16:54:58 +0800][INFO] DESCRIBE `bingli_config`
[Thu, 23 Apr 15 16:54:58 +0800][INFO] SELECT `bingli_config`.`id`, `bingli_config`.`group_id`, `bingli_config`.`name`, `bingli_config`.`value`, `bingli_config`.`title` FROM `bingli_config` WHERE `bingli_config`.`group_id` = 1
[Thu, 23 Apr 15 16:54:58 +0800][INFO] SELECT `bingli_config`.`id`, `bingli_config`.`group_id`, `bingli_config`.`name`, `bingli_config`.`value`, `bingli_config`.`title` FROM `bingli_config` WHERE `bingli_config`.`group_id` = 2
[Thu, 23 Apr 15 16:56:15 +0800][INFO] SELECT IF(COUNT(*)>0, 1 , 0) FROM `INFORMATION_SCHEMA`.`TABLES` WHERE `TABLE_NAME`='bingli_config_group'
[Thu, 23 Apr 15 16:56:15 +0800][INFO] DESCRIBE `bingli_config_group`
[Thu, 23 Apr 15 16:56:15 +0800][INFO] SELECT `bingli_config_group`.`id`, `bingli_config_group`.`name`, `bingli_config_group`.`title`, `bingli_config_group`.`sort_order`, `bingli_config_group`.`isshow`, `bingli_config_group`.`system` FROM `bingli_config_group`
[Thu, 23 Apr 15 16:56:15 +0800][INFO] SELECT IF(COUNT(*)>0, 1 , 0) FROM `INFORMATION_SCHEMA`.`TABLES` WHERE `TABLE_NAME`='bingli_config'
[Thu, 23 Apr 15 16:56:15 +0800][INFO] DESCRIBE `bingli_config`
[Thu, 23 Apr 15 16:56:15 +0800][INFO] SELECT `bingli_config`.`id`, `bingli_config`.`group_id`, `bingli_config`.`name`, `bingli_config`.`value`, `bingli_config`.`title` FROM `bingli_config` WHERE `bingli_config`.`group_id` = 1
[Thu, 23 Apr 15 16:56:15 +0800][INFO] SELECT `bingli_config`.`id`, `bingli_config`.`group_id`, `bingli_config`.`name`, `bingli_config`.`value`, `bingli_config`.`title` FROM `bingli_config` WHERE `bingli_config`.`group_id` = 2
[Thu, 23 Apr 15 16:57:36 +0800][INFO] SELECT IF(COUNT(*)>0, 1 , 0) FROM `INFORMATION_SCHEMA`.`TABLES` WHERE `TABLE_NAME`='bingli_config_group'
[Thu, 23 Apr 15 16:57:36 +0800][INFO] DESCRIBE `bingli_config_group`
[Thu, 23 Apr 15 16:57:36 +0800][INFO] SELECT `bingli_config_group`.`id`, `bingli_config_group`.`name`, `bingli_config_group`.`title`, `bingli_config_group`.`sort_order`, `bingli_config_group`.`isshow`, `bingli_config_group`.`system` FROM `bingli_config_group`
[Thu, 23 Apr 15 16:57:36 +0800][INFO] SELECT IF(COUNT(*)>0, 1 , 0) FROM `INFORMATION_SCHEMA`.`TABLES` WHERE `TABLE_NAME`='bingli_config_group'
[Thu, 23 Apr 15 16:57:36 +0800][INFO] DESCRIBE `bingli_config_group`
[Thu, 23 Apr 15 16:57:36 +0800][INFO] SELECT `bingli_config_group`.`id`, `bingli_config_group`.`name`, `bingli_config_group`.`title`, `bingli_config_group`.`sort_order`, `bingli_config_group`.`isshow`, `bingli_config_group`.`system` FROM `bingli_config_group`
[Thu, 23 Apr 15 16:57:36 +0800][INFO] SELECT IF(COUNT(*)>0, 1 , 0) FROM `INFORMATION_SCHEMA`.`TABLES` WHERE `TABLE_NAME`='bingli_config'
[Thu, 23 Apr 15 16:57:36 +0800][INFO] DESCRIBE `bingli_config`
[Thu, 23 Apr 15 16:57:36 +0800][INFO] SELECT `bingli_config`.`id`, `bingli_config`.`group_id`, `bingli_config`.`name`, `bingli_config`.`value`, `bingli_config`.`title` FROM `bingli_config` WHERE `bingli_config`.`group_id` = 1
[Thu, 23 Apr 15 16:57:36 +0800][INFO] SELECT `bingli_config`.`id`, `bingli_config`.`group_id`, `bingli_config`.`name`, `bingli_config`.`value`, `bingli_config`.`title` FROM `bingli_config` WHERE `bingli_config`.`group_id` = 2
[Thu, 23 Apr 15 16:57:47 +0800][INFO] SELECT IF(COUNT(*)>0, 1 , 0) FROM `INFORMATION_SCHEMA`.`TABLES` WHERE `TABLE_NAME`='bingli_config_group'
[Thu, 23 Apr 15 16:57:47 +0800][INFO] DESCRIBE `bingli_config_group`
[Thu, 23 Apr 15 16:57:47 +0800][INFO] SELECT `bingli_config_group`.`id`, `bingli_config_group`.`name`, `bingli_config_group`.`title`, `bingli_config_group`.`sort_order`, `bingli_config_group`.`isshow`, `bingli_config_group`.`system` FROM `bingli_config_group`
[Thu, 23 Apr 15 16:57:47 +0800][INFO] SELECT IF(COUNT(*)>0, 1 , 0) FROM `INFORMATION_SCHEMA`.`TABLES` WHERE `TABLE_NAME`='bingli_config'
[Thu, 23 Apr 15 16:57:47 +0800][INFO] DESCRIBE `bingli_config`
[Thu, 23 Apr 15 16:57:47 +0800][INFO] SELECT `bingli_config`.`id`, `bingli_config`.`group_id`, `bingli_config`.`name`, `bingli_config`.`value`, `bingli_config`.`title` FROM `bingli_config` WHERE `bingli_config`.`group_id` = 1
[Thu, 23 Apr 15 16:57:47 +0800][INFO] SELECT `bingli_config`.`id`, `bingli_config`.`group_id`, `bingli_config`.`name`, `bingli_config`.`value`, `bingli_config`.`title` FROM `bingli_config` WHERE `bingli_config`.`group_id` = 2
[Thu, 23 Apr 15 16:58:13 +0800][INFO] SELECT IF(COUNT(*)>0, 1 , 0) FROM `INFORMATION_SCHEMA`.`TABLES` WHERE `TABLE_NAME`='bingli_config_group'
[Thu, 23 Apr 15 16:58:13 +0800][INFO] DESCRIBE `bingli_config_group`
[Thu, 23 Apr 15 16:58:13 +0800][INFO] SELECT `bingli_config_group`.`id`, `bingli_config_group`.`name`, `bingli_config_group`.`title`, `bingli_config_group`.`sort_order`, `bingli_config_group`.`isshow`, `bingli_config_group`.`system` FROM `bingli_config_group`
[Thu, 23 Apr 15 16:58:13 +0800][INFO] SELECT IF(COUNT(*)>0, 1 , 0) FROM `INFORMATION_SCHEMA`.`TABLES` WHERE `TABLE_NAME`='bingli_config'
[Thu, 23 Apr 15 16:58:13 +0800][INFO] DESCRIBE `bingli_config`
[Thu, 23 Apr 15 16:58:13 +0800][INFO] SELECT `bingli_config`.`id`, `bingli_config`.`group_id`, `bingli_config`.`name`, `bingli_config`.`value`, `bingli_config`.`title` FROM `bingli_config` WHERE `bingli_config`.`group_id` = 1
[Thu, 23 Apr 15 16:58:13 +0800][INFO] SELECT `bingli_config`.`id`, `bingli_config`.`group_id`, `bingli_config`.`name`, `bingli_config`.`value`, `bingli_config`.`title` FROM `bingli_config` WHERE `bingli_config`.`group_id` = 2
[Thu, 23 Apr 15 16:58:51 +0800][INFO] SELECT IF(COUNT(*)>0, 1 , 0) FROM `INFORMATION_SCHEMA`.`TABLES` WHERE `TABLE_NAME`='bingli_config_group'
[Thu, 23 Apr 15 16:58:51 +0800][INFO] DESCRIBE `bingli_config_group`
[Thu, 23 Apr 15 16:58:51 +0800][INFO] SELECT `bingli_config_group`.`id`, `bingli_config_group`.`name`, `bingli_config_group`.`title`, `bingli_config_group`.`sort_order`, `bingli_config_group`.`isshow`, `bingli_config_group`.`system` FROM `bingli_config_group`
[Thu, 23 Apr 15 16:58:51 +0800][INFO] SELECT IF(COUNT(*)>0, 1 , 0) FROM `INFORMATION_SCHEMA`.`TABLES` WHERE `TABLE_NAME`='bingli_config'
[Thu, 23 Apr 15 16:58:51 +0800][INFO] DESCRIBE `bingli_config`
[Thu, 23 Apr 15 16:58:51 +0800][INFO] SELECT `bingli_config`.`id`, `bingli_config`.`group_id`, `bingli_config`.`name`, `bingli_config`.`value`, `bingli_config`.`title` FROM `bingli_config` WHERE `bingli_config`.`group_id` = 1
[Thu, 23 Apr 15 16:58:51 +0800][INFO] SELECT `bingli_config`.`id`, `bingli_config`.`group_id`, `bingli_config`.`name`, `bingli_config`.`value`, `bingli_config`.`title` FROM `bingli_config` WHERE `bingli_config`.`group_id` = 2
[Thu, 23 Apr 15 16:58:53 +0800][INFO] SELECT IF(COUNT(*)>0, 1 , 0) FROM `INFORMATION_SCHEMA`.`TABLES` WHERE `TABLE_NAME`='bingli_config_group'
[Thu, 23 Apr 15 16:58:53 +0800][INFO] DESCRIBE `bingli_config_group`
[Thu, 23 Apr 15 16:58:53 +0800][INFO] SELECT `bingli_config_group`.`id`, `bingli_config_group`.`name`, `bingli_config_group`.`title`, `bingli_config_group`.`sort_order`, `bingli_config_group`.`isshow`, `bingli_config_group`.`system` FROM `bingli_config_group`
[Thu, 23 Apr 15 16:58:53 +0800][INFO] SELECT IF(COUNT(*)>0, 1 , 0) FROM `INFORMATION_SCHEMA`.`TABLES` WHERE `TABLE_NAME`='bingli_config'
[Thu, 23 Apr 15 16:58:53 +0800][INFO] DESCRIBE `bingli_config`
[Thu, 23 Apr 15 16:58:53 +0800][INFO] SELECT `bingli_config`.`id`, `bingli_config`.`group_id`, `bingli_config`.`name`, `bingli_config`.`value`, `bingli_config`.`title` FROM `bingli_config` WHERE `bingli_config`.`group_id` = 1
[Thu, 23 Apr 15 16:58:53 +0800][INFO] SELECT `bingli_config`.`id`, `bingli_config`.`group_id`, `bingli_config`.`name`, `bingli_config`.`value`, `bingli_config`.`title` FROM `bingli_config` WHERE `bingli_config`.`group_id` = 2
[Thu, 23 Apr 15 16:59:39 +0800][INFO] SELECT IF(COUNT(*)>0, 1 , 0) FROM `INFORMATION_SCHEMA`.`TABLES` WHERE `TABLE_NAME`='bingli_config_group'
[Thu, 23 Apr 15 16:59:39 +0800][INFO] DESCRIBE `bingli_config_group`
[Thu, 23 Apr 15 16:59:39 +0800][INFO] SELECT `bingli_config_group`.`id`, `bingli_config_group`.`name`, `bingli_config_group`.`title`, `bingli_config_group`.`sort_order`, `bingli_config_group`.`isshow`, `bingli_config_group`.`system` FROM `bingli_config_group`
[Thu, 23 Apr 15 16:59:39 +0800][INFO] SELECT IF(COUNT(*)>0, 1 , 0) FROM `INFORMATION_SCHEMA`.`TABLES` WHERE `TABLE_NAME`='bingli_config'
[Thu, 23 Apr 15 16:59:39 +0800][INFO] DESCRIBE `bingli_config`
[Thu, 23 Apr 15 16:59:39 +0800][INFO] SELECT `bingli_config`.`id`, `bingli_config`.`group_id`, `bingli_config`.`name`, `bingli_config`.`value`, `bingli_config`.`title` FROM `bingli_config` WHERE `bingli_config`.`group_id` = 1
[Thu, 23 Apr 15 16:59:39 +0800][INFO] SELECT `bingli_config`.`id`, `bingli_config`.`group_id`, `bingli_config`.`name`, `bingli_config`.`value`, `bingli_config`.`title` FROM `bingli_config` WHERE `bingli_config`.`group_id` = 2
[Thu, 23 Apr 15 16:59:40 +0800][INFO] SELECT IF(COUNT(*)>0, 1 , 0) FROM `INFORMATION_SCHEMA`.`TABLES` WHERE `TABLE_NAME`='bingli_config_group'
[Thu, 23 Apr 15 16:59:40 +0800][INFO] DESCRIBE `bingli_config_group`
[Thu, 23 Apr 15 16:59:40 +0800][INFO] SELECT `bingli_config_group`.`id`, `bingli_config_group`.`name`, `bingli_config_group`.`title`, `bingli_config_group`.`sort_order`, `bingli_config_group`.`isshow`, `bingli_config_group`.`system` FROM `bingli_config_group`
[Thu, 23 Apr 15 16:59:40 +0800][INFO] SELECT IF(COUNT(*)>0, 1 , 0) FROM `INFORMATION_SCHEMA`.`TABLES` WHERE `TABLE_NAME`='bingli_config'
[Thu, 23 Apr 15 16:59:40 +0800][INFO] DESCRIBE `bingli_config`
[Thu, 23 Apr 15 16:59:40 +0800][INFO] SELECT `bingli_config`.`id`, `bingli_config`.`group_id`, `bingli_config`.`name`, `bingli_config`.`value`, `bingli_config`.`title` FROM `bingli_config` WHERE `bingli_config`.`group_id` = 1
[Thu, 23 Apr 15 16:59:40 +0800][INFO] SELECT `bingli_config`.`id`, `bingli_config`.`group_id`, `bingli_config`.`name`, `bingli_config`.`value`, `bingli_config`.`title` FROM `bingli_config` WHERE `bingli_config`.`group_id` = 2
[Thu, 23 Apr 15 17:03:37 +0800][INFO] SELECT IF(COUNT(*)>0, 1 , 0) FROM `INFORMATION_SCHEMA`.`TABLES` WHERE `TABLE_NAME`='bingli_config_group'
[Thu, 23 Apr 15 17:03:37 +0800][INFO] DESCRIBE `bingli_config_group`
[Thu, 23 Apr 15 17:03:37 +0800][INFO] SELECT `bingli_config_group`.`id`, `bingli_config_group`.`name`, `bingli_config_group`.`title`, `bingli_config_group`.`sort_order`, `bingli_config_group`.`isshow`, `bingli_config_group`.`system` FROM `bingli_config_group`
[Thu, 23 Apr 15 17:03:37 +0800][INFO] SELECT IF(COUNT(*)>0, 1 , 0) FROM `INFORMATION_SCHEMA`.`TABLES` WHERE `TABLE_NAME`='bingli_config'
[Thu, 23 Apr 15 17:03:37 +0800][INFO] DESCRIBE `bingli_config`
[Thu, 23 Apr 15 17:03:37 +0800][INFO] SELECT `bingli_config`.`id`, `bingli_config`.`group_id`, `bingli_config`.`name`, `bingli_config`.`value`, `bingli_config`.`title` FROM `bingli_config` WHERE `bingli_config`.`group_id` = 1
[Thu, 23 Apr 15 17:03:37 +0800][INFO] SELECT `bingli_config`.`id`, `bingli_config`.`group_id`, `bingli_config`.`name`, `bingli_config`.`value`, `bingli_config`.`title` FROM `bingli_config` WHERE `bingli_config`.`group_id` = 2
[Thu, 23 Apr 15 17:04:05 +0800][INFO] SELECT IF(COUNT(*)>0, 1 , 0) FROM `INFORMATION_SCHEMA`.`TABLES` WHERE `TABLE_NAME`='bingli_config_group'
[Thu, 23 Apr 15 17:04:05 +0800][INFO] DESCRIBE `bingli_config_group`
[Thu, 23 Apr 15 17:04:05 +0800][INFO] SELECT `bingli_config_group`.`id`, `bingli_config_group`.`name`, `bingli_config_group`.`title`, `bingli_config_group`.`sort_order`, `bingli_config_group`.`isshow`, `bingli_config_group`.`system` FROM `bingli_config_group`
[Thu, 23 Apr 15 17:04:05 +0800][INFO] SELECT IF(COUNT(*)>0, 1 , 0) FROM `INFORMATION_SCHEMA`.`TABLES` WHERE `TABLE_NAME`='bingli_config'
[Thu, 23 Apr 15 17:04:05 +0800][INFO] DESCRIBE `bingli_config`
[Thu, 23 Apr 15 17:04:05 +0800][INFO] SELECT `bingli_config`.`id`, `bingli_config`.`group_id`, `bingli_config`.`name`, `bingli_config`.`value`, `bingli_config`.`title` FROM `bingli_config` WHERE `bingli_config`.`group_id` = 1
[Thu, 23 Apr 15 17:04:05 +0800][INFO] SELECT `bingli_config`.`id`, `bingli_config`.`group_id`, `bingli_config`.`name`, `bingli_config`.`value`, `bingli_config`.`title` FROM `bingli_config` WHERE `bingli_config`.`group_id` = 2
[Thu, 23 Apr 15 17:06:03 +0800][INFO] SELECT IF(COUNT(*)>0, 1 , 0) FROM `INFORMATION_SCHEMA`.`TABLES` WHERE `TABLE_NAME`='bingli_config_group'
[Thu, 23 Apr 15 17:06:03 +0800][INFO] DESCRIBE `bingli_config_group`
[Thu, 23 Apr 15 17:06:03 +0800][INFO] SELECT `bingli_config_group`.`id`, `bingli_config_group`.`name`, `bingli_config_group`.`title`, `bingli_config_group`.`sort_order`, `bingli_config_group`.`isshow`, `bingli_config_group`.`system` FROM `bingli_config_group`
[Thu, 23 Apr 15 17:06:03 +0800][INFO] SELECT IF(COUNT(*)>0, 1 , 0) FROM `INFORMATION_SCHEMA`.`TABLES` WHERE `TABLE_NAME`='bingli_config'
[Thu, 23 Apr 15 17:06:03 +0800][INFO] DESCRIBE `bingli_config`
[Thu, 23 Apr 15 17:06:03 +0800][INFO] SELECT `bingli_config`.`id`, `bingli_config`.`group_id`, `bingli_config`.`name`, `bingli_config`.`value`, `bingli_config`.`title` FROM `bingli_config` WHERE `bingli_config`.`group_id` = 1
[Thu, 23 Apr 15 17:06:03 +0800][INFO] SELECT `bingli_config`.`id`, `bingli_config`.`group_id`, `bingli_config`.`name`, `bingli_config`.`value`, `bingli_config`.`title` FROM `bingli_config` WHERE `bingli_config`.`group_id` = 2
[Thu, 23 Apr 15 17:06:05 +0800][INFO] SELECT IF(COUNT(*)>0, 1 , 0) FROM `INFORMATION_SCHEMA`.`TABLES` WHERE `TABLE_NAME`='bingli_config_group'
[Thu, 23 Apr 15 17:06:05 +0800][INFO] DESCRIBE `bingli_config_group`
[Thu, 23 Apr 15 17:06:05 +0800][INFO] SELECT `bingli_config_group`.`id`, `bingli_config_group`.`name`, `bingli_config_group`.`title`, `bingli_config_group`.`sort_order`, `bingli_config_group`.`isshow`, `bingli_config_group`.`system` FROM `bingli_config_group`
[Thu, 23 Apr 15 17:06:05 +0800][INFO] SELECT IF(COUNT(*)>0, 1 , 0) FROM `INFORMATION_SCHEMA`.`TABLES` WHERE `TABLE_NAME`='bingli_config'
[Thu, 23 Apr 15 17:06:05 +0800][INFO] DESCRIBE `bingli_config`
[Thu, 23 Apr 15 17:06:05 +0800][INFO] SELECT `bingli_config`.`id`, `bingli_config`.`group_id`, `bingli_config`.`name`, `bingli_config`.`value`, `bingli_config`.`title` FROM `bingli_config` WHERE `bingli_config`.`group_id` = 1
[Thu, 23 Apr 15 17:06:05 +0800][INFO] SELECT `bingli_config`.`id`, `bingli_config`.`group_id`, `bingli_config`.`name`, `bingli_config`.`value`, `bingli_config`.`title` FROM `bingli_config` WHERE `bingli_config`.`group_id` = 2
[Thu, 23 Apr 15 17:06:05 +0800][INFO] SELECT IF(COUNT(*)>0, 1 , 0) FROM `INFORMATION_SCHEMA`.`TABLES` WHERE `TABLE_NAME`='bingli_config_group'
[Thu, 23 Apr 15 17:06:05 +0800][INFO] DESCRIBE `bingli_config_group`
[Thu, 23 Apr 15 17:06:05 +0800][INFO] SELECT `bingli_config_group`.`id`, `bingli_config_group`.`name`, `bingli_config_group`.`title`, `bingli_config_group`.`sort_order`, `bingli_config_group`.`isshow`, `bingli_config_group`.`system` FROM `bingli_config_group`
[Thu, 23 Apr 15 17:06:05 +0800][INFO] SELECT IF(COUNT(*)>0, 1 , 0) FROM `INFORMATION_SCHEMA`.`TABLES` WHERE `TABLE_NAME`='bingli_config'
[Thu, 23 Apr 15 17:06:05 +0800][INFO] DESCRIBE `bingli_config`
[Thu, 23 Apr 15 17:06:05 +0800][INFO] SELECT `bingli_config`.`id`, `bingli_config`.`group_id`, `bingli_config`.`name`, `bingli_config`.`value`, `bingli_config`.`title` FROM `bingli_config` WHERE `bingli_config`.`group_id` = 1
[Thu, 23 Apr 15 17:06:05 +0800][INFO] SELECT `bingli_config`.`id`, `bingli_config`.`group_id`, `bingli_config`.`name`, `bingli_config`.`value`, `bingli_config`.`title` FROM `bingli_config` WHERE `bingli_config`.`group_id` = 2
[Thu, 23 Apr 15 17:06:05 +0800][INFO] SELECT IF(COUNT(*)>0, 1 , 0) FROM `INFORMATION_SCHEMA`.`TABLES` WHERE `TABLE_NAME`='bingli_config_group'
[Thu, 23 Apr 15 17:06:05 +0800][INFO] DESCRIBE `bingli_config_group`
[Thu, 23 Apr 15 17:06:05 +0800][INFO] SELECT `bingli_config_group`.`id`, `bingli_config_group`.`name`, `bingli_config_group`.`title`, `bingli_config_group`.`sort_order`, `bingli_config_group`.`isshow`, `bingli_config_group`.`system` FROM `bingli_config_group`
[Thu, 23 Apr 15 17:06:05 +0800][INFO] SELECT IF(COUNT(*)>0, 1 , 0) FROM `INFORMATION_SCHEMA`.`TABLES` WHERE `TABLE_NAME`='bingli_config'
[Thu, 23 Apr 15 17:06:05 +0800][INFO] DESCRIBE `bingli_config`
[Thu, 23 Apr 15 17:06:05 +0800][INFO] SELECT `bingli_config`.`id`, `bingli_config`.`group_id`, `bingli_config`.`name`, `bingli_config`.`value`, `bingli_config`.`title` FROM `bingli_config` WHERE `bingli_config`.`group_id` = 1
[Thu, 23 Apr 15 17:06:05 +0800][INFO] SELECT `bingli_config`.`id`, `bingli_config`.`group_id`, `bingli_config`.`name`, `bingli_config`.`value`, `bingli_config`.`title` FROM `bingli_config` WHERE `bingli_config`.`group_id` = 2
[Thu, 23 Apr 15 17:06:06 +0800][INFO] SELECT IF(COUNT(*)>0, 1 , 0) FROM `INFORMATION_SCHEMA`.`TABLES` WHERE `TABLE_NAME`='bingli_config_group'
[Thu, 23 Apr 15 17:06:06 +0800][INFO] DESCRIBE `bingli_config_group`
[Thu, 23 Apr 15 17:06:06 +0800][INFO] SELECT `bingli_config_group`.`id`, `bingli_config_group`.`name`, `bingli_config_group`.`title`, `bingli_config_group`.`sort_order`, `bingli_config_group`.`isshow`, `bingli_config_group`.`system` FROM `bingli_config_group`
[Thu, 23 Apr 15 17:06:06 +0800][INFO] SELECT IF(COUNT(*)>0, 1 , 0) FROM `INFORMATION_SCHEMA`.`TABLES` WHERE `TABLE_NAME`='bingli_config'
[Thu, 23 Apr 15 17:06:06 +0800][INFO] DESCRIBE `bingli_config`
[Thu, 23 Apr 15 17:06:06 +0800][INFO] SELECT `bingli_config`.`id`, `bingli_config`.`group_id`, `bingli_config`.`name`, `bingli_config`.`value`, `bingli_config`.`title` FROM `bingli_config` WHERE `bingli_config`.`group_id` = 1
[Thu, 23 Apr 15 17:06:06 +0800][INFO] SELECT `bingli_config`.`id`, `bingli_config`.`group_id`, `bingli_config`.`name`, `bingli_config`.`value`, `bingli_config`.`title` FROM `bingli_config` WHERE `bingli_config`.`group_id` = 2
[Thu, 23 Apr 15 17:06:06 +0800][INFO] SELECT IF(COUNT(*)>0, 1 , 0) FROM `INFORMATION_SCHEMA`.`TABLES` WHERE `TABLE_NAME`='bingli_config_group'
[Thu, 23 Apr 15 17:06:06 +0800][INFO] DESCRIBE `bingli_config_group`
[Thu, 23 Apr 15 17:06:06 +0800][INFO] SELECT `bingli_config_group`.`id`, `bingli_config_group`.`name`, `bingli_config_group`.`title`, `bingli_config_group`.`sort_order`, `bingli_config_group`.`isshow`, `bingli_config_group`.`system` FROM `bingli_config_group`
[Thu, 23 Apr 15 17:06:06 +0800][INFO] SELECT IF(COUNT(*)>0, 1 , 0) FROM `INFORMATION_SCHEMA`.`TABLES` WHERE `TABLE_NAME`='bingli_config'
[Thu, 23 Apr 15 17:06:06 +0800][INFO] DESCRIBE `bingli_config`
[Thu, 23 Apr 15 17:06:06 +0800][INFO] SELECT `bingli_config`.`id`, `bingli_config`.`group_id`, `bingli_config`.`name`, `bingli_config`.`value`, `bingli_config`.`title` FROM `bingli_config` WHERE `bingli_config`.`group_id` = 1
[Thu, 23 Apr 15 17:06:06 +0800][INFO] SELECT `bingli_config`.`id`, `bingli_config`.`group_id`, `bingli_config`.`name`, `bingli_config`.`value`, `bingli_config`.`title` FROM `bingli_config` WHERE `bingli_config`.`group_id` = 2
[Thu, 23 Apr 15 17:06:06 +0800][INFO] SELECT IF(COUNT(*)>0, 1 , 0) FROM `INFORMATION_SCHEMA`.`TABLES` WHERE `TABLE_NAME`='bingli_config_group'
[Thu, 23 Apr 15 17:06:06 +0800][INFO] DESCRIBE `bingli_config_group`
[Thu, 23 Apr 15 17:06:06 +0800][INFO] SELECT `bingli_config_group`.`id`, `bingli_config_group`.`name`, `bingli_config_group`.`title`, `bingli_config_group`.`sort_order`, `bingli_config_group`.`isshow`, `bingli_config_group`.`system` FROM `bingli_config_group`
[Thu, 23 Apr 15 17:06:06 +0800][INFO] SELECT IF(COUNT(*)>0, 1 , 0) FROM `INFORMATION_SCHEMA`.`TABLES` WHERE `TABLE_NAME`='bingli_config'
[Thu, 23 Apr 15 17:06:06 +0800][INFO] DESCRIBE `bingli_config`
[Thu, 23 Apr 15 17:06:06 +0800][INFO] SELECT `bingli_config`.`id`, `bingli_config`.`group_id`, `bingli_config`.`name`, `bingli_config`.`value`, `bingli_config`.`title` FROM `bingli_config` WHERE `bingli_config`.`group_id` = 1
[Thu, 23 Apr 15 17:06:06 +0800][INFO] SELECT `bingli_config`.`id`, `bingli_config`.`group_id`, `bingli_config`.`name`, `bingli_config`.`value`, `bingli_config`.`title` FROM `bingli_config` WHERE `bingli_config`.`group_id` = 2
[Thu, 23 Apr 15 17:06:06 +0800][INFO] SELECT IF(COUNT(*)>0, 1 , 0) FROM `INFORMATION_SCHEMA`.`TABLES` WHERE `TABLE_NAME`='bingli_config_group'
[Thu, 23 Apr 15 17:06:06 +0800][INFO] DESCRIBE `bingli_config_group`
[Thu, 23 Apr 15 17:06:06 +0800][INFO] SELECT `bingli_config_group`.`id`, `bingli_config_group`.`name`, `bingli_config_group`.`title`, `bingli_config_group`.`sort_order`, `bingli_config_group`.`isshow`, `bingli_config_group`.`system` FROM `bingli_config_group`
[Thu, 23 Apr 15 17:06:06 +0800][INFO] SELECT IF(COUNT(*)>0, 1 , 0) FROM `INFORMATION_SCHEMA`.`TABLES` WHERE `TABLE_NAME`='bingli_config'
[Thu, 23 Apr 15 17:06:06 +0800][INFO] DESCRIBE `bingli_config`
[Thu, 23 Apr 15 17:06:06 +0800][INFO] SELECT `bingli_config`.`id`, `bingli_config`.`group_id`, `bingli_config`.`name`, `bingli_config`.`value`, `bingli_config`.`title` FROM `bingli_config` WHERE `bingli_config`.`group_id` = 1
[Thu, 23 Apr 15 17:06:06 +0800][INFO] SELECT `bingli_config`.`id`, `bingli_config`.`group_id`, `bingli_config`.`name`, `bingli_config`.`value`, `bingli_config`.`title` FROM `bingli_config` WHERE `bingli_config`.`group_id` = 2
[Thu, 23 Apr 15 17:06:06 +0800][INFO] SELECT IF(COUNT(*)>0, 1 , 0) FROM `INFORMATION_SCHEMA`.`TABLES` WHERE `TABLE_NAME`='bingli_config_group'
[Thu, 23 Apr 15 17:06:06 +0800][INFO] DESCRIBE `bingli_config_group`
[Thu, 23 Apr 15 17:06:06 +0800][INFO] SELECT `bingli_config_group`.`id`, `bingli_config_group`.`name`, `bingli_config_group`.`title`, `bingli_config_group`.`sort_order`, `bingli_config_group`.`isshow`, `bingli_config_group`.`system` FROM `bingli_config_group`
[Thu, 23 Apr 15 17:06:06 +0800][INFO] SELECT IF(COUNT(*)>0, 1 , 0) FROM `INFORMATION_SCHEMA`.`TABLES` WHERE `TABLE_NAME`='bingli_config'
[Thu, 23 Apr 15 17:06:06 +0800][INFO] DESCRIBE `bingli_config`
[Thu, 23 Apr 15 17:06:06 +0800][INFO] SELECT `bingli_config`.`id`, `bingli_config`.`group_id`, `bingli_config`.`name`, `bingli_config`.`value`, `bingli_config`.`title` FROM `bingli_config` WHERE `bingli_config`.`group_id` = 1
[Thu, 23 Apr 15 17:06:06 +0800][INFO] SELECT `bingli_config`.`id`, `bingli_config`.`group_id`, `bingli_config`.`name`, `bingli_config`.`value`, `bingli_config`.`title` FROM `bingli_config` WHERE `bingli_config`.`group_id` = 2
[Thu, 23 Apr 15 17:06:07 +0800][INFO] SELECT IF(COUNT(*)>0, 1 , 0) FROM `INFORMATION_SCHEMA`.`TABLES` WHERE `TABLE_NAME`='bingli_config_group'
[Thu, 23 Apr 15 17:06:07 +0800][INFO] DESCRIBE `bingli_config_group`
[Thu, 23 Apr 15 17:06:07 +0800][INFO] SELECT `bingli_config_group`.`id`, `bingli_config_group`.`name`, `bingli_config_group`.`title`, `bingli_config_group`.`sort_order`, `bingli_config_group`.`isshow`, `bingli_config_group`.`system` FROM `bingli_config_group`
[Thu, 23 Apr 15 17:06:07 +0800][INFO] SELECT IF(COUNT(*)>0, 1 , 0) FROM `INFORMATION_SCHEMA`.`TABLES` WHERE `TABLE_NAME`='bingli_config'
[Thu, 23 Apr 15 17:06:07 +0800][INFO] DESCRIBE `bingli_config`
[Thu, 23 Apr 15 17:06:07 +0800][INFO] SELECT `bingli_config`.`id`, `bingli_config`.`group_id`, `bingli_config`.`name`, `bingli_config`.`value`, `bingli_config`.`title` FROM `bingli_config` WHERE `bingli_config`.`group_id` = 1
[Thu, 23 Apr 15 17:06:07 +0800][INFO] SELECT `bingli_config`.`id`, `bingli_config`.`group_id`, `bingli_config`.`name`, `bingli_config`.`value`, `bingli_config`.`title` FROM `bingli_config` WHERE `bingli_config`.`group_id` = 2
[Thu, 23 Apr 15 17:06:07 +0800][INFO] SELECT IF(COUNT(*)>0, 1 , 0) FROM `INFORMATION_SCHEMA`.`TABLES` WHERE `TABLE_NAME`='bingli_config_group'
[Thu, 23 Apr 15 17:06:07 +0800][INFO] DESCRIBE `bingli_config_group`
[Thu, 23 Apr 15 17:06:07 +0800][INFO] SELECT `bingli_config_group`.`id`, `bingli_config_group`.`name`, `bingli_config_group`.`title`, `bingli_config_group`.`sort_order`, `bingli_config_group`.`isshow`, `bingli_config_group`.`system` FROM `bingli_config_group`
[Thu, 23 Apr 15 17:06:07 +0800][INFO] SELECT IF(COUNT(*)>0, 1 , 0) FROM `INFORMATION_SCHEMA`.`TABLES` WHERE `TABLE_NAME`='bingli_config'
[Thu, 23 Apr 15 17:06:07 +0800][INFO] DESCRIBE `bingli_config`
[Thu, 23 Apr 15 17:06:07 +0800][INFO] SELECT `bingli_config`.`id`, `bingli_config`.`group_id`, `bingli_config`.`name`, `bingli_config`.`value`, `bingli_config`.`title` FROM `bingli_config` WHERE `bingli_config`.`group_id` = 1
[Thu, 23 Apr 15 17:06:07 +0800][INFO] SELECT `bingli_config`.`id`, `bingli_config`.`group_id`, `bingli_config`.`name`, `bingli_config`.`value`, `bingli_config`.`title` FROM `bingli_config` WHERE `bingli_config`.`group_id` = 2
[Thu, 23 Apr 15 17:08:11 +0800][INFO] SELECT IF(COUNT(*)>0, 1 , 0) FROM `INFORMATION_SCHEMA`.`TABLES` WHERE `TABLE_NAME`='bingli_config_group'
[Thu, 23 Apr 15 17:08:11 +0800][INFO] DESCRIBE `bingli_config_group`
[Thu, 23 Apr 15 17:08:11 +0800][INFO] SELECT `bingli_config_group`.`id`, `bingli_config_group`.`name`, `bingli_config_group`.`title`, `bingli_config_group`.`sort_order`, `bingli_config_group`.`isshow`, `bingli_config_group`.`system` FROM `bingli_config_group`
[Thu, 23 Apr 15 17:08:11 +0800][INFO] SELECT IF(COUNT(*)>0, 1 , 0) FROM `INFORMATION_SCHEMA`.`TABLES` WHERE `TABLE_NAME`='bingli_config'
[Thu, 23 Apr 15 17:08:11 +0800][INFO] DESCRIBE `bingli_config`
[Thu, 23 Apr 15 17:08:11 +0800][INFO] SELECT `bingli_config`.`id`, `bingli_config`.`group_id`, `bingli_config`.`name`, `bingli_config`.`value`, `bingli_config`.`title` FROM `bingli_config` WHERE `bingli_config`.`group_id` = 1
[Thu, 23 Apr 15 17:08:11 +0800][INFO] SELECT `bingli_config`.`id`, `bingli_config`.`group_id`, `bingli_config`.`name`, `bingli_config`.`value`, `bingli_config`.`title` FROM `bingli_config` WHERE `bingli_config`.`group_id` = 2
[Thu, 23 Apr 15 17:08:12 +0800][INFO] SELECT IF(COUNT(*)>0, 1 , 0) FROM `INFORMATION_SCHEMA`.`TABLES` WHERE `TABLE_NAME`='bingli_config_group'
[Thu, 23 Apr 15 17:08:12 +0800][INFO] DESCRIBE `bingli_config_group`
[Thu, 23 Apr 15 17:08:12 +0800][INFO] SELECT `bingli_config_group`.`id`, `bingli_config_group`.`name`, `bingli_config_group`.`title`, `bingli_config_group`.`sort_order`, `bingli_config_group`.`isshow`, `bingli_config_group`.`system` FROM `bingli_config_group`
[Thu, 23 Apr 15 17:08:12 +0800][INFO] SELECT IF(COUNT(*)>0, 1 , 0) FROM `INFORMATION_SCHEMA`.`TABLES` WHERE `TABLE_NAME`='bingli_config'
[Thu, 23 Apr 15 17:08:12 +0800][INFO] DESCRIBE `bingli_config`
[Thu, 23 Apr 15 17:08:12 +0800][INFO] SELECT `bingli_config`.`id`, `bingli_config`.`group_id`, `bingli_config`.`name`, `bingli_config`.`value`, `bingli_config`.`title` FROM `bingli_config` WHERE `bingli_config`.`group_id` = 1
[Thu, 23 Apr 15 17:08:12 +0800][INFO] SELECT `bingli_config`.`id`, `bingli_config`.`group_id`, `bingli_config`.`name`, `bingli_config`.`value`, `bingli_config`.`title` FROM `bingli_config` WHERE `bingli_config`.`group_id` = 2
[Thu, 23 Apr 15 17:08:19 +0800][INFO] SELECT IF(COUNT(*)>0, 1 , 0) FROM `INFORMATION_SCHEMA`.`TABLES` WHERE `TABLE_NAME`='bingli_config_group'
[Thu, 23 Apr 15 17:08:19 +0800][INFO] DESCRIBE `bingli_config_group`
[Thu, 23 Apr 15 17:08:19 +0800][INFO] SELECT `bingli_config_group`.`id`, `bingli_config_group`.`name`, `bingli_config_group`.`title`, `bingli_config_group`.`sort_order`, `bingli_config_group`.`isshow`, `bingli_config_group`.`system` FROM `bingli_config_group`
[Thu, 23 Apr 15 17:08:19 +0800][INFO] SELECT IF(COUNT(*)>0, 1 , 0) FROM `INFORMATION_SCHEMA`.`TABLES` WHERE `TABLE_NAME`='bingli_config'
[Thu, 23 Apr 15 17:08:19 +0800][INFO] DESCRIBE `bingli_config`
[Thu, 23 Apr 15 17:08:19 +0800][INFO] SELECT `bingli_config`.`id`, `bingli_config`.`group_id`, `bingli_config`.`name`, `bingli_config`.`value`, `bingli_config`.`title` FROM `bingli_config` WHERE `bingli_config`.`group_id` = 1
[Thu, 23 Apr 15 17:08:19 +0800][INFO] SELECT `bingli_config`.`id`, `bingli_config`.`group_id`, `bingli_config`.`name`, `bingli_config`.`value`, `bingli_config`.`title` FROM `bingli_config` WHERE `bingli_config`.`group_id` = 2
[Thu, 23 Apr 15 17:08:20 +0800][INFO] SELECT IF(COUNT(*)>0, 1 , 0) FROM `INFORMATION_SCHEMA`.`TABLES` WHERE `TABLE_NAME`='bingli_config_group'
[Thu, 23 Apr 15 17:08:20 +0800][INFO] DESCRIBE `bingli_config_group`
[Thu, 23 Apr 15 17:08:20 +0800][INFO] SELECT `bingli_config_group`.`id`, `bingli_config_group`.`name`, `bingli_config_group`.`title`, `bingli_config_group`.`sort_order`, `bingli_config_group`.`isshow`, `bingli_config_group`.`system` FROM `bingli_config_group`
[Thu, 23 Apr 15 17:08:20 +0800][INFO] SELECT IF(COUNT(*)>0, 1 , 0) FROM `INFORMATION_SCHEMA`.`TABLES` WHERE `TABLE_NAME`='bingli_config'
[Thu, 23 Apr 15 17:08:20 +0800][INFO] DESCRIBE `bingli_config`
[Thu, 23 Apr 15 17:08:20 +0800][INFO] SELECT `bingli_config`.`id`, `bingli_config`.`group_id`, `bingli_config`.`name`, `bingli_config`.`value`, `bingli_config`.`title` FROM `bingli_config` WHERE `bingli_config`.`group_id` = 1
[Thu, 23 Apr 15 17:08:20 +0800][INFO] SELECT `bingli_config`.`id`, `bingli_config`.`group_id`, `bingli_config`.`name`, `bingli_config`.`value`, `bingli_config`.`title` FROM `bingli_config` WHERE `bingli_config`.`group_id` = 2
[Thu, 23 Apr 15 17:08:20 +0800][INFO] SELECT IF(COUNT(*)>0, 1 , 0) FROM `INFORMATION_SCHEMA`.`TABLES` WHERE `TABLE_NAME`='bingli_config_group'
[Thu, 23 Apr 15 17:08:20 +0800][INFO] DESCRIBE `bingli_config_group`
[Thu, 23 Apr 15 17:08:20 +0800][INFO] SELECT `bingli_config_group`.`id`, `bingli_config_group`.`name`, `bingli_config_group`.`title`, `bingli_config_group`.`sort_order`, `bingli_config_group`.`isshow`, `bingli_config_group`.`system` FROM `bingli_config_group`
[Thu, 23 Apr 15 17:08:20 +0800][INFO] SELECT IF(COUNT(*)>0, 1 , 0) FROM `INFORMATION_SCHEMA`.`TABLES` WHERE `TABLE_NAME`='bingli_config'
[Thu, 23 Apr 15 17:08:20 +0800][INFO] DESCRIBE `bingli_config`
[Thu, 23 Apr 15 17:08:20 +0800][INFO] SELECT `bingli_config`.`id`, `bingli_config`.`group_id`, `bingli_config`.`name`, `bingli_config`.`value`, `bingli_config`.`title` FROM `bingli_config` WHERE `bingli_config`.`group_id` = 1
[Thu, 23 Apr 15 17:08:20 +0800][INFO] SELECT `bingli_config`.`id`, `bingli_config`.`group_id`, `bingli_config`.`name`, `bingli_config`.`value`, `bingli_config`.`title` FROM `bingli_config` WHERE `bingli_config`.`group_id` = 2
[Thu, 23 Apr 15 17:08:20 +0800][INFO] SELECT IF(COUNT(*)>0, 1 , 0) FROM `INFORMATION_SCHEMA`.`TABLES` WHERE `TABLE_NAME`='bingli_config_group'
[Thu, 23 Apr 15 17:08:20 +0800][INFO] DESCRIBE `bingli_config_group`
[Thu, 23 Apr 15 17:08:20 +0800][INFO] SELECT `bingli_config_group`.`id`, `bingli_config_group`.`name`, `bingli_config_group`.`title`, `bingli_config_group`.`sort_order`, `bingli_config_group`.`isshow`, `bingli_config_group`.`system` FROM `bingli_config_group`
[Thu, 23 Apr 15 17:08:20 +0800][INFO] SELECT IF(COUNT(*)>0, 1 , 0) FROM `INFORMATION_SCHEMA`.`TABLES` WHERE `TABLE_NAME`='bingli_config'
[Thu, 23 Apr 15 17:08:20 +0800][INFO] DESCRIBE `bingli_config`
[Thu, 23 Apr 15 17:08:20 +0800][INFO] SELECT `bingli_config`.`id`, `bingli_config`.`group_id`, `bingli_config`.`name`, `bingli_config`.`value`, `bingli_config`.`title` FROM `bingli_config` WHERE `bingli_config`.`group_id` = 1
[Thu, 23 Apr 15 17:08:20 +0800][INFO] SELECT `bingli_config`.`id`, `bingli_config`.`group_id`, `bingli_config`.`name`, `bingli_config`.`value`, `bingli_config`.`title` FROM `bingli_config` WHERE `bingli_config`.`group_id` = 2
[Thu, 23 Apr 15 17:08:21 +0800][INFO] SELECT IF(COUNT(*)>0, 1 , 0) FROM `INFORMATION_SCHEMA`.`TABLES` WHERE `TABLE_NAME`='bingli_config_group'
[Thu, 23 Apr 15 17:08:21 +0800][INFO] DESCRIBE `bingli_config_group`
[Thu, 23 Apr 15 17:08:21 +0800][INFO] SELECT `bingli_config_group`.`id`, `bingli_config_group`.`name`, `bingli_config_group`.`title`, `bingli_config_group`.`sort_order`, `bingli_config_group`.`isshow`, `bingli_config_group`.`system` FROM `bingli_config_group`
[Thu, 23 Apr 15 17:08:21 +0800][INFO] SELECT IF(COUNT(*)>0, 1 , 0) FROM `INFORMATION_SCHEMA`.`TABLES` WHERE `TABLE_NAME`='bingli_config'
[Thu, 23 Apr 15 17:08:21 +0800][INFO] DESCRIBE `bingli_config`
[Thu, 23 Apr 15 17:08:21 +0800][INFO] SELECT `bingli_config`.`id`, `bingli_config`.`group_id`, `bingli_config`.`name`, `bingli_config`.`value`, `bingli_config`.`title` FROM `bingli_config` WHERE `bingli_config`.`group_id` = 1
[Thu, 23 Apr 15 17:08:21 +0800][INFO] SELECT `bingli_config`.`id`, `bingli_config`.`group_id`, `bingli_config`.`name`, `bingli_config`.`value`, `bingli_config`.`title` FROM `bingli_config` WHERE `bingli_config`.`group_id` = 2
[Thu, 23 Apr 15 17:08:21 +0800][INFO] SELECT IF(COUNT(*)>0, 1 , 0) FROM `INFORMATION_SCHEMA`.`TABLES` WHERE `TABLE_NAME`='bingli_config_group'
[Thu, 23 Apr 15 17:08:21 +0800][INFO] DESCRIBE `bingli_config_group`
[Thu, 23 Apr 15 17:08:21 +0800][INFO] SELECT `bingli_config_group`.`id`, `bingli_config_group`.`name`, `bingli_config_group`.`title`, `bingli_config_group`.`sort_order`, `bingli_config_group`.`isshow`, `bingli_config_group`.`system` FROM `bingli_config_group`
[Thu, 23 Apr 15 17:08:21 +0800][INFO] SELECT IF(COUNT(*)>0, 1 , 0) FROM `INFORMATION_SCHEMA`.`TABLES` WHERE `TABLE_NAME`='bingli_config'
[Thu, 23 Apr 15 17:08:21 +0800][INFO] DESCRIBE `bingli_config`
[Thu, 23 Apr 15 17:08:21 +0800][INFO] SELECT `bingli_config`.`id`, `bingli_config`.`group_id`, `bingli_config`.`name`, `bingli_config`.`value`, `bingli_config`.`title` FROM `bingli_config` WHERE `bingli_config`.`group_id` = 1
[Thu, 23 Apr 15 17:08:21 +0800][INFO] SELECT `bingli_config`.`id`, `bingli_config`.`group_id`, `bingli_config`.`name`, `bingli_config`.`value`, `bingli_config`.`title` FROM `bingli_config` WHERE `bingli_config`.`group_id` = 2
[Thu, 23 Apr 15 17:10:50 +0800][INFO] SELECT IF(COUNT(*)>0, 1 , 0) FROM `INFORMATION_SCHEMA`.`TABLES` WHERE `TABLE_NAME`='bingli_config_group'
[Thu, 23 Apr 15 17:10:50 +0800][INFO] DESCRIBE `bingli_config_group`
[Thu, 23 Apr 15 17:10:50 +0800][INFO] SELECT `bingli_config_group`.`id`, `bingli_config_group`.`name`, `bingli_config_group`.`title`, `bingli_config_group`.`sort_order`, `bingli_config_group`.`isshow`, `bingli_config_group`.`system` FROM `bingli_config_group`
[Thu, 23 Apr 15 17:10:50 +0800][INFO] SELECT IF(COUNT(*)>0, 1 , 0) FROM `INFORMATION_SCHEMA`.`TABLES` WHERE `TABLE_NAME`='bingli_config'
[Thu, 23 Apr 15 17:10:50 +0800][INFO] DESCRIBE `bingli_config`
[Thu, 23 Apr 15 17:10:50 +0800][INFO] SELECT `bingli_config`.`id`, `bingli_config`.`group_id`, `bingli_config`.`name`, `bingli_config`.`value`, `bingli_config`.`title` FROM `bingli_config` WHERE `bingli_config`.`group_id` = 1
[Thu, 23 Apr 15 17:10:50 +0800][INFO] SELECT `bingli_config`.`id`, `bingli_config`.`group_id`, `bingli_config`.`name`, `bingli_config`.`value`, `bingli_config`.`title` FROM `bingli_config` WHERE `bingli_config`.`group_id` = 2
[Thu, 23 Apr 15 17:14:49 +0800][INFO] SELECT IF(COUNT(*)>0, 1 , 0) FROM `INFORMATION_SCHEMA`.`TABLES` WHERE `TABLE_NAME`='bingli_config_group'
[Thu, 23 Apr 15 17:14:49 +0800][INFO] DESCRIBE `bingli_config_group`
[Thu, 23 Apr 15 17:14:49 +0800][INFO] SELECT `bingli_config_group`.`id`, `bingli_config_group`.`name`, `bingli_config_group`.`title`, `bingli_config_group`.`sort_order`, `bingli_config_group`.`isshow`, `bingli_config_group`.`system` FROM `bingli_config_group`
[Thu, 23 Apr 15 17:14:49 +0800][INFO] SELECT IF(COUNT(*)>0, 1 , 0) FROM `INFORMATION_SCHEMA`.`TABLES` WHERE `TABLE_NAME`='bingli_config'
[Thu, 23 Apr 15 17:14:49 +0800][INFO] DESCRIBE `bingli_config`
[Thu, 23 Apr 15 17:14:49 +0800][INFO] SELECT `bingli_config`.`id`, `bingli_config`.`group_id`, `bingli_config`.`name`, `bingli_config`.`value`, `bingli_config`.`title` FROM `bingli_config` WHERE `bingli_config`.`group_id` = 1
[Thu, 23 Apr 15 17:14:49 +0800][INFO] SELECT `bingli_config`.`id`, `bingli_config`.`group_id`, `bingli_config`.`name`, `bingli_config`.`value`, `bingli_config`.`title` FROM `bingli_config` WHERE `bingli_config`.`group_id` = 2
[Thu, 23 Apr 15 17:14:51 +0800][INFO] SELECT IF(COUNT(*)>0, 1 , 0) FROM `INFORMATION_SCHEMA`.`TABLES` WHERE `TABLE_NAME`='bingli_config_group'
[Thu, 23 Apr 15 17:14:51 +0800][INFO] DESCRIBE `bingli_config_group`
[Thu, 23 Apr 15 17:14:51 +0800][INFO] SELECT `bingli_config_group`.`id`, `bingli_config_group`.`name`, `bingli_config_group`.`title`, `bingli_config_group`.`sort_order`, `bingli_config_group`.`isshow`, `bingli_config_group`.`system` FROM `bingli_config_group`
[Thu, 23 Apr 15 17:14:51 +0800][INFO] SELECT IF(COUNT(*)>0, 1 , 0) FROM `INFORMATION_SCHEMA`.`TABLES` WHERE `TABLE_NAME`='bingli_config'
[Thu, 23 Apr 15 17:14:51 +0800][INFO] DESCRIBE `bingli_config`
[Thu, 23 Apr 15 17:14:51 +0800][INFO] SELECT `bingli_config`.`id`, `bingli_config`.`group_id`, `bingli_config`.`name`, `bingli_config`.`value`, `bingli_config`.`title` FROM `bingli_config` WHERE `bingli_config`.`group_id` = 1
[Thu, 23 Apr 15 17:14:51 +0800][INFO] SELECT `bingli_config`.`id`, `bingli_config`.`group_id`, `bingli_config`.`name`, `bingli_config`.`value`, `bingli_config`.`title` FROM `bingli_config` WHERE `bingli_config`.`group_id` = 2
[Thu, 23 Apr 15 17:20:47 +0800][INFO] SELECT IF(COUNT(*)>0, 1 , 0) FROM `INFORMATION_SCHEMA`.`TABLES` WHERE `TABLE_NAME`='bingli_config_group'
[Thu, 23 Apr 15 17:20:47 +0800][INFO] DESCRIBE `bingli_config_group`
[Thu, 23 Apr 15 17:20:47 +0800][INFO] SELECT `bingli_config_group`.`id`, `bingli_config_group`.`name`, `bingli_config_group`.`title`, `bingli_config_group`.`sort_order`, `bingli_config_group`.`isshow`, `bingli_config_group`.`system` FROM `bingli_config_group`
[Thu, 23 Apr 15 17:20:47 +0800][INFO] SELECT IF(COUNT(*)>0, 1 , 0) FROM `INFORMATION_SCHEMA`.`TABLES` WHERE `TABLE_NAME`='bingli_config'
[Thu, 23 Apr 15 17:20:47 +0800][INFO] DESCRIBE `bingli_config`
[Thu, 23 Apr 15 17:20:47 +0800][INFO] SELECT `bingli_config`.`id`, `bingli_config`.`group_id`, `bingli_config`.`name`, `bingli_config`.`value`, `bingli_config`.`title` FROM `bingli_config` WHERE `bingli_config`.`group_id` = 1
[Thu, 23 Apr 15 17:20:47 +0800][INFO] SELECT `bingli_config`.`id`, `bingli_config`.`group_id`, `bingli_config`.`name`, `bingli_config`.`value`, `bingli_config`.`title` FROM `bingli_config` WHERE `bingli_config`.`group_id` = 2
[Thu, 23 Apr 15 17:35:36 +0800][INFO] SELECT IF(COUNT(*)>0, 1 , 0) FROM `INFORMATION_SCHEMA`.`TABLES` WHERE `TABLE_NAME`='bingli_config_group'
[Thu, 23 Apr 15 17:35:36 +0800][INFO] DESCRIBE `bingli_config_group`
[Thu, 23 Apr 15 17:35:36 +0800][INFO] SELECT `bingli_config_group`.`id`, `bingli_config_group`.`name`, `bingli_config_group`.`title`, `bingli_config_group`.`sort_order`, `bingli_config_group`.`isshow`, `bingli_config_group`.`system` FROM `bingli_config_group`
[Thu, 23 Apr 15 17:35:36 +0800][INFO] SELECT IF(COUNT(*)>0, 1 , 0) FROM `INFORMATION_SCHEMA`.`TABLES` WHERE `TABLE_NAME`='bingli_config'
[Thu, 23 Apr 15 17:35:36 +0800][INFO] DESCRIBE `bingli_config`
[Thu, 23 Apr 15 17:35:36 +0800][INFO] SELECT `bingli_config`.`id`, `bingli_config`.`group_id`, `bingli_config`.`name`, `bingli_config`.`value`, `bingli_config`.`title` FROM `bingli_config` WHERE `bingli_config`.`group_id` = 1
[Thu, 23 Apr 15 17:35:36 +0800][INFO] SELECT `bingli_config`.`id`, `bingli_config`.`group_id`, `bingli_config`.`name`, `bingli_config`.`value`, `bingli_config`.`title` FROM `bingli_config` WHERE `bingli_config`.`group_id` = 2
[Thu, 23 Apr 15 17:35:37 +0800][INFO] SELECT IF(COUNT(*)>0, 1 , 0) FROM `INFORMATION_SCHEMA`.`TABLES` WHERE `TABLE_NAME`='bingli_config_group'
[Thu, 23 Apr 15 17:35:37 +0800][INFO] DESCRIBE `bingli_config_group`
[Thu, 23 Apr 15 17:35:37 +0800][INFO] SELECT `bingli_config_group`.`id`, `bingli_config_group`.`name`, `bingli_config_group`.`title`, `bingli_config_group`.`sort_order`, `bingli_config_group`.`isshow`, `bingli_config_group`.`system` FROM `bingli_config_group`
[Thu, 23 Apr 15 17:35:37 +0800][INFO] SELECT IF(COUNT(*)>0, 1 , 0) FROM `INFORMATION_SCHEMA`.`TABLES` WHERE `TABLE_NAME`='bingli_config'
[Thu, 23 Apr 15 17:35:37 +0800][INFO] DESCRIBE `bingli_config`
[Thu, 23 Apr 15 17:35:37 +0800][INFO] SELECT `bingli_config`.`id`, `bingli_config`.`group_id`, `bingli_config`.`name`, `bingli_config`.`value`, `bingli_config`.`title` FROM `bingli_config` WHERE `bingli_config`.`group_id` = 1
[Thu, 23 Apr 15 17:35:37 +0800][INFO] SELECT `bingli_config`.`id`, `bingli_config`.`group_id`, `bingli_config`.`name`, `bingli_config`.`value`, `bingli_config`.`title` FROM `bingli_config` WHERE `bingli_config`.`group_id` = 2
[Thu, 23 Apr 15 17:35:38 +0800][INFO] SELECT IF(COUNT(*)>0, 1 , 0) FROM `INFORMATION_SCHEMA`.`TABLES` WHERE `TABLE_NAME`='bingli_config_group'
[Thu, 23 Apr 15 17:35:38 +0800][INFO] DESCRIBE `bingli_config_group`
[Thu, 23 Apr 15 17:35:38 +0800][INFO] SELECT `bingli_config_group`.`id`, `bingli_config_group`.`name`, `bingli_config_group`.`title`, `bingli_config_group`.`sort_order`, `bingli_config_group`.`isshow`, `bingli_config_group`.`system` FROM `bingli_config_group`
[Thu, 23 Apr 15 17:35:38 +0800][INFO] SELECT IF(COUNT(*)>0, 1 , 0) FROM `INFORMATION_SCHEMA`.`TABLES` WHERE `TABLE_NAME`='bingli_config'
[Thu, 23 Apr 15 17:35:38 +0800][INFO] DESCRIBE `bingli_config`
[Thu, 23 Apr 15 17:35:38 +0800][INFO] SELECT `bingli_config`.`id`, `bingli_config`.`group_id`, `bingli_config`.`name`, `bingli_config`.`value`, `bingli_config`.`title` FROM `bingli_config` WHERE `bingli_config`.`group_id` = 1
[Thu, 23 Apr 15 17:35:38 +0800][INFO] SELECT `bingli_config`.`id`, `bingli_config`.`group_id`, `bingli_config`.`name`, `bingli_config`.`value`, `bingli_config`.`title` FROM `bingli_config` WHERE `bingli_config`.`group_id` = 2
[Thu, 23 Apr 15 17:35:38 +0800][INFO] SELECT IF(COUNT(*)>0, 1 , 0) FROM `INFORMATION_SCHEMA`.`TABLES` WHERE `TABLE_NAME`='bingli_config_group'
[Thu, 23 Apr 15 17:35:38 +0800][INFO] DESCRIBE `bingli_config_group`
[Thu, 23 Apr 15 17:35:38 +0800][INFO] SELECT `bingli_config_group`.`id`, `bingli_config_group`.`name`, `bingli_config_group`.`title`, `bingli_config_group`.`sort_order`, `bingli_config_group`.`isshow`, `bingli_config_group`.`system` FROM `bingli_config_group`
[Thu, 23 Apr 15 17:35:38 +0800][INFO] SELECT IF(COUNT(*)>0, 1 , 0) FROM `INFORMATION_SCHEMA`.`TABLES` WHERE `TABLE_NAME`='bingli_config'
[Thu, 23 Apr 15 17:35:38 +0800][INFO] DESCRIBE `bingli_config`
[Thu, 23 Apr 15 17:35:38 +0800][INFO] SELECT `bingli_config`.`id`, `bingli_config`.`group_id`, `bingli_config`.`name`, `bingli_config`.`value`, `bingli_config`.`title` FROM `bingli_config` WHERE `bingli_config`.`group_id` = 1
[Thu, 23 Apr 15 17:35:38 +0800][INFO] SELECT `bingli_config`.`id`, `bingli_config`.`group_id`, `bingli_config`.`name`, `bingli_config`.`value`, `bingli_config`.`title` FROM `bingli_config` WHERE `bingli_config`.`group_id` = 2
[Thu, 23 Apr 15 17:35:48 +0800][INFO] SELECT IF(COUNT(*)>0, 1 , 0) FROM `INFORMATION_SCHEMA`.`TABLES` WHERE `TABLE_NAME`='bingli_config_group'
[Thu, 23 Apr 15 17:35:48 +0800][INFO] DESCRIBE `bingli_config_group`
[Thu, 23 Apr 15 17:35:48 +0800][INFO] SELECT `bingli_config_group`.`id`, `bingli_config_group`.`name`, `bingli_config_group`.`title`, `bingli_config_group`.`sort_order`, `bingli_config_group`.`isshow`, `bingli_config_group`.`system` FROM `bingli_config_group`
[Thu, 23 Apr 15 17:35:48 +0800][INFO] SELECT IF(COUNT(*)>0, 1 , 0) FROM `INFORMATION_SCHEMA`.`TABLES` WHERE `TABLE_NAME`='bingli_config'
[Thu, 23 Apr 15 17:35:48 +0800][INFO] DESCRIBE `bingli_config`
[Thu, 23 Apr 15 17:35:48 +0800][INFO] SELECT `bingli_config`.`id`, `bingli_config`.`group_id`, `bingli_config`.`name`, `bingli_config`.`value`, `bingli_config`.`title` FROM `bingli_config` WHERE `bingli_config`.`group_id` = 1
[Thu, 23 Apr 15 17:35:48 +0800][INFO] SELECT `bingli_config`.`id`, `bingli_config`.`group_id`, `bingli_config`.`name`, `bingli_config`.`value`, `bingli_config`.`title` FROM `bingli_config` WHERE `bingli_config`.`group_id` = 2
[Thu, 23 Apr 15 17:35:54 +0800][INFO] SELECT IF(COUNT(*)>0, 1 , 0) FROM `INFORMATION_SCHEMA`.`TABLES` WHERE `TABLE_NAME`='bingli_config_group'
[Thu, 23 Apr 15 17:35:54 +0800][INFO] DESCRIBE `bingli_config_group`
[Thu, 23 Apr 15 17:35:54 +0800][INFO] SELECT `bingli_config_group`.`id`, `bingli_config_group`.`name`, `bingli_config_group`.`title`, `bingli_config_group`.`sort_order`, `bingli_config_group`.`isshow`, `bingli_config_group`.`system` FROM `bingli_config_group`
[Thu, 23 Apr 15 17:35:54 +0800][INFO] SELECT IF(COUNT(*)>0, 1 , 0) FROM `INFORMATION_SCHEMA`.`TABLES` WHERE `TABLE_NAME`='bingli_config'
[Thu, 23 Apr 15 17:35:54 +0800][INFO] DESCRIBE `bingli_config`
[Thu, 23 Apr 15 17:35:54 +0800][INFO] SELECT `bingli_config`.`id`, `bingli_config`.`group_id`, `bingli_config`.`name`, `bingli_config`.`value`, `bingli_config`.`title` FROM `bingli_config` WHERE `bingli_config`.`group_id` = 1
[Thu, 23 Apr 15 17:35:54 +0800][INFO] SELECT `bingli_config`.`id`, `bingli_config`.`group_id`, `bingli_config`.`name`, `bingli_config`.`value`, `bingli_config`.`title` FROM `bingli_config` WHERE `bingli_config`.`group_id` = 2
[Thu, 23 Apr 15 17:38:12 +0800][INFO] SELECT IF(COUNT(*)>0, 1 , 0) FROM `INFORMATION_SCHEMA`.`TABLES` WHERE `TABLE_NAME`='bingli_config_group'
[Thu, 23 Apr 15 17:38:12 +0800][INFO] DESCRIBE `bingli_config_group`
[Thu, 23 Apr 15 17:38:12 +0800][INFO] SELECT `bingli_config_group`.`id`, `bingli_config_group`.`name`, `bingli_config_group`.`title`, `bingli_config_group`.`sort_order`, `bingli_config_group`.`isshow`, `bingli_config_group`.`system` FROM `bingli_config_group`
[Thu, 23 Apr 15 17:38:12 +0800][INFO] SELECT IF(COUNT(*)>0, 1 , 0) FROM `INFORMATION_SCHEMA`.`TABLES` WHERE `TABLE_NAME`='bingli_config'
[Thu, 23 Apr 15 17:38:12 +0800][INFO] DESCRIBE `bingli_config`
[Thu, 23 Apr 15 17:38:12 +0800][INFO] SELECT `bingli_config`.`id`, `bingli_config`.`group_id`, `bingli_config`.`name`, `bingli_config`.`value`, `bingli_config`.`title` FROM `bingli_config` WHERE `bingli_config`.`group_id` = 1
[Thu, 23 Apr 15 17:38:12 +0800][INFO] SELECT `bingli_config`.`id`, `bingli_config`.`group_id`, `bingli_config`.`name`, `bingli_config`.`value`, `bingli_config`.`title` FROM `bingli_config` WHERE `bingli_config`.`group_id` = 2
[Thu, 23 Apr 15 17:38:13 +0800][INFO] SELECT IF(COUNT(*)>0, 1 , 0) FROM `INFORMATION_SCHEMA`.`TABLES` WHERE `TABLE_NAME`='bingli_config_group'
[Thu, 23 Apr 15 17:38:13 +0800][INFO] DESCRIBE `bingli_config_group`
[Thu, 23 Apr 15 17:38:13 +0800][INFO] SELECT `bingli_config_group`.`id`, `bingli_config_group`.`name`, `bingli_config_group`.`title`, `bingli_config_group`.`sort_order`, `bingli_config_group`.`isshow`, `bingli_config_group`.`system` FROM `bingli_config_group`
[Thu, 23 Apr 15 17:38:13 +0800][INFO] SELECT IF(COUNT(*)>0, 1 , 0) FROM `INFORMATION_SCHEMA`.`TABLES` WHERE `TABLE_NAME`='bingli_config'
[Thu, 23 Apr 15 17:38:13 +0800][INFO] DESCRIBE `bingli_config`
[Thu, 23 Apr 15 17:38:13 +0800][INFO] SELECT `bingli_config`.`id`, `bingli_config`.`group_id`, `bingli_config`.`name`, `bingli_config`.`value`, `bingli_config`.`title` FROM `bingli_config` WHERE `bingli_config`.`group_id` = 1
[Thu, 23 Apr 15 17:38:13 +0800][INFO] SELECT `bingli_config`.`id`, `bingli_config`.`group_id`, `bingli_config`.`name`, `bingli_config`.`value`, `bingli_config`.`title` FROM `bingli_config` WHERE `bingli_config`.`group_id` = 2
[Thu, 23 Apr 15 17:38:28 +0800][INFO] SELECT IF(COUNT(*)>0, 1 , 0) FROM `INFORMATION_SCHEMA`.`TABLES` WHERE `TABLE_NAME`='bingli_config_group'
[Thu, 23 Apr 15 17:38:28 +0800][INFO] DESCRIBE `bingli_config_group`
[Thu, 23 Apr 15 17:38:28 +0800][INFO] SELECT `bingli_config_group`.`id`, `bingli_config_group`.`name`, `bingli_config_group`.`title`, `bingli_config_group`.`sort_order`, `bingli_config_group`.`isshow`, `bingli_config_group`.`system` FROM `bingli_config_group`
[Thu, 23 Apr 15 17:38:28 +0800][INFO] SELECT IF(COUNT(*)>0, 1 , 0) FROM `INFORMATION_SCHEMA`.`TABLES` WHERE `TABLE_NAME`='bingli_config'
[Thu, 23 Apr 15 17:38:28 +0800][INFO] DESCRIBE `bingli_config`
[Thu, 23 Apr 15 17:38:28 +0800][INFO] SELECT `bingli_config`.`id`, `bingli_config`.`group_id`, `bingli_config`.`name`, `bingli_config`.`value`, `bingli_config`.`title` FROM `bingli_config` WHERE `bingli_config`.`group_id` = 1
[Thu, 23 Apr 15 17:38:28 +0800][INFO] SELECT `bingli_config`.`id`, `bingli_config`.`group_id`, `bingli_config`.`name`, `bingli_config`.`value`, `bingli_config`.`title` FROM `bingli_config` WHERE `bingli_config`.`group_id` = 2
[Thu, 23 Apr 15 17:38:36 +0800][INFO] SELECT IF(COUNT(*)>0, 1 , 0) FROM `INFORMATION_SCHEMA`.`TABLES` WHERE `TABLE_NAME`='bingli_config_group'
[Thu, 23 Apr 15 17:38:36 +0800][INFO] DESCRIBE `bingli_config_group`
[Thu, 23 Apr 15 17:38:36 +0800][INFO] SELECT `bingli_config_group`.`id`, `bingli_config_group`.`name`, `bingli_config_group`.`title`, `bingli_config_group`.`sort_order`, `bingli_config_group`.`isshow`, `bingli_config_group`.`system` FROM `bingli_config_group`
[Thu, 23 Apr 15 17:38:36 +0800][INFO] SELECT IF(COUNT(*)>0, 1 , 0) FROM `INFORMATION_SCHEMA`.`TABLES` WHERE `TABLE_NAME`='bingli_config'
[Thu, 23 Apr 15 17:38:36 +0800][INFO] DESCRIBE `bingli_config`
[Thu, 23 Apr 15 17:38:36 +0800][INFO] SELECT `bingli_config`.`id`, `bingli_config`.`group_id`, `bingli_config`.`name`, `bingli_config`.`value`, `bingli_config`.`title` FROM `bingli_config` WHERE `bingli_config`.`group_id` = 1
[Thu, 23 Apr 15 17:38:36 +0800][INFO] SELECT `bingli_config`.`id`, `bingli_config`.`group_id`, `bingli_config`.`name`, `bingli_config`.`value`, `bingli_config`.`title` FROM `bingli_config` WHERE `bingli_config`.`group_id` = 2
[Thu, 23 Apr 15 17:39:39 +0800][INFO] SELECT IF(COUNT(*)>0, 1 , 0) FROM `INFORMATION_SCHEMA`.`TABLES` WHERE `TABLE_NAME`='bingli_config_group'
[Thu, 23 Apr 15 17:39:39 +0800][INFO] DESCRIBE `bingli_config_group`
[Thu, 23 Apr 15 17:39:39 +0800][INFO] SELECT `bingli_config_group`.`id`, `bingli_config_group`.`name`, `bingli_config_group`.`title`, `bingli_config_group`.`sort_order`, `bingli_config_group`.`isshow`, `bingli_config_group`.`system` FROM `bingli_config_group`
[Thu, 23 Apr 15 17:39:39 +0800][INFO] SELECT IF(COUNT(*)>0, 1 , 0) FROM `INFORMATION_SCHEMA`.`TABLES` WHERE `TABLE_NAME`='bingli_config'
[Thu, 23 Apr 15 17:39:39 +0800][INFO] DESCRIBE `bingli_config`
[Thu, 23 Apr 15 17:39:39 +0800][INFO] SELECT `bingli_config`.`id`, `bingli_config`.`group_id`, `bingli_config`.`name`, `bingli_config`.`value`, `bingli_config`.`title` FROM `bingli_config` WHERE `bingli_config`.`group_id` = 1
[Thu, 23 Apr 15 17:39:39 +0800][INFO] SELECT `bingli_config`.`id`, `bingli_config`.`group_id`, `bingli_config`.`name`, `bingli_config`.`value`, `bingli_config`.`title` FROM `bingli_config` WHERE `bingli_config`.`group_id` = 2
[Thu, 23 Apr 15 17:40:08 +0800][INFO] SELECT IF(COUNT(*)>0, 1 , 0) FROM `INFORMATION_SCHEMA`.`TABLES` WHERE `TABLE_NAME`='bingli_config_group'
[Thu, 23 Apr 15 17:40:08 +0800][INFO] DESCRIBE `bingli_config_group`
[Thu, 23 Apr 15 17:40:08 +0800][INFO] SELECT `bingli_config_group`.`id`, `bingli_config_group`.`name`, `bingli_config_group`.`title`, `bingli_config_group`.`sort_order`, `bingli_config_group`.`isshow`, `bingli_config_group`.`system` FROM `bingli_config_group`
[Thu, 23 Apr 15 17:40:08 +0800][INFO] SELECT IF(COUNT(*)>0, 1 , 0) FROM `INFORMATION_SCHEMA`.`TABLES` WHERE `TABLE_NAME`='bingli_config'
[Thu, 23 Apr 15 17:40:08 +0800][INFO] DESCRIBE `bingli_config`
[Thu, 23 Apr 15 17:40:08 +0800][INFO] SELECT `bingli_config`.`id`, `bingli_config`.`group_id`, `bingli_config`.`name`, `bingli_config`.`value`, `bingli_config`.`title` FROM `bingli_config` WHERE `bingli_config`.`group_id` = 1
[Thu, 23 Apr 15 17:40:08 +0800][INFO] SELECT `bingli_config`.`id`, `bingli_config`.`group_id`, `bingli_config`.`name`, `bingli_config`.`value`, `bingli_config`.`title` FROM `bingli_config` WHERE `bingli_config`.`group_id` = 2
